#
# There is insufficient memory for the Java Runtime Environment to continue.
# Native memory allocation (malloc) failed to allocate 401776 bytes for Chunk::new
# Possible reasons:
#   The system is out of physical RAM or swap space
#   The process is running with CompressedOops enabled, and the Java Heap may be blocking the growth of the native heap
# Possible solutions:
#   Reduce memory load on the system
#   Increase physical memory or swap space
#   Check if swap backing store is full
#   Decrease Java heap size (-Xmx/-Xms)
#   Decrease number of Java threads
#   Decrease Java thread stack sizes (-Xss)
#   Set larger code cache with -XX:ReservedCodeCacheSize=
#   JVM is running with Unscaled Compressed Oops mode in which the Java heap is
#     placed in the first 4GB address space. The Java Heap base address is the
#     maximum limit for the native heap growth. Please use -XX:HeapBaseMinAddress
#     to set the Java Heap base and to place the Java Heap above 4GB virtual address.
# This output file may be truncated or incomplete.
#
#  Out of Memory Error (arena.cpp:189), pid=912, tid=4200
#
# JRE version: OpenJDK Runtime Environment (17.0.6) (build 17.0.6+0-b2043.56-10027231)
# Java VM: OpenJDK 64-Bit Server VM (17.0.6+0-b2043.56-10027231, mixed mode, tiered, compressed oops, compressed class ptrs, g1 gc, windows-amd64)
# No core dump will be written. Minidumps are not enabled by default on client versions of Windows
#

---------------  S U M M A R Y ------------

Command Line: --add-opens=java.base/java.util=ALL-UNNAMED --add-opens=java.base/java.lang=ALL-UNNAMED --add-opens=java.base/java.lang.invoke=ALL-UNNAMED --add-opens=java.base/java.util=ALL-UNNAMED --add-opens=java.prefs/java.util.prefs=ALL-UNNAMED --add-opens=java.prefs/java.util.prefs=ALL-UNNAMED --add-opens=java.base/java.nio.charset=ALL-UNNAMED --add-opens=java.base/java.net=ALL-UNNAMED --add-opens=java.base/java.util.concurrent.atomic=ALL-UNNAMED -Xmx1536M -Dfile.encoding=windows-1252 -Duser.country=BR -Duser.language=pt -Duser.variant org.gradle.launcher.daemon.bootstrap.GradleDaemon 7.5

Host: Intel(R) Core(TM) i3-10100F CPU @ 3.60GHz, 8 cores, 7G,  Windows 11 , 64 bit Build 22000 (10.0.22000.2360)
Time: Sat Dec 16 11:41:19 2023 Hora oficial do Brasil elapsed time: 57.340966 seconds (0d 0h 0m 57s)

---------------  T H R E A D  ---------------

Current thread (0x000001f7fd023ca0):  JavaThread "C2 CompilerThread0" daemon [_thread_in_native, id=4200, stack(0x000000b3c4800000,0x000000b3c4900000)]


Current CompileTask:
C2:  57341 12469       4       java.lang.reflect.AccessibleObject::checkCanSetAccessible (368 bytes)

Stack: [0x000000b3c4800000,0x000000b3c4900000]
Native frames: (J=compiled Java code, j=interpreted, Vv=VM code, C=native code)
V  [jvm.dll+0x683c9a]
V  [jvm.dll+0x8427a4]
V  [jvm.dll+0x843f9e]
V  [jvm.dll+0x844603]
V  [jvm.dll+0x249b75]
V  [jvm.dll+0xabcac]
V  [jvm.dll+0xac27c]
V  [jvm.dll+0x2b0eef]
V  [jvm.dll+0x58a267]
V  [jvm.dll+0x2243b2]
V  [jvm.dll+0x21d8bf]
V  [jvm.dll+0x21b51b]
V  [jvm.dll+0x1a4fdd]
V  [jvm.dll+0x22b098]
V  [jvm.dll+0x229159]
V  [jvm.dll+0x7f81ec]
V  [jvm.dll+0x7f274a]
V  [jvm.dll+0x682ad5]
C  [ucrtbase.dll+0x26c0c]
C  [KERNEL32.DLL+0x153e0]
C  [ntdll.dll+0x485b]


---------------  P R O C E S S  ---------------

Threads class SMR info:
_java_thread_list=0x000001f7892a8e60, length=138, elements={
0x000001f7e3afd500, 0x000001f7fc66e010, 0x000001f7fc670e90, 0x000001f7fc681f80,
0x000001f7fc6829a0, 0x000001f7fc6834b0, 0x000001f7fd023000, 0x000001f7fd023ca0,
0x000001f7fd025e00, 0x000001f7fc68d9c0, 0x000001f7fd19ab60, 0x000001f7fd19f450,
0x000001f780078920, 0x000001f7800dbeb0, 0x000001f7801ad430, 0x000001f7801b0230,
0x000001f780051a70, 0x000001f7803083b0, 0x000001f78030a560, 0x000001f780309220,
0x000001f780307540, 0x000001f780307ee0, 0x000001f780309bc0, 0x000001f780308880,
0x000001f78030a090, 0x000001f780308d50, 0x000001f7803096f0, 0x000001f78030aa30,
0x000001f780307a10, 0x000001f780307070, 0x000001f781c88540, 0x000001f781c859f0,
0x000001f781c88a10, 0x000001f781c88ee0, 0x000001f781c86860, 0x000001f781c87ba0,
0x000001f781c85ec0, 0x000001f781c8a220, 0x000001f781c8abc0, 0x000001f781c88070,
0x000001f781c84b80, 0x000001f781c8a6f0, 0x000001f781c83370, 0x000001f781c83d10,
0x000001f781c86d30, 0x000001f781c83840, 0x000001f781c87200, 0x000001f781c841e0,
0x000001f781c846b0, 0x000001f781c85520, 0x000001f783c518e0, 0x000001f783c530f0,
0x000001f783c505a0, 0x000001f783c535c0, 0x000001f783c50a70, 0x000001f783c53a90,
0x000001f783c52c20, 0x000001f783c50f40, 0x000001f783c51db0, 0x000001f783c52280,
0x000001f783c500d0, 0x000001f783c52750, 0x000001f783c51410, 0x000001f7822096b0,
0x000001f782209b80, 0x000001f78220b390, 0x000001f78220c200, 0x000001f78220bd30,
0x000001f782207ea0, 0x000001f78220aec0, 0x000001f782205820, 0x000001f7822079d0,
0x000001f78220c6d0, 0x000001f78220a9f0, 0x000001f7822061c0, 0x000001f7822091e0,
0x000001f782208370, 0x000001f78220b860, 0x000001f782207030, 0x000001f782204e80,
0x000001f78220a050, 0x000001f78220a520, 0x000001f782207500, 0x000001f782205350,
0x000001f782208840, 0x000001f782206690, 0x000001f782205cf0, 0x000001f782206b60,
0x000001f782208d10, 0x000001f7843345a0, 0x000001f784335410, 0x000001f784334f40,
0x000001f78433a110, 0x000001f784337a90, 0x000001f7843392a0, 0x000001f78433af80,
0x000001f784335db0, 0x000001f78433b450, 0x000001f7843358e0, 0x000001f784338900,
0x000001f78433a5e0, 0x000001f78433b920, 0x000001f784336280, 0x000001f7843370f0,
0x000001f78433aab0, 0x000001f784334a70, 0x000001f784336c20, 0x000001f784336750,
0x000001f784338430, 0x000001f7843375c0, 0x000001f7843340d0, 0x000001f784339c40,
0x000001f784338dd0, 0x000001f784337f60, 0x000001f784339770, 0x000001f7fe2866d0,
0x000001f7fe287070, 0x000001f7fe282370, 0x000001f7fe2849f0, 0x000001f7fe2836b0,
0x000001f7fe281ea0, 0x000001f7fe285390, 0x000001f7fe282840, 0x000001f7fe285860,
0x000001f7fe285d30, 0x000001f7fe284520, 0x000001f7fde9b070, 0x000001f7fde9b540,
0x000001f7fde9a200, 0x000001f7fde99390, 0x000001f7fde9aba0, 0x000001f7fde9ea30,
0x000001f7fde9fd70, 0x000001f7fde9ba10, 0x000001f7fdea0be0, 0x000001f7fde99d30,
0x000001f7fde9f3d0, 0x000001f7fde9bee0
}

Java Threads: ( => current thread )
  0x000001f7e3afd500 JavaThread "main" [_thread_blocked, id=15940, stack(0x000000b3c3b00000,0x000000b3c3c00000)]
  0x000001f7fc66e010 JavaThread "Reference Handler" daemon [_thread_blocked, id=7120, stack(0x000000b3c4200000,0x000000b3c4300000)]
  0x000001f7fc670e90 JavaThread "Finalizer" daemon [_thread_blocked, id=8572, stack(0x000000b3c4300000,0x000000b3c4400000)]
  0x000001f7fc681f80 JavaThread "Signal Dispatcher" daemon [_thread_blocked, id=10004, stack(0x000000b3c4400000,0x000000b3c4500000)]
  0x000001f7fc6829a0 JavaThread "Attach Listener" daemon [_thread_blocked, id=11288, stack(0x000000b3c4500000,0x000000b3c4600000)]
  0x000001f7fc6834b0 JavaThread "Service Thread" daemon [_thread_blocked, id=10972, stack(0x000000b3c4600000,0x000000b3c4700000)]
  0x000001f7fd023000 JavaThread "Monitor Deflation Thread" daemon [_thread_blocked, id=7156, stack(0x000000b3c4700000,0x000000b3c4800000)]
=>0x000001f7fd023ca0 JavaThread "C2 CompilerThread0" daemon [_thread_in_native, id=4200, stack(0x000000b3c4800000,0x000000b3c4900000)]
  0x000001f7fd025e00 JavaThread "C1 CompilerThread0" daemon [_thread_blocked, id=8932, stack(0x000000b3c4900000,0x000000b3c4a00000)]
  0x000001f7fc68d9c0 JavaThread "Sweeper thread" daemon [_thread_blocked, id=13260, stack(0x000000b3c4a00000,0x000000b3c4b00000)]
  0x000001f7fd19ab60 JavaThread "Common-Cleaner" daemon [_thread_blocked, id=11828, stack(0x000000b3c4b00000,0x000000b3c4c00000)]
  0x000001f7fd19f450 JavaThread "Notification Thread" daemon [_thread_blocked, id=8492, stack(0x000000b3c4c00000,0x000000b3c4d00000)]
  0x000001f780078920 JavaThread "Daemon health stats" [_thread_blocked, id=13508, stack(0x000000b3c5200000,0x000000b3c5300000)]
  0x000001f7800dbeb0 JavaThread "Incoming local TCP Connector on port 50271" [_thread_in_native, id=7560, stack(0x000000b3c5300000,0x000000b3c5400000)]
  0x000001f7801ad430 JavaThread "Daemon periodic checks" [_thread_blocked, id=16284, stack(0x000000b3c5400000,0x000000b3c5500000)]
  0x000001f7801b0230 JavaThread "Daemon" [_thread_blocked, id=4244, stack(0x000000b3c5500000,0x000000b3c5600000)]
  0x000001f780051a70 JavaThread "Handler for socket connection from /127.0.0.1:50271 to /127.0.0.1:50272" [_thread_in_native, id=14040, stack(0x000000b3c5600000,0x000000b3c5700000)]
  0x000001f7803083b0 JavaThread "Cancel handler" [_thread_blocked, id=13096, stack(0x000000b3c5700000,0x000000b3c5800000)]
  0x000001f78030a560 JavaThread "Daemon worker" [_thread_blocked, id=1752, stack(0x000000b3c5800000,0x000000b3c5900000)]
  0x000001f780309220 JavaThread "Asynchronous log dispatcher for DefaultDaemonConnection: socket connection from /127.0.0.1:50271 to /127.0.0.1:50272" [_thread_blocked, id=2132, stack(0x000000b3c5900000,0x000000b3c5a00000)]
  0x000001f780307540 JavaThread "Stdin handler" [_thread_blocked, id=12192, stack(0x000000b3c5a00000,0x000000b3c5b00000)]
  0x000001f780307ee0 JavaThread "Daemon client event forwarder" [_thread_blocked, id=8200, stack(0x000000b3c5b00000,0x000000b3c5c00000)]
  0x000001f780309bc0 JavaThread "Cache worker for journal cache (C:\Users\MANOEL\.gradle\caches\journal-1)" [_thread_blocked, id=11988, stack(0x000000b3c5c00000,0x000000b3c5d00000)]
  0x000001f780308880 JavaThread "File lock request listener" [_thread_in_native, id=16252, stack(0x000000b3c5d00000,0x000000b3c5e00000)]
  0x000001f78030a090 JavaThread "Cache worker for file hash cache (C:\Users\MANOEL\.gradle\caches\7.5\fileHashes)" [_thread_blocked, id=8424, stack(0x000000b3c6200000,0x000000b3c6300000)]
  0x000001f780308d50 JavaThread "File lock release action executor" [_thread_blocked, id=9972, stack(0x000000b3c6300000,0x000000b3c6400000)]
  0x000001f7803096f0 JavaThread "File watcher server" daemon [_thread_in_native, id=13040, stack(0x000000b3c6400000,0x000000b3c6500000)]
  0x000001f78030aa30 JavaThread "File watcher consumer" daemon [_thread_blocked, id=12408, stack(0x000000b3c6500000,0x000000b3c6600000)]
  0x000001f780307a10 JavaThread "Cache worker for checksums cache (C:\Users\MANOEL\Downloads\new_project-20231216T135148Z-001\new_project\android\.gradle\7.5\checksums)" [_thread_blocked, id=7200, stack(0x000000b3c6600000,0x000000b3c6700000)]
  0x000001f780307070 JavaThread "Cache worker for cache directory md-rule (C:\Users\MANOEL\.gradle\caches\7.5\md-rule)" [_thread_blocked, id=1484, stack(0x000000b3c6700000,0x000000b3c6800000)]
  0x000001f781c88540 JavaThread "Cache worker for file content cache (C:\Users\MANOEL\.gradle\caches\7.5\fileContent)" [_thread_blocked, id=10840, stack(0x000000b3c6800000,0x000000b3c6900000)]
  0x000001f781c859f0 JavaThread "Cache worker for file hash cache (C:\Users\MANOEL\Downloads\new_project-20231216T135148Z-001\new_project\android\.gradle\7.5\fileHashes)" [_thread_blocked, id=9720, stack(0x000000b3c6900000,0x000000b3c6a00000)]
  0x000001f781c88a10 JavaThread "Cache worker for cache directory md-supplier (C:\Users\MANOEL\.gradle\caches\7.5\md-supplier)" [_thread_blocked, id=12728, stack(0x000000b3c6a00000,0x000000b3c6b00000)]
  0x000001f781c88ee0 JavaThread "Cache worker for execution history cache (C:\Users\MANOEL\.gradle\caches\7.5\executionHistory)" [_thread_blocked, id=2564, stack(0x000000b3c6b00000,0x000000b3c6c00000)]
  0x000001f781c86860 JavaThread "jar transforms" [_thread_blocked, id=2460, stack(0x000000b3c6d00000,0x000000b3c6e00000)]
  0x000001f781c87ba0 JavaThread "jar transforms Thread 2" [_thread_blocked, id=1284, stack(0x000000b3c6e00000,0x000000b3c6f00000)]
  0x000001f781c85ec0 JavaThread "jar transforms Thread 3" [_thread_blocked, id=1188, stack(0x000000b3c6f00000,0x000000b3c7000000)]
  0x000001f781c8a220 JavaThread "jar transforms Thread 4" [_thread_blocked, id=14876, stack(0x000000b3c7000000,0x000000b3c7100000)]
  0x000001f781c8abc0 JavaThread "jar transforms Thread 5" [_thread_blocked, id=9312, stack(0x000000b3c7100000,0x000000b3c7200000)]
  0x000001f781c88070 JavaThread "jar transforms Thread 6" [_thread_blocked, id=5844, stack(0x000000b3c7200000,0x000000b3c7300000)]
  0x000001f781c84b80 JavaThread "Cache worker for dependencies-accessors (C:\Users\MANOEL\Downloads\new_project-20231216T135148Z-001\new_project\android\.gradle\7.5\dependencies-accessors)" [_thread_blocked, id=15780, stack(0x000000b3c7300000,0x000000b3c7400000)]
  0x000001f781c8a6f0 JavaThread "jar transforms Thread 7" [_thread_blocked, id=9616, stack(0x000000b3c7400000,0x000000b3c7500000)]
  0x000001f781c83370 JavaThread "Cache worker for Build Output Cleanup Cache (C:\Users\MANOEL\Downloads\new_project-20231216T135148Z-001\new_project\android\.gradle\buildOutputCleanup)" [_thread_blocked, id=8952, stack(0x000000b3c7500000,0x000000b3c7600000)]
  0x000001f781c83d10 JavaThread "Unconstrained build operations" [_thread_blocked, id=7208, stack(0x000000b3c6c00000,0x000000b3c6d00000)]
  0x000001f781c86d30 JavaThread "Unconstrained build operations Thread 2" [_thread_blocked, id=1224, stack(0x000000b3c7600000,0x000000b3c7700000)]
  0x000001f781c83840 JavaThread "Unconstrained build operations Thread 3" [_thread_blocked, id=13896, stack(0x000000b3c7700000,0x000000b3c7800000)]
  0x000001f781c87200 JavaThread "Unconstrained build operations Thread 4" [_thread_blocked, id=3460, stack(0x000000b3c7800000,0x000000b3c7900000)]
  0x000001f781c841e0 JavaThread "Unconstrained build operations Thread 5" [_thread_blocked, id=8592, stack(0x000000b3c7900000,0x000000b3c7a00000)]
  0x000001f781c846b0 JavaThread "Unconstrained build operations Thread 6" [_thread_blocked, id=14264, stack(0x000000b3c7a00000,0x000000b3c7b00000)]
  0x000001f781c85520 JavaThread "Unconstrained build operations Thread 7" [_thread_blocked, id=15848, stack(0x000000b3c7b00000,0x000000b3c7c00000)]
  0x000001f783c518e0 JavaThread "Unconstrained build operations Thread 8" [_thread_blocked, id=14448, stack(0x000000b3c7c00000,0x000000b3c7d00000)]
  0x000001f783c530f0 JavaThread "Unconstrained build operations Thread 9" [_thread_blocked, id=8376, stack(0x000000b3c7d00000,0x000000b3c7e00000)]
  0x000001f783c505a0 JavaThread "Unconstrained build operations Thread 10" [_thread_blocked, id=13784, stack(0x000000b3c7e00000,0x000000b3c7f00000)]
  0x000001f783c535c0 JavaThread "Unconstrained build operations Thread 11" [_thread_blocked, id=2100, stack(0x000000b3c7f00000,0x000000b3c8000000)]
  0x000001f783c50a70 JavaThread "Unconstrained build operations Thread 12" [_thread_blocked, id=11588, stack(0x000000b3c8000000,0x000000b3c8100000)]
  0x000001f783c53a90 JavaThread "Unconstrained build operations Thread 13" [_thread_blocked, id=7856, stack(0x000000b3c8100000,0x000000b3c8200000)]
  0x000001f783c52c20 JavaThread "Unconstrained build operations Thread 14" [_thread_blocked, id=7292, stack(0x000000b3c8200000,0x000000b3c8300000)]
  0x000001f783c50f40 JavaThread "Unconstrained build operations Thread 15" [_thread_blocked, id=7852, stack(0x000000b3c8300000,0x000000b3c8400000)]
  0x000001f783c51db0 JavaThread "Unconstrained build operations Thread 16" [_thread_blocked, id=15092, stack(0x000000b3c8400000,0x000000b3c8500000)]
  0x000001f783c52280 JavaThread "Unconstrained build operations Thread 17" [_thread_blocked, id=2804, stack(0x000000b3c8500000,0x000000b3c8600000)]
  0x000001f783c500d0 JavaThread "Unconstrained build operations Thread 18" [_thread_blocked, id=14312, stack(0x000000b3c8600000,0x000000b3c8700000)]
  0x000001f783c52750 JavaThread "Unconstrained build operations Thread 19" [_thread_blocked, id=15328, stack(0x000000b3c8700000,0x000000b3c8800000)]
  0x000001f783c51410 JavaThread "Unconstrained build operations Thread 20" [_thread_blocked, id=6428, stack(0x000000b3c8800000,0x000000b3c8900000)]
  0x000001f7822096b0 JavaThread "Unconstrained build operations Thread 21" [_thread_blocked, id=14940, stack(0x000000b3c8900000,0x000000b3c8a00000)]
  0x000001f782209b80 JavaThread "Unconstrained build operations Thread 22" [_thread_blocked, id=3512, stack(0x000000b3c8a00000,0x000000b3c8b00000)]
  0x000001f78220b390 JavaThread "Unconstrained build operations Thread 23" [_thread_blocked, id=14220, stack(0x000000b3c8b00000,0x000000b3c8c00000)]
  0x000001f78220c200 JavaThread "Unconstrained build operations Thread 24" [_thread_blocked, id=4348, stack(0x000000b3c8c00000,0x000000b3c8d00000)]
  0x000001f78220bd30 JavaThread "Unconstrained build operations Thread 25" [_thread_blocked, id=10256, stack(0x000000b3c8d00000,0x000000b3c8e00000)]
  0x000001f782207ea0 JavaThread "Unconstrained build operations Thread 26" [_thread_blocked, id=8176, stack(0x000000b3c8e00000,0x000000b3c8f00000)]
  0x000001f78220aec0 JavaThread "Unconstrained build operations Thread 27" [_thread_blocked, id=8676, stack(0x000000b3c8f00000,0x000000b3c9000000)]
  0x000001f782205820 JavaThread "Unconstrained build operations Thread 28" [_thread_blocked, id=12156, stack(0x000000b3c9000000,0x000000b3c9100000)]
  0x000001f7822079d0 JavaThread "Unconstrained build operations Thread 29" [_thread_blocked, id=14188, stack(0x000000b3c9100000,0x000000b3c9200000)]
  0x000001f78220c6d0 JavaThread "Unconstrained build operations Thread 30" [_thread_blocked, id=3684, stack(0x000000b3c9200000,0x000000b3c9300000)]
  0x000001f78220a9f0 JavaThread "Unconstrained build operations Thread 31" [_thread_blocked, id=4372, stack(0x000000b3c9300000,0x000000b3c9400000)]
  0x000001f7822061c0 JavaThread "Unconstrained build operations Thread 32" [_thread_blocked, id=5072, stack(0x000000b3c9400000,0x000000b3c9500000)]
  0x000001f7822091e0 JavaThread "Unconstrained build operations Thread 33" [_thread_blocked, id=9236, stack(0x000000b3c9500000,0x000000b3c9600000)]
  0x000001f782208370 JavaThread "Unconstrained build operations Thread 34" [_thread_blocked, id=10224, stack(0x000000b3c9600000,0x000000b3c9700000)]
  0x000001f78220b860 JavaThread "Unconstrained build operations Thread 35" [_thread_blocked, id=5340, stack(0x000000b3c9700000,0x000000b3c9800000)]
  0x000001f782207030 JavaThread "Unconstrained build operations Thread 36" [_thread_blocked, id=9996, stack(0x000000b3c9800000,0x000000b3c9900000)]
  0x000001f782204e80 JavaThread "Unconstrained build operations Thread 37" [_thread_blocked, id=436, stack(0x000000b3c9900000,0x000000b3c9a00000)]
  0x000001f78220a050 JavaThread "Unconstrained build operations Thread 38" [_thread_blocked, id=10280, stack(0x000000b3c9a00000,0x000000b3c9b00000)]
  0x000001f78220a520 JavaThread "Unconstrained build operations Thread 39" [_thread_blocked, id=15676, stack(0x000000b3c9b00000,0x000000b3c9c00000)]
  0x000001f782207500 JavaThread "Unconstrained build operations Thread 40" [_thread_blocked, id=11144, stack(0x000000b3c9c00000,0x000000b3c9d00000)]
  0x000001f782205350 JavaThread "Unconstrained build operations Thread 41" [_thread_blocked, id=4672, stack(0x000000b3c9d00000,0x000000b3c9e00000)]
  0x000001f782208840 JavaThread "Unconstrained build operations Thread 42" [_thread_blocked, id=13840, stack(0x000000b3c9e00000,0x000000b3c9f00000)]
  0x000001f782206690 JavaThread "Unconstrained build operations Thread 43" [_thread_blocked, id=14896, stack(0x000000b3c9f00000,0x000000b3ca000000)]
  0x000001f782205cf0 JavaThread "Unconstrained build operations Thread 44" [_thread_blocked, id=8084, stack(0x000000b3ca000000,0x000000b3ca100000)]
  0x000001f782206b60 JavaThread "Unconstrained build operations Thread 45" [_thread_blocked, id=2024, stack(0x000000b3ca100000,0x000000b3ca200000)]
  0x000001f782208d10 JavaThread "Unconstrained build operations Thread 46" [_thread_blocked, id=6672, stack(0x000000b3ca200000,0x000000b3ca300000)]
  0x000001f7843345a0 JavaThread "Unconstrained build operations Thread 47" [_thread_blocked, id=14456, stack(0x000000b3ca300000,0x000000b3ca400000)]
  0x000001f784335410 JavaThread "Unconstrained build operations Thread 48" [_thread_blocked, id=10748, stack(0x000000b3ca400000,0x000000b3ca500000)]
  0x000001f784334f40 JavaThread "Unconstrained build operations Thread 49" [_thread_blocked, id=15152, stack(0x000000b3ca500000,0x000000b3ca600000)]
  0x000001f78433a110 JavaThread "Unconstrained build operations Thread 50" [_thread_blocked, id=10128, stack(0x000000b3ca600000,0x000000b3ca700000)]
  0x000001f784337a90 JavaThread "Unconstrained build operations Thread 51" [_thread_blocked, id=2296, stack(0x000000b3ca700000,0x000000b3ca800000)]
  0x000001f7843392a0 JavaThread "Unconstrained build operations Thread 52" [_thread_blocked, id=9332, stack(0x000000b3ca800000,0x000000b3ca900000)]
  0x000001f78433af80 JavaThread "Unconstrained build operations Thread 53" [_thread_blocked, id=1220, stack(0x000000b3ca900000,0x000000b3caa00000)]
  0x000001f784335db0 JavaThread "Unconstrained build operations Thread 54" [_thread_blocked, id=6844, stack(0x000000b3caa00000,0x000000b3cab00000)]
  0x000001f78433b450 JavaThread "Unconstrained build operations Thread 55" [_thread_blocked, id=9864, stack(0x000000b3cab00000,0x000000b3cac00000)]
  0x000001f7843358e0 JavaThread "Unconstrained build operations Thread 56" [_thread_blocked, id=176, stack(0x000000b3cac00000,0x000000b3cad00000)]
  0x000001f784338900 JavaThread "Unconstrained build operations Thread 57" [_thread_blocked, id=4676, stack(0x000000b3cad00000,0x000000b3cae00000)]
  0x000001f78433a5e0 JavaThread "Unconstrained build operations Thread 58" [_thread_blocked, id=6588, stack(0x000000b3cae00000,0x000000b3caf00000)]
  0x000001f78433b920 JavaThread "Unconstrained build operations Thread 59" [_thread_blocked, id=9028, stack(0x000000b3caf00000,0x000000b3cb000000)]
  0x000001f784336280 JavaThread "Unconstrained build operations Thread 60" [_thread_blocked, id=10348, stack(0x000000b3cb000000,0x000000b3cb100000)]
  0x000001f7843370f0 JavaThread "Unconstrained build operations Thread 61" [_thread_blocked, id=12608, stack(0x000000b3cb100000,0x000000b3cb200000)]
  0x000001f78433aab0 JavaThread "Unconstrained build operations Thread 62" [_thread_blocked, id=11936, stack(0x000000b3cb200000,0x000000b3cb300000)]
  0x000001f784334a70 JavaThread "Unconstrained build operations Thread 63" [_thread_blocked, id=3488, stack(0x000000b3cb300000,0x000000b3cb400000)]
  0x000001f784336c20 JavaThread "Unconstrained build operations Thread 64" [_thread_blocked, id=15668, stack(0x000000b3cb400000,0x000000b3cb500000)]
  0x000001f784336750 JavaThread "Unconstrained build operations Thread 65" [_thread_blocked, id=10800, stack(0x000000b3cb500000,0x000000b3cb600000)]
  0x000001f784338430 JavaThread "Unconstrained build operations Thread 66" [_thread_blocked, id=13092, stack(0x000000b3cb600000,0x000000b3cb700000)]
  0x000001f7843375c0 JavaThread "Unconstrained build operations Thread 67" [_thread_blocked, id=6996, stack(0x000000b3cb700000,0x000000b3cb800000)]
  0x000001f7843340d0 JavaThread "Unconstrained build operations Thread 68" [_thread_blocked, id=14088, stack(0x000000b3cb800000,0x000000b3cb900000)]
  0x000001f784339c40 JavaThread "Unconstrained build operations Thread 69" [_thread_blocked, id=3768, stack(0x000000b3cb900000,0x000000b3cba00000)]
  0x000001f784338dd0 JavaThread "Unconstrained build operations Thread 70" [_thread_blocked, id=11844, stack(0x000000b3cba00000,0x000000b3cbb00000)]
  0x000001f784337f60 JavaThread "Unconstrained build operations Thread 71" [_thread_blocked, id=2348, stack(0x000000b3cbb00000,0x000000b3cbc00000)]
  0x000001f784339770 JavaThread "Unconstrained build operations Thread 72" [_thread_blocked, id=11568, stack(0x000000b3cbc00000,0x000000b3cbd00000)]
  0x000001f7fe2866d0 JavaThread "Unconstrained build operations Thread 73" [_thread_blocked, id=11388, stack(0x000000b3cbd00000,0x000000b3cbe00000)]
  0x000001f7fe287070 JavaThread "Unconstrained build operations Thread 74" [_thread_blocked, id=6240, stack(0x000000b3cbe00000,0x000000b3cbf00000)]
  0x000001f7fe282370 JavaThread "Unconstrained build operations Thread 75" [_thread_blocked, id=6616, stack(0x000000b3cbf00000,0x000000b3cc000000)]
  0x000001f7fe2849f0 JavaThread "Unconstrained build operations Thread 76" [_thread_blocked, id=15200, stack(0x000000b3cc000000,0x000000b3cc100000)]
  0x000001f7fe2836b0 JavaThread "Unconstrained build operations Thread 77" [_thread_blocked, id=15640, stack(0x000000b3cc100000,0x000000b3cc200000)]
  0x000001f7fe281ea0 JavaThread "Unconstrained build operations Thread 78" [_thread_blocked, id=6976, stack(0x000000b3cc200000,0x000000b3cc300000)]
  0x000001f7fe285390 JavaThread "Unconstrained build operations Thread 79" [_thread_blocked, id=584, stack(0x000000b3cc300000,0x000000b3cc400000)]
  0x000001f7fe282840 JavaThread "Unconstrained build operations Thread 80" [_thread_blocked, id=14364, stack(0x000000b3cc400000,0x000000b3cc500000)]
  0x000001f7fe285860 JavaThread "jar transforms Thread 8" [_thread_blocked, id=1388, stack(0x000000b3cc500000,0x000000b3cc600000)]
  0x000001f7fe285d30 JavaThread "Memory manager" [_thread_blocked, id=15976, stack(0x000000b3cc600000,0x000000b3cc700000)]
  0x000001f7fe284520 JavaThread "Cache worker for kotlin-dsl (C:\Users\MANOEL\.gradle\caches\7.5\kotlin-dsl)" [_thread_blocked, id=13180, stack(0x000000b3cc800000,0x000000b3cc900000)]
  0x000001f7fde9b070 JavaThread "included builds" [_thread_blocked, id=9764, stack(0x000000b3cca00000,0x000000b3ccb00000)]
  0x000001f7fde9b540 JavaThread "Execution worker" [_thread_blocked, id=12232, stack(0x000000b3ccb00000,0x000000b3ccc00000)]
  0x000001f7fde9a200 JavaThread "Execution worker Thread 2" [_thread_blocked, id=15944, stack(0x000000b3ccc00000,0x000000b3ccd00000)]
  0x000001f7fde99390 JavaThread "Execution worker Thread 3" [_thread_blocked, id=5964, stack(0x000000b3ccd00000,0x000000b3cce00000)]
  0x000001f7fde9aba0 JavaThread "Execution worker Thread 4" [_thread_blocked, id=8216, stack(0x000000b3cce00000,0x000000b3ccf00000)]
  0x000001f7fde9ea30 JavaThread "Execution worker Thread 5" [_thread_blocked, id=13868, stack(0x000000b3ccf00000,0x000000b3cd000000)]
  0x000001f7fde9fd70 JavaThread "Execution worker Thread 6" [_thread_blocked, id=3024, stack(0x000000b3cd000000,0x000000b3cd100000)]
  0x000001f7fde9ba10 JavaThread "Execution worker Thread 7" [_thread_blocked, id=4764, stack(0x000000b3cd100000,0x000000b3cd200000)]
  0x000001f7fdea0be0 JavaThread "Cache worker for execution history cache (C:\Users\MANOEL\Downloads\new_project-20231216T135148Z-001\new_project\android\.gradle\7.5\executionHistory)" [_thread_blocked, id=1732, stack(0x000000b3cd200000,0x000000b3cd300000)]
  0x000001f7fde99d30 JavaThread "Exec process" [_thread_in_native, id=14652, stack(0x000000b3cd300000,0x000000b3cd400000)]
  0x000001f7fde9f3d0 JavaThread "Exec process Thread 2" [_thread_in_native, id=1068, stack(0x000000b3cd400000,0x000000b3cd500000)]
  0x000001f7fde9bee0 JavaThread "Exec process Thread 3" [_thread_in_native, id=12172, stack(0x000000b3cd500000,0x000000b3cd600000)]

Other Threads:
  0x000001f7fc64d050 VMThread "VM Thread" [stack: 0x000000b3c4100000,0x000000b3c4200000] [id=6804]
  0x000001f7fd19f920 WatcherThread [stack: 0x000000b3c4d00000,0x000000b3c4e00000] [id=12384]
  0x000001f7e3b4b1d0 GCTaskThread "GC Thread#0" [stack: 0x000000b3c3c00000,0x000000b3c3d00000] [id=16184]
  0x000001f7fe2800e0 GCTaskThread "GC Thread#1" [stack: 0x000000b3c4e00000,0x000000b3c4f00000] [id=5360]
  0x000001f7fe280390 GCTaskThread "GC Thread#2" [stack: 0x000000b3c4f00000,0x000000b3c5000000] [id=2076]
  0x000001f7fe215d20 GCTaskThread "GC Thread#3" [stack: 0x000000b3c5000000,0x000000b3c5100000] [id=3296]
  0x000001f7fe158890 GCTaskThread "GC Thread#4" [stack: 0x000000b3c5100000,0x000000b3c5200000] [id=7596]
  0x000001f780451070 GCTaskThread "GC Thread#5" [stack: 0x000000b3c5e00000,0x000000b3c5f00000] [id=8740]
  0x000001f7fd69ef70 GCTaskThread "GC Thread#6" [stack: 0x000000b3c5f00000,0x000000b3c6000000] [id=11408]
  0x000001f7804e2cb0 GCTaskThread "GC Thread#7" [stack: 0x000000b3c6000000,0x000000b3c6100000] [id=12812]
  0x000001f7e3b58110 ConcurrentGCThread "G1 Main Marker" [stack: 0x000000b3c3d00000,0x000000b3c3e00000] [id=4632]
  0x000001f7e3b58b20 ConcurrentGCThread "G1 Conc#0" [stack: 0x000000b3c3e00000,0x000000b3c3f00000] [id=10592]
  0x000001f78047ce90 ConcurrentGCThread "G1 Conc#1" [stack: 0x000000b3c6100000,0x000000b3c6200000] [id=15372]
  0x000001f7e3bcdcf0 ConcurrentGCThread "G1 Refine#0" [stack: 0x000000b3c3f00000,0x000000b3c4000000] [id=4860]
  0x000001f7e3bce710 ConcurrentGCThread "G1 Service" [stack: 0x000000b3c4000000,0x000000b3c4100000] [id=6980]

Threads with active compile tasks:
C2 CompilerThread0    57977 12469       4       java.lang.reflect.AccessibleObject::checkCanSetAccessible (368 bytes)

VM state: not at safepoint (normal execution)

VM Mutex/Monitor currently owned by a thread: None

Heap address: 0x00000000a0000000, size: 1536 MB, Compressed Oops mode: 32-bit

CDS archive(s) not mapped
Compressed class space mapped at: 0x0000000100000000-0x0000000140000000, reserved size: 1073741824
Narrow klass base: 0x0000000000000000, Narrow klass shift: 3, Narrow klass range: 0x140000000

GC Precious Log:
 CPUs: 8 total, 8 available
 Memory: 8101M
 Large Page Support: Disabled
 NUMA Support: Disabled
 Compressed Oops: Enabled (32-bit)
 Heap Region Size: 1M
 Heap Min Capacity: 8M
 Heap Initial Capacity: 128M
 Heap Max Capacity: 1536M
 Pre-touch: Disabled
 Parallel Workers: 8
 Concurrent Workers: 2
 Concurrent Refinement Workers: 8
 Periodic GC: Disabled

Heap:
 garbage-first heap   total 212992K, used 139552K [0x00000000a0000000, 0x0000000100000000)
  region size 1024K, 35 young (35840K), 10 survivors (10240K)
 Metaspace       used 94010K, committed 94912K, reserved 1138688K
  class space    used 12860K, committed 13248K, reserved 1048576K

Heap Regions: E=young(eden), S=young(survivor), O=old, HS=humongous(starts), HC=humongous(continues), CS=collection set, F=free, OA=open archive, CA=closed archive, TAMS=top-at-mark-start (previous, next)
|   0|0x00000000a0000000, 0x00000000a0100000, 0x00000000a0100000|100%| O|  |TAMS 0x00000000a0100000, 0x00000000a0000000| Untracked 
|   1|0x00000000a0100000, 0x00000000a0200000, 0x00000000a0200000|100%| O|  |TAMS 0x00000000a0200000, 0x00000000a0100000| Untracked 
|   2|0x00000000a0200000, 0x00000000a0300000, 0x00000000a0300000|100%| O|  |TAMS 0x00000000a0300000, 0x00000000a0200000| Untracked 
|   3|0x00000000a0300000, 0x00000000a0400000, 0x00000000a0400000|100%|HS|  |TAMS 0x00000000a0400000, 0x00000000a0300000| Complete 
|   4|0x00000000a0400000, 0x00000000a0500000, 0x00000000a0500000|100%|HC|  |TAMS 0x00000000a0500000, 0x00000000a0400000| Complete 
|   5|0x00000000a0500000, 0x00000000a0600000, 0x00000000a0600000|100%|HC|  |TAMS 0x00000000a0600000, 0x00000000a0500000| Complete 
|   6|0x00000000a0600000, 0x00000000a0700000, 0x00000000a0700000|100%| O|  |TAMS 0x00000000a0700000, 0x00000000a0600000| Untracked 
|   7|0x00000000a0700000, 0x00000000a0800000, 0x00000000a0800000|100%| O|  |TAMS 0x00000000a0800000, 0x00000000a0700000| Untracked 
|   8|0x00000000a0800000, 0x00000000a0900000, 0x00000000a0900000|100%| O|  |TAMS 0x00000000a0900000, 0x00000000a0800000| Untracked 
|   9|0x00000000a0900000, 0x00000000a0a00000, 0x00000000a0a00000|100%| O|  |TAMS 0x00000000a0a00000, 0x00000000a0900000| Untracked 
|  10|0x00000000a0a00000, 0x00000000a0b00000, 0x00000000a0b00000|100%| O|  |TAMS 0x00000000a0b00000, 0x00000000a0a00000| Untracked 
|  11|0x00000000a0b00000, 0x00000000a0c00000, 0x00000000a0c00000|100%| O|  |TAMS 0x00000000a0c00000, 0x00000000a0b00000| Untracked 
|  12|0x00000000a0c00000, 0x00000000a0d00000, 0x00000000a0d00000|100%| O|  |TAMS 0x00000000a0d00000, 0x00000000a0c00000| Untracked 
|  13|0x00000000a0d00000, 0x00000000a0e00000, 0x00000000a0e00000|100%| O|  |TAMS 0x00000000a0e00000, 0x00000000a0d00000| Untracked 
|  14|0x00000000a0e00000, 0x00000000a0f00000, 0x00000000a0f00000|100%| O|  |TAMS 0x00000000a0f00000, 0x00000000a0e00000| Untracked 
|  15|0x00000000a0f00000, 0x00000000a1000000, 0x00000000a1000000|100%| O|  |TAMS 0x00000000a1000000, 0x00000000a0f00000| Untracked 
|  16|0x00000000a1000000, 0x00000000a1100000, 0x00000000a1100000|100%| O|  |TAMS 0x00000000a1100000, 0x00000000a1000000| Untracked 
|  17|0x00000000a1100000, 0x00000000a1200000, 0x00000000a1200000|100%| O|  |TAMS 0x00000000a1200000, 0x00000000a1100000| Untracked 
|  18|0x00000000a1200000, 0x00000000a1300000, 0x00000000a1300000|100%| O|  |TAMS 0x00000000a1300000, 0x00000000a1200000| Untracked 
|  19|0x00000000a1300000, 0x00000000a1400000, 0x00000000a1400000|100%| O|  |TAMS 0x00000000a1300000, 0x00000000a1300000| Untracked 
|  20|0x00000000a1400000, 0x00000000a1500000, 0x00000000a1500000|100%| O|  |TAMS 0x00000000a1500000, 0x00000000a1400000| Untracked 
|  21|0x00000000a1500000, 0x00000000a1600000, 0x00000000a1600000|100%| O|  |TAMS 0x00000000a1600000, 0x00000000a1500000| Untracked 
|  22|0x00000000a1600000, 0x00000000a1700000, 0x00000000a1700000|100%| O|  |TAMS 0x00000000a1700000, 0x00000000a1600000| Untracked 
|  23|0x00000000a1700000, 0x00000000a1800000, 0x00000000a1800000|100%| O|  |TAMS 0x00000000a1800000, 0x00000000a1700000| Untracked 
|  24|0x00000000a1800000, 0x00000000a1900000, 0x00000000a1900000|100%| O|  |TAMS 0x00000000a1900000, 0x00000000a1800000| Untracked 
|  25|0x00000000a1900000, 0x00000000a1a00000, 0x00000000a1a00000|100%| O|  |TAMS 0x00000000a1a00000, 0x00000000a1900000| Untracked 
|  26|0x00000000a1a00000, 0x00000000a1b00000, 0x00000000a1b00000|100%| O|  |TAMS 0x00000000a1b00000, 0x00000000a1a00000| Untracked 
|  27|0x00000000a1b00000, 0x00000000a1c00000, 0x00000000a1c00000|100%| O|  |TAMS 0x00000000a1c00000, 0x00000000a1b00000| Untracked 
|  28|0x00000000a1c00000, 0x00000000a1d00000, 0x00000000a1d00000|100%| O|  |TAMS 0x00000000a1d00000, 0x00000000a1c00000| Untracked 
|  29|0x00000000a1d00000, 0x00000000a1e00000, 0x00000000a1e00000|100%| O|  |TAMS 0x00000000a1e00000, 0x00000000a1d00000| Untracked 
|  30|0x00000000a1e00000, 0x00000000a1f00000, 0x00000000a1f00000|100%| O|  |TAMS 0x00000000a1f00000, 0x00000000a1e00000| Untracked 
|  31|0x00000000a1f00000, 0x00000000a2000000, 0x00000000a2000000|100%| O|  |TAMS 0x00000000a2000000, 0x00000000a1f00000| Untracked 
|  32|0x00000000a2000000, 0x00000000a2100000, 0x00000000a2100000|100%| O|  |TAMS 0x00000000a2100000, 0x00000000a2000000| Untracked 
|  33|0x00000000a2100000, 0x00000000a2200000, 0x00000000a2200000|100%| O|  |TAMS 0x00000000a2200000, 0x00000000a2100000| Untracked 
|  34|0x00000000a2200000, 0x00000000a2300000, 0x00000000a2300000|100%| O|  |TAMS 0x00000000a2300000, 0x00000000a2200000| Untracked 
|  35|0x00000000a2300000, 0x00000000a2400000, 0x00000000a2400000|100%|HS|  |TAMS 0x00000000a2400000, 0x00000000a2300000| Complete 
|  36|0x00000000a2400000, 0x00000000a2500000, 0x00000000a2500000|100%|HS|  |TAMS 0x00000000a2500000, 0x00000000a2400000| Complete 
|  37|0x00000000a2500000, 0x00000000a2600000, 0x00000000a2600000|100%|HS|  |TAMS 0x00000000a2600000, 0x00000000a2500000| Complete 
|  38|0x00000000a2600000, 0x00000000a2700000, 0x00000000a2700000|100%| O|  |TAMS 0x00000000a2700000, 0x00000000a2600000| Untracked 
|  39|0x00000000a2700000, 0x00000000a2800000, 0x00000000a2800000|100%|HS|  |TAMS 0x00000000a2800000, 0x00000000a2700000| Complete 
|  40|0x00000000a2800000, 0x00000000a2900000, 0x00000000a2900000|100%|HC|  |TAMS 0x00000000a2900000, 0x00000000a2800000| Complete 
|  41|0x00000000a2900000, 0x00000000a2a00000, 0x00000000a2a00000|100%|HC|  |TAMS 0x00000000a2a00000, 0x00000000a2900000| Complete 
|  42|0x00000000a2a00000, 0x00000000a2b00000, 0x00000000a2b00000|100%| O|  |TAMS 0x00000000a2b00000, 0x00000000a2a00000| Untracked 
|  43|0x00000000a2b00000, 0x00000000a2c00000, 0x00000000a2c00000|100%| O|  |TAMS 0x00000000a2c00000, 0x00000000a2b00000| Untracked 
|  44|0x00000000a2c00000, 0x00000000a2d00000, 0x00000000a2d00000|100%| O|  |TAMS 0x00000000a2d00000, 0x00000000a2c00000| Untracked 
|  45|0x00000000a2d00000, 0x00000000a2e00000, 0x00000000a2e00000|100%| O|  |TAMS 0x00000000a2e00000, 0x00000000a2d00000| Untracked 
|  46|0x00000000a2e00000, 0x00000000a2f00000, 0x00000000a2f00000|100%|HS|  |TAMS 0x00000000a2f00000, 0x00000000a2e00000| Complete 
|  47|0x00000000a2f00000, 0x00000000a3000000, 0x00000000a3000000|100%|HC|  |TAMS 0x00000000a3000000, 0x00000000a2f00000| Complete 
|  48|0x00000000a3000000, 0x00000000a3100000, 0x00000000a3100000|100%| O|  |TAMS 0x00000000a3100000, 0x00000000a3000000| Untracked 
|  49|0x00000000a3100000, 0x00000000a3200000, 0x00000000a3200000|100%| O|  |TAMS 0x00000000a3200000, 0x00000000a3100000| Untracked 
|  50|0x00000000a3200000, 0x00000000a3300000, 0x00000000a3300000|100%| O|  |TAMS 0x00000000a3300000, 0x00000000a3200000| Untracked 
|  51|0x00000000a3300000, 0x00000000a3400000, 0x00000000a3400000|100%| O|  |TAMS 0x00000000a3400000, 0x00000000a3300000| Untracked 
|  52|0x00000000a3400000, 0x00000000a3500000, 0x00000000a3500000|100%| O|  |TAMS 0x00000000a3500000, 0x00000000a3400000| Untracked 
|  53|0x00000000a3500000, 0x00000000a3600000, 0x00000000a3600000|100%| O|  |TAMS 0x00000000a3600000, 0x00000000a3500000| Untracked 
|  54|0x00000000a3600000, 0x00000000a3700000, 0x00000000a3700000|100%| O|  |TAMS 0x00000000a3700000, 0x00000000a3600000| Untracked 
|  55|0x00000000a3700000, 0x00000000a3800000, 0x00000000a3800000|100%|HS|  |TAMS 0x00000000a3700000, 0x00000000a3700000| Complete 
|  56|0x00000000a3800000, 0x00000000a3900000, 0x00000000a3900000|100%| O|  |TAMS 0x00000000a3900000, 0x00000000a3800000| Untracked 
|  57|0x00000000a3900000, 0x00000000a3a00000, 0x00000000a3a00000|100%| O|  |TAMS 0x00000000a3a00000, 0x00000000a3900000| Untracked 
|  58|0x00000000a3a00000, 0x00000000a3b00000, 0x00000000a3b00000|100%| O|  |TAMS 0x00000000a3b00000, 0x00000000a3a00000| Untracked 
|  59|0x00000000a3b00000, 0x00000000a3c00000, 0x00000000a3c00000|100%| O|  |TAMS 0x00000000a3c00000, 0x00000000a3b00000| Untracked 
|  60|0x00000000a3c00000, 0x00000000a3d00000, 0x00000000a3d00000|100%| O|  |TAMS 0x00000000a3c53200, 0x00000000a3c00000| Untracked 
|  61|0x00000000a3d00000, 0x00000000a3e00000, 0x00000000a3e00000|100%| O|  |TAMS 0x00000000a3d00000, 0x00000000a3d00000| Untracked 
|  62|0x00000000a3e00000, 0x00000000a3f00000, 0x00000000a3f00000|100%| O|  |TAMS 0x00000000a3e00000, 0x00000000a3e00000| Untracked 
|  63|0x00000000a3f00000, 0x00000000a4000000, 0x00000000a4000000|100%| O|  |TAMS 0x00000000a3f00000, 0x00000000a3f00000| Untracked 
|  64|0x00000000a4000000, 0x00000000a4100000, 0x00000000a4100000|100%|HS|  |TAMS 0x00000000a4000000, 0x00000000a4000000| Complete 
|  65|0x00000000a4100000, 0x00000000a4200000, 0x00000000a4200000|100%| O|  |TAMS 0x00000000a4100000, 0x00000000a4100000| Untracked 
|  66|0x00000000a4200000, 0x00000000a4300000, 0x00000000a4300000|100%| O|  |TAMS 0x00000000a4200000, 0x00000000a4200000| Untracked 
|  67|0x00000000a4300000, 0x00000000a4400000, 0x00000000a4400000|100%| O|  |TAMS 0x00000000a4300000, 0x00000000a4300000| Untracked 
|  68|0x00000000a4400000, 0x00000000a4500000, 0x00000000a4500000|100%| O|  |TAMS 0x00000000a4400000, 0x00000000a4400000| Untracked 
|  69|0x00000000a4500000, 0x00000000a4600000, 0x00000000a4600000|100%| O|  |TAMS 0x00000000a4500000, 0x00000000a4500000| Untracked 
|  70|0x00000000a4600000, 0x00000000a4700000, 0x00000000a4700000|100%| O|  |TAMS 0x00000000a4600000, 0x00000000a4600000| Untracked 
|  71|0x00000000a4700000, 0x00000000a4800000, 0x00000000a4800000|100%| O|  |TAMS 0x00000000a4700000, 0x00000000a4700000| Untracked 
|  72|0x00000000a4800000, 0x00000000a4900000, 0x00000000a4900000|100%| O|  |TAMS 0x00000000a4800000, 0x00000000a4800000| Untracked 
|  73|0x00000000a4900000, 0x00000000a4a00000, 0x00000000a4a00000|100%| O|  |TAMS 0x00000000a4900000, 0x00000000a4900000| Untracked 
|  74|0x00000000a4a00000, 0x00000000a4b00000, 0x00000000a4b00000|100%| O|  |TAMS 0x00000000a4a00000, 0x00000000a4a00000| Untracked 
|  75|0x00000000a4b00000, 0x00000000a4c00000, 0x00000000a4c00000|100%| O|  |TAMS 0x00000000a4b00000, 0x00000000a4b00000| Untracked 
|  76|0x00000000a4c00000, 0x00000000a4d00000, 0x00000000a4d00000|100%| O|  |TAMS 0x00000000a4c00000, 0x00000000a4c00000| Untracked 
|  77|0x00000000a4d00000, 0x00000000a4e00000, 0x00000000a4e00000|100%| O|  |TAMS 0x00000000a4d00000, 0x00000000a4d00000| Untracked 
|  78|0x00000000a4e00000, 0x00000000a4f00000, 0x00000000a4f00000|100%| O|  |TAMS 0x00000000a4e00000, 0x00000000a4e00000| Untracked 
|  79|0x00000000a4f00000, 0x00000000a5000000, 0x00000000a5000000|100%| O|  |TAMS 0x00000000a4f00000, 0x00000000a4f00000| Untracked 
|  80|0x00000000a5000000, 0x00000000a5100000, 0x00000000a5100000|100%| O|  |TAMS 0x00000000a5000000, 0x00000000a5000000| Untracked 
|  81|0x00000000a5100000, 0x00000000a5200000, 0x00000000a5200000|100%| O|  |TAMS 0x00000000a5100000, 0x00000000a5100000| Untracked 
|  82|0x00000000a5200000, 0x00000000a5300000, 0x00000000a5300000|100%| O|  |TAMS 0x00000000a5200000, 0x00000000a5200000| Untracked 
|  83|0x00000000a5300000, 0x00000000a5400000, 0x00000000a5400000|100%| O|  |TAMS 0x00000000a5300000, 0x00000000a5300000| Untracked 
|  84|0x00000000a5400000, 0x00000000a5500000, 0x00000000a5500000|100%| O|  |TAMS 0x00000000a5400000, 0x00000000a5400000| Untracked 
|  85|0x00000000a5500000, 0x00000000a5600000, 0x00000000a5600000|100%| O|  |TAMS 0x00000000a5500000, 0x00000000a5500000| Untracked 
|  86|0x00000000a5600000, 0x00000000a5700000, 0x00000000a5700000|100%| O|  |TAMS 0x00000000a5600000, 0x00000000a5600000| Untracked 
|  87|0x00000000a5700000, 0x00000000a5800000, 0x00000000a5800000|100%| O|  |TAMS 0x00000000a5700000, 0x00000000a5700000| Untracked 
|  88|0x00000000a5800000, 0x00000000a5900000, 0x00000000a5900000|100%| O|  |TAMS 0x00000000a5800000, 0x00000000a5800000| Untracked 
|  89|0x00000000a5900000, 0x00000000a5a00000, 0x00000000a5a00000|100%| O|  |TAMS 0x00000000a5900000, 0x00000000a5900000| Untracked 
|  90|0x00000000a5a00000, 0x00000000a5b00000, 0x00000000a5b00000|100%| O|  |TAMS 0x00000000a5a00000, 0x00000000a5a00000| Untracked 
|  91|0x00000000a5b00000, 0x00000000a5c00000, 0x00000000a5c00000|100%| O|  |TAMS 0x00000000a5b00000, 0x00000000a5b00000| Untracked 
|  92|0x00000000a5c00000, 0x00000000a5d00000, 0x00000000a5d00000|100%| O|  |TAMS 0x00000000a5c00000, 0x00000000a5c00000| Untracked 
|  93|0x00000000a5d00000, 0x00000000a5e00000, 0x00000000a5e00000|100%| O|  |TAMS 0x00000000a5d00000, 0x00000000a5d00000| Untracked 
|  94|0x00000000a5e00000, 0x00000000a5f00000, 0x00000000a5f00000|100%| O|  |TAMS 0x00000000a5e00000, 0x00000000a5e00000| Untracked 
|  95|0x00000000a5f00000, 0x00000000a6000000, 0x00000000a6000000|100%| O|  |TAMS 0x00000000a5f00000, 0x00000000a5f00000| Untracked 
|  96|0x00000000a6000000, 0x00000000a6100000, 0x00000000a6100000|100%| O|  |TAMS 0x00000000a6000000, 0x00000000a6000000| Untracked 
|  97|0x00000000a6100000, 0x00000000a6200000, 0x00000000a6200000|100%| O|  |TAMS 0x00000000a6100000, 0x00000000a6100000| Untracked 
|  98|0x00000000a6200000, 0x00000000a6300000, 0x00000000a6300000|100%| O|  |TAMS 0x00000000a6200000, 0x00000000a6200000| Untracked 
|  99|0x00000000a6300000, 0x00000000a6400000, 0x00000000a6400000|100%| O|  |TAMS 0x00000000a6300000, 0x00000000a6300000| Untracked 
| 100|0x00000000a6400000, 0x00000000a6500000, 0x00000000a6500000|100%| O|  |TAMS 0x00000000a6400000, 0x00000000a6400000| Untracked 
| 101|0x00000000a6500000, 0x00000000a6600000, 0x00000000a6600000|100%| O|  |TAMS 0x00000000a6500000, 0x00000000a6500000| Untracked 
| 102|0x00000000a6600000, 0x00000000a6648200, 0x00000000a6700000| 28%| O|  |TAMS 0x00000000a6600000, 0x00000000a6600000| Untracked 
| 103|0x00000000a6700000, 0x00000000a6700000, 0x00000000a6800000|  0%| F|  |TAMS 0x00000000a6700000, 0x00000000a6700000| Untracked 
| 104|0x00000000a6800000, 0x00000000a6800000, 0x00000000a6900000|  0%| F|  |TAMS 0x00000000a6800000, 0x00000000a6800000| Untracked 
| 105|0x00000000a6900000, 0x00000000a6900000, 0x00000000a6a00000|  0%| F|  |TAMS 0x00000000a6900000, 0x00000000a6900000| Untracked 
| 106|0x00000000a6a00000, 0x00000000a6a00000, 0x00000000a6b00000|  0%| F|  |TAMS 0x00000000a6a00000, 0x00000000a6a00000| Untracked 
| 107|0x00000000a6b00000, 0x00000000a6b00000, 0x00000000a6c00000|  0%| F|  |TAMS 0x00000000a6b00000, 0x00000000a6b00000| Untracked 
| 108|0x00000000a6c00000, 0x00000000a6c00000, 0x00000000a6d00000|  0%| F|  |TAMS 0x00000000a6c00000, 0x00000000a6c00000| Untracked 
| 109|0x00000000a6d00000, 0x00000000a6d00000, 0x00000000a6e00000|  0%| F|  |TAMS 0x00000000a6d00000, 0x00000000a6d00000| Untracked 
| 110|0x00000000a6e00000, 0x00000000a6e00000, 0x00000000a6f00000|  0%| F|  |TAMS 0x00000000a6e00000, 0x00000000a6e00000| Untracked 
| 111|0x00000000a6f00000, 0x00000000a6f00000, 0x00000000a7000000|  0%| F|  |TAMS 0x00000000a6f00000, 0x00000000a6f00000| Untracked 
| 112|0x00000000a7000000, 0x00000000a7000000, 0x00000000a7100000|  0%| F|  |TAMS 0x00000000a7000000, 0x00000000a7000000| Untracked 
| 113|0x00000000a7100000, 0x00000000a7100000, 0x00000000a7200000|  0%| F|  |TAMS 0x00000000a7100000, 0x00000000a7100000| Untracked 
| 114|0x00000000a7200000, 0x00000000a7200000, 0x00000000a7300000|  0%| F|  |TAMS 0x00000000a7200000, 0x00000000a7200000| Untracked 
| 115|0x00000000a7300000, 0x00000000a7300000, 0x00000000a7400000|  0%| F|  |TAMS 0x00000000a7300000, 0x00000000a7300000| Untracked 
| 116|0x00000000a7400000, 0x00000000a7400000, 0x00000000a7500000|  0%| F|  |TAMS 0x00000000a7400000, 0x00000000a7400000| Untracked 
| 117|0x00000000a7500000, 0x00000000a7500000, 0x00000000a7600000|  0%| F|  |TAMS 0x00000000a7500000, 0x00000000a7500000| Untracked 
| 118|0x00000000a7600000, 0x00000000a7600000, 0x00000000a7700000|  0%| F|  |TAMS 0x00000000a7600000, 0x00000000a7600000| Untracked 
| 119|0x00000000a7700000, 0x00000000a7700000, 0x00000000a7800000|  0%| F|  |TAMS 0x00000000a7700000, 0x00000000a7700000| Untracked 
| 120|0x00000000a7800000, 0x00000000a7800000, 0x00000000a7900000|  0%| F|  |TAMS 0x00000000a7800000, 0x00000000a7800000| Untracked 
| 121|0x00000000a7900000, 0x00000000a7900000, 0x00000000a7a00000|  0%| F|  |TAMS 0x00000000a7900000, 0x00000000a7900000| Untracked 
| 122|0x00000000a7a00000, 0x00000000a7a00000, 0x00000000a7b00000|  0%| F|  |TAMS 0x00000000a7a00000, 0x00000000a7a00000| Untracked 
| 123|0x00000000a7b00000, 0x00000000a7b00000, 0x00000000a7c00000|  0%| F|  |TAMS 0x00000000a7b00000, 0x00000000a7b00000| Untracked 
| 124|0x00000000a7c00000, 0x00000000a7c00000, 0x00000000a7d00000|  0%| F|  |TAMS 0x00000000a7c00000, 0x00000000a7c00000| Untracked 
| 125|0x00000000a7d00000, 0x00000000a7e00000, 0x00000000a7e00000|100%| S|CS|TAMS 0x00000000a7d00000, 0x00000000a7d00000| Complete 
| 126|0x00000000a7e00000, 0x00000000a7f00000, 0x00000000a7f00000|100%| S|CS|TAMS 0x00000000a7e00000, 0x00000000a7e00000| Complete 
| 127|0x00000000a7f00000, 0x00000000a8000000, 0x00000000a8000000|100%| S|CS|TAMS 0x00000000a7f00000, 0x00000000a7f00000| Complete 
| 128|0x00000000a8000000, 0x00000000a8100000, 0x00000000a8100000|100%| S|CS|TAMS 0x00000000a8000000, 0x00000000a8000000| Complete 
| 129|0x00000000a8100000, 0x00000000a8200000, 0x00000000a8200000|100%| S|CS|TAMS 0x00000000a8100000, 0x00000000a8100000| Complete 
| 130|0x00000000a8200000, 0x00000000a8200000, 0x00000000a8300000|  0%| F|  |TAMS 0x00000000a8200000, 0x00000000a8200000| Untracked 
| 131|0x00000000a8300000, 0x00000000a8300000, 0x00000000a8400000|  0%| F|  |TAMS 0x00000000a8300000, 0x00000000a8300000| Untracked 
| 132|0x00000000a8400000, 0x00000000a8400000, 0x00000000a8500000|  0%| F|  |TAMS 0x00000000a8400000, 0x00000000a8400000| Untracked 
| 133|0x00000000a8500000, 0x00000000a8500000, 0x00000000a8600000|  0%| F|  |TAMS 0x00000000a8500000, 0x00000000a8500000| Untracked 
| 134|0x00000000a8600000, 0x00000000a8600000, 0x00000000a8700000|  0%| F|  |TAMS 0x00000000a8600000, 0x00000000a8600000| Untracked 
| 135|0x00000000a8700000, 0x00000000a8700000, 0x00000000a8800000|  0%| F|  |TAMS 0x00000000a8700000, 0x00000000a8700000| Untracked 
| 136|0x00000000a8800000, 0x00000000a8800000, 0x00000000a8900000|  0%| F|  |TAMS 0x00000000a8800000, 0x00000000a8800000| Untracked 
| 137|0x00000000a8900000, 0x00000000a8900000, 0x00000000a8a00000|  0%| F|  |TAMS 0x00000000a8900000, 0x00000000a8900000| Untracked 
| 138|0x00000000a8a00000, 0x00000000a8a00000, 0x00000000a8b00000|  0%| F|  |TAMS 0x00000000a8a00000, 0x00000000a8a00000| Untracked 
| 139|0x00000000a8b00000, 0x00000000a8c00000, 0x00000000a8c00000|100%| S|CS|TAMS 0x00000000a8b00000, 0x00000000a8b00000| Complete 
| 140|0x00000000a8c00000, 0x00000000a8d00000, 0x00000000a8d00000|100%| S|CS|TAMS 0x00000000a8c00000, 0x00000000a8c00000| Complete 
| 141|0x00000000a8d00000, 0x00000000a8e00000, 0x00000000a8e00000|100%| S|CS|TAMS 0x00000000a8d00000, 0x00000000a8d00000| Complete 
| 142|0x00000000a8e00000, 0x00000000a8f00000, 0x00000000a8f00000|100%| S|CS|TAMS 0x00000000a8e00000, 0x00000000a8e00000| Complete 
| 143|0x00000000a8f00000, 0x00000000a9000000, 0x00000000a9000000|100%| S|CS|TAMS 0x00000000a8f00000, 0x00000000a8f00000| Complete 
| 144|0x00000000a9000000, 0x00000000a9000000, 0x00000000a9100000|  0%| F|  |TAMS 0x00000000a9000000, 0x00000000a9000000| Untracked 
| 145|0x00000000a9100000, 0x00000000a9100000, 0x00000000a9200000|  0%| F|  |TAMS 0x00000000a9100000, 0x00000000a9100000| Untracked 
| 146|0x00000000a9200000, 0x00000000a9200000, 0x00000000a9300000|  0%| F|  |TAMS 0x00000000a9200000, 0x00000000a9200000| Untracked 
| 147|0x00000000a9300000, 0x00000000a9300000, 0x00000000a9400000|  0%| F|  |TAMS 0x00000000a9300000, 0x00000000a9300000| Untracked 
| 148|0x00000000a9400000, 0x00000000a9400000, 0x00000000a9500000|  0%| F|  |TAMS 0x00000000a9400000, 0x00000000a9400000| Untracked 
| 149|0x00000000a9500000, 0x00000000a9500000, 0x00000000a9600000|  0%| F|  |TAMS 0x00000000a9500000, 0x00000000a9500000| Untracked 
| 150|0x00000000a9600000, 0x00000000a9600000, 0x00000000a9700000|  0%| F|  |TAMS 0x00000000a9600000, 0x00000000a9600000| Untracked 
| 151|0x00000000a9700000, 0x00000000a9700000, 0x00000000a9800000|  0%| F|  |TAMS 0x00000000a9700000, 0x00000000a9700000| Untracked 
| 152|0x00000000a9800000, 0x00000000a9800000, 0x00000000a9900000|  0%| F|  |TAMS 0x00000000a9800000, 0x00000000a9800000| Untracked 
| 153|0x00000000a9900000, 0x00000000a9900000, 0x00000000a9a00000|  0%| F|  |TAMS 0x00000000a9900000, 0x00000000a9900000| Untracked 
| 154|0x00000000a9a00000, 0x00000000a9a00000, 0x00000000a9b00000|  0%| F|  |TAMS 0x00000000a9a00000, 0x00000000a9a00000| Untracked 
| 155|0x00000000a9b00000, 0x00000000a9b00000, 0x00000000a9c00000|  0%| F|  |TAMS 0x00000000a9b00000, 0x00000000a9b00000| Untracked 
| 156|0x00000000a9c00000, 0x00000000a9c00000, 0x00000000a9d00000|  0%| F|  |TAMS 0x00000000a9c00000, 0x00000000a9c00000| Untracked 
| 157|0x00000000a9d00000, 0x00000000a9d00000, 0x00000000a9e00000|  0%| F|  |TAMS 0x00000000a9d00000, 0x00000000a9d00000| Untracked 
| 158|0x00000000a9e00000, 0x00000000a9e00000, 0x00000000a9f00000|  0%| F|  |TAMS 0x00000000a9e00000, 0x00000000a9e00000| Untracked 
| 159|0x00000000a9f00000, 0x00000000a9f00000, 0x00000000aa000000|  0%| F|  |TAMS 0x00000000a9f00000, 0x00000000a9f00000| Untracked 
| 160|0x00000000aa000000, 0x00000000aa000000, 0x00000000aa100000|  0%| F|  |TAMS 0x00000000aa000000, 0x00000000aa000000| Untracked 
| 161|0x00000000aa100000, 0x00000000aa100000, 0x00000000aa200000|  0%| F|  |TAMS 0x00000000aa100000, 0x00000000aa100000| Untracked 
| 162|0x00000000aa200000, 0x00000000aa200000, 0x00000000aa300000|  0%| F|  |TAMS 0x00000000aa200000, 0x00000000aa200000| Untracked 
| 163|0x00000000aa300000, 0x00000000aa300000, 0x00000000aa400000|  0%| F|  |TAMS 0x00000000aa300000, 0x00000000aa300000| Untracked 
| 164|0x00000000aa400000, 0x00000000aa400000, 0x00000000aa500000|  0%| F|  |TAMS 0x00000000aa400000, 0x00000000aa400000| Untracked 
| 165|0x00000000aa500000, 0x00000000aa500000, 0x00000000aa600000|  0%| F|  |TAMS 0x00000000aa500000, 0x00000000aa500000| Untracked 
| 166|0x00000000aa600000, 0x00000000aa600000, 0x00000000aa700000|  0%| F|  |TAMS 0x00000000aa600000, 0x00000000aa600000| Untracked 
| 167|0x00000000aa700000, 0x00000000aa700000, 0x00000000aa800000|  0%| F|  |TAMS 0x00000000aa700000, 0x00000000aa700000| Untracked 
| 168|0x00000000aa800000, 0x00000000aa800000, 0x00000000aa900000|  0%| F|  |TAMS 0x00000000aa800000, 0x00000000aa800000| Untracked 
| 169|0x00000000aa900000, 0x00000000aa900000, 0x00000000aaa00000|  0%| F|  |TAMS 0x00000000aa900000, 0x00000000aa900000| Untracked 
| 170|0x00000000aaa00000, 0x00000000aaa00000, 0x00000000aab00000|  0%| F|  |TAMS 0x00000000aaa00000, 0x00000000aaa00000| Untracked 
| 171|0x00000000aab00000, 0x00000000aab00000, 0x00000000aac00000|  0%| F|  |TAMS 0x00000000aab00000, 0x00000000aab00000| Untracked 
| 172|0x00000000aac00000, 0x00000000aac00000, 0x00000000aad00000|  0%| F|  |TAMS 0x00000000aac00000, 0x00000000aac00000| Untracked 
| 173|0x00000000aad00000, 0x00000000aad00000, 0x00000000aae00000|  0%| F|  |TAMS 0x00000000aad00000, 0x00000000aad00000| Untracked 
| 174|0x00000000aae00000, 0x00000000aae00000, 0x00000000aaf00000|  0%| F|  |TAMS 0x00000000aae00000, 0x00000000aae00000| Untracked 
| 175|0x00000000aaf00000, 0x00000000aaf00000, 0x00000000ab000000|  0%| F|  |TAMS 0x00000000aaf00000, 0x00000000aaf00000| Untracked 
| 176|0x00000000ab000000, 0x00000000ab000000, 0x00000000ab100000|  0%| F|  |TAMS 0x00000000ab000000, 0x00000000ab000000| Untracked 
| 177|0x00000000ab100000, 0x00000000ab100000, 0x00000000ab200000|  0%| F|  |TAMS 0x00000000ab100000, 0x00000000ab100000| Untracked 
| 178|0x00000000ab200000, 0x00000000ab200000, 0x00000000ab300000|  0%| F|  |TAMS 0x00000000ab200000, 0x00000000ab200000| Untracked 
| 179|0x00000000ab300000, 0x00000000ab300000, 0x00000000ab400000|  0%| F|  |TAMS 0x00000000ab300000, 0x00000000ab300000| Untracked 
| 180|0x00000000ab400000, 0x00000000ab400000, 0x00000000ab500000|  0%| F|  |TAMS 0x00000000ab400000, 0x00000000ab400000| Untracked 
| 181|0x00000000ab500000, 0x00000000ab500000, 0x00000000ab600000|  0%| F|  |TAMS 0x00000000ab500000, 0x00000000ab500000| Untracked 
| 182|0x00000000ab600000, 0x00000000ab600000, 0x00000000ab700000|  0%| F|  |TAMS 0x00000000ab600000, 0x00000000ab600000| Untracked 
| 183|0x00000000ab700000, 0x00000000ab7e6d50, 0x00000000ab800000| 90%| E|  |TAMS 0x00000000ab700000, 0x00000000ab700000| Complete 
| 184|0x00000000ab800000, 0x00000000ab900000, 0x00000000ab900000|100%| E|CS|TAMS 0x00000000ab800000, 0x00000000ab800000| Complete 
| 185|0x00000000ab900000, 0x00000000aba00000, 0x00000000aba00000|100%| E|CS|TAMS 0x00000000ab900000, 0x00000000ab900000| Complete 
| 186|0x00000000aba00000, 0x00000000abb00000, 0x00000000abb00000|100%| E|CS|TAMS 0x00000000aba00000, 0x00000000aba00000| Complete 
| 187|0x00000000abb00000, 0x00000000abc00000, 0x00000000abc00000|100%| E|CS|TAMS 0x00000000abb00000, 0x00000000abb00000| Complete 
| 188|0x00000000abc00000, 0x00000000abd00000, 0x00000000abd00000|100%| E|CS|TAMS 0x00000000abc00000, 0x00000000abc00000| Complete 
| 189|0x00000000abd00000, 0x00000000abe00000, 0x00000000abe00000|100%| E|CS|TAMS 0x00000000abd00000, 0x00000000abd00000| Complete 
| 190|0x00000000abe00000, 0x00000000abf00000, 0x00000000abf00000|100%| E|CS|TAMS 0x00000000abe00000, 0x00000000abe00000| Complete 
| 191|0x00000000abf00000, 0x00000000ac000000, 0x00000000ac000000|100%| E|CS|TAMS 0x00000000abf00000, 0x00000000abf00000| Complete 
| 192|0x00000000ac000000, 0x00000000ac100000, 0x00000000ac100000|100%| E|CS|TAMS 0x00000000ac000000, 0x00000000ac000000| Complete 
| 193|0x00000000ac100000, 0x00000000ac200000, 0x00000000ac200000|100%| E|CS|TAMS 0x00000000ac100000, 0x00000000ac100000| Complete 
| 194|0x00000000ac200000, 0x00000000ac300000, 0x00000000ac300000|100%| E|CS|TAMS 0x00000000ac200000, 0x00000000ac200000| Complete 
| 195|0x00000000ac300000, 0x00000000ac400000, 0x00000000ac400000|100%| E|CS|TAMS 0x00000000ac300000, 0x00000000ac300000| Complete 
| 196|0x00000000ac400000, 0x00000000ac500000, 0x00000000ac500000|100%| E|CS|TAMS 0x00000000ac400000, 0x00000000ac400000| Complete 
| 197|0x00000000ac500000, 0x00000000ac600000, 0x00000000ac600000|100%| E|CS|TAMS 0x00000000ac500000, 0x00000000ac500000| Complete 
| 198|0x00000000ac600000, 0x00000000ac700000, 0x00000000ac700000|100%| E|CS|TAMS 0x00000000ac600000, 0x00000000ac600000| Complete 
| 199|0x00000000ac700000, 0x00000000ac800000, 0x00000000ac800000|100%| E|CS|TAMS 0x00000000ac700000, 0x00000000ac700000| Complete 
| 200|0x00000000ac800000, 0x00000000ac900000, 0x00000000ac900000|100%| E|CS|TAMS 0x00000000ac800000, 0x00000000ac800000| Complete 
| 201|0x00000000ac900000, 0x00000000aca00000, 0x00000000aca00000|100%| E|CS|TAMS 0x00000000ac900000, 0x00000000ac900000| Complete 
| 202|0x00000000aca00000, 0x00000000acb00000, 0x00000000acb00000|100%| E|CS|TAMS 0x00000000aca00000, 0x00000000aca00000| Complete 
| 203|0x00000000acb00000, 0x00000000acc00000, 0x00000000acc00000|100%| E|CS|TAMS 0x00000000acb00000, 0x00000000acb00000| Complete 
| 204|0x00000000acc00000, 0x00000000acd00000, 0x00000000acd00000|100%| E|CS|TAMS 0x00000000acc00000, 0x00000000acc00000| Complete 
| 205|0x00000000acd00000, 0x00000000ace00000, 0x00000000ace00000|100%| E|CS|TAMS 0x00000000acd00000, 0x00000000acd00000| Complete 
| 206|0x00000000ace00000, 0x00000000acf00000, 0x00000000acf00000|100%| E|CS|TAMS 0x00000000ace00000, 0x00000000ace00000| Complete 
| 207|0x00000000acf00000, 0x00000000ad000000, 0x00000000ad000000|100%| E|CS|TAMS 0x00000000acf00000, 0x00000000acf00000| Complete 

Card table byte_map: [0x000001f7f6600000,0x000001f7f6900000] _byte_map_base: 0x000001f7f6100000

Marking Bits (Prev, Next): (CMBitMap*) 0x000001f7e3b4b7e0, (CMBitMap*) 0x000001f7e3b4b820
 Prev Bits: [0x000001f7f6c00000, 0x000001f7f8400000)
 Next Bits: [0x000001f7f8400000, 0x000001f7f9c00000)

Polling page: 0x000001f7e1af0000

Metaspace:

Usage:
  Non-class:     79.25 MB used.
      Class:     12.56 MB used.
       Both:     91.81 MB used.

Virtual space:
  Non-class space:       88.00 MB reserved,      79.75 MB ( 91%) committed,  11 nodes.
      Class space:        1.00 GB reserved,      12.94 MB (  1%) committed,  1 nodes.
             Both:        1.09 GB reserved,      92.69 MB (  8%) committed. 

Chunk freelists:
   Non-Class:  3.88 MB
       Class:  3.03 MB
        Both:  6.92 MB

MaxMetaspaceSize: unlimited
CompressedClassSpaceSize: 1.00 GB
Initial GC threshold: 21.00 MB
Current GC threshold: 114.31 MB
CDS: off
MetaspaceReclaimPolicy: balanced
 - commit_granule_bytes: 65536.
 - commit_granule_words: 8192.
 - virtual_space_node_default_size: 1048576.
 - enlarge_chunks_in_place: 1.
 - new_chunks_are_fully_committed: 0.
 - uncommit_free_chunks: 1.
 - use_allocation_guard: 0.
 - handle_deallocations: 1.


Internal statistics:

num_allocs_failed_limit: 9.
num_arena_births: 1118.
num_arena_deaths: 0.
num_vsnodes_births: 12.
num_vsnodes_deaths: 0.
num_space_committed: 1483.
num_space_uncommitted: 0.
num_chunks_returned_to_freelist: 9.
num_chunks_taken_from_freelist: 4780.
num_chunk_merges: 3.
num_chunk_splits: 3049.
num_chunks_enlarged: 1898.
num_purges: 0.
num_inconsistent_stats: 0.

CodeHeap 'non-profiled nmethods': size=120000Kb used=7247Kb max_used=7247Kb free=112753Kb
 bounds [0x000001f7eeaa0000, 0x000001f7ef1c0000, 0x000001f7f5fd0000]
CodeHeap 'profiled nmethods': size=120000Kb used=20597Kb max_used=20597Kb free=99402Kb
 bounds [0x000001f7e6fd0000, 0x000001f7e83f0000, 0x000001f7ee500000]
CodeHeap 'non-nmethods': size=5760Kb used=2388Kb max_used=2522Kb free=3371Kb
 bounds [0x000001f7ee500000, 0x000001f7ee790000, 0x000001f7eeaa0000]
 total_blobs=11724 nmethods=10800 adapters=834
 compilation: enabled
              stopped_count=0, restarted_count=0
 full_count=0

Compilation events (20 events):
Event: 57.304 Thread 0x000001f7fd025e00 12479       1       org.gradle.internal.logging.events.StyledTextOutputEvent$Span::access$100 (5 bytes)
Event: 57.304 Thread 0x000001f7fd025e00 nmethod 12479 0x000001f7ef1b3010 code [0x000001f7ef1b31a0, 0x000001f7ef1b3258]
Event: 57.313 Thread 0x000001f7fd025e00 12480       3       org.gradle.internal.serialize.BaseSerializerFactory$EnumSerializer::write (10 bytes)
Event: 57.314 Thread 0x000001f7fd025e00 nmethod 12480 0x000001f7e83ebe90 code [0x000001f7e83ec040, 0x000001f7e83ec388]
Event: 57.314 Thread 0x000001f7fd025e00 12481       3       org.gradle.internal.serialize.BaseSerializerFactory$EnumSerializer::write (12 bytes)
Event: 57.314 Thread 0x000001f7fd025e00 nmethod 12481 0x000001f7e83ec510 code [0x000001f7e83ec6c0, 0x000001f7e83ec8c8]
Event: 57.315 Thread 0x000001f7fd025e00 12482       3       org.gradle.internal.serialize.kryo.KryoBackedEncoder::writeSmallLong (11 bytes)
Event: 57.315 Thread 0x000001f7fd025e00 nmethod 12482 0x000001f7e83ec990 code [0x000001f7e83ecb40, 0x000001f7e83ecd08]
Event: 57.315 Thread 0x000001f7fd025e00 12483       3       sun.nio.ch.IOUtil::acquireScope (11 bytes)
Event: 57.315 Thread 0x000001f7fd025e00 nmethod 12483 0x000001f7e83ece10 code [0x000001f7e83ecfc0, 0x000001f7e83ed108]
Event: 57.315 Thread 0x000001f7fd025e00 12484       3       java.nio.Buffer$1::acquireScope (41 bytes)
Event: 57.316 Thread 0x000001f7fd025e00 nmethod 12484 0x000001f7e83ed190 code [0x000001f7e83ed380, 0x000001f7e83ed938]
Event: 57.316 Thread 0x000001f7fd025e00 12486       1       org.gradle.internal.logging.events.StyledTextOutputEvent::getSpans (5 bytes)
Event: 57.317 Thread 0x000001f7fd025e00 nmethod 12486 0x000001f7ef1b3310 code [0x000001f7ef1b34a0, 0x000001f7ef1b3578]
Event: 57.317 Thread 0x000001f7fd025e00 12485       3       sun.nio.ch.SocketChannelImpl::ensureOpenAndConnected (32 bytes)
Event: 57.317 Thread 0x000001f7fd025e00 nmethod 12485 0x000001f7e83edb10 code [0x000001f7e83edce0, 0x000001f7e83edf98]
Event: 57.317 Thread 0x000001f7fd025e00 12487       1       org.gradle.internal.logging.events.StyledTextOutputEvent$Span::getStyle (5 bytes)
Event: 57.317 Thread 0x000001f7fd025e00 nmethod 12487 0x000001f7ef1b3610 code [0x000001f7ef1b37a0, 0x000001f7ef1b3878]
Event: 57.317 Thread 0x000001f7fd025e00 12488       1       org.gradle.internal.logging.events.StyledTextOutputEvent$Span::getText (5 bytes)
Event: 57.317 Thread 0x000001f7fd025e00 nmethod 12488 0x000001f7ef1b3910 code [0x000001f7ef1b3aa0, 0x000001f7ef1b3b78]

GC Heap History (20 events):
Event: 24.165 GC heap before
{Heap before GC invocations=38 (full 0):
 garbage-first heap   total 102400K, used 79767K [0x00000000a0000000, 0x0000000100000000)
  region size 1024K, 21 young (21504K), 1 survivors (1024K)
 Metaspace       used 69303K, committed 69824K, reserved 1114112K
  class space    used 9029K, committed 9280K, reserved 1048576K
}
Event: 24.170 GC heap after
{Heap after GC invocations=39 (full 0):
 garbage-first heap   total 102400K, used 61197K [0x00000000a0000000, 0x0000000100000000)
  region size 1024K, 3 young (3072K), 3 survivors (3072K)
 Metaspace       used 69303K, committed 69824K, reserved 1114112K
  class space    used 9029K, committed 9280K, reserved 1048576K
}
Event: 24.204 GC heap before
{Heap before GC invocations=39 (full 0):
 garbage-first heap   total 102400K, used 62221K [0x00000000a0000000, 0x0000000100000000)
  region size 1024K, 5 young (5120K), 3 survivors (3072K)
 Metaspace       used 69405K, committed 69888K, reserved 1114112K
  class space    used 9053K, committed 9280K, reserved 1048576K
}
Event: 24.209 GC heap after
{Heap after GC invocations=40 (full 0):
 garbage-first heap   total 102400K, used 61235K [0x00000000a0000000, 0x0000000100000000)
  region size 1024K, 1 young (1024K), 1 survivors (1024K)
 Metaspace       used 69405K, committed 69888K, reserved 1114112K
  class space    used 9053K, committed 9280K, reserved 1048576K
}
Event: 24.705 GC heap before
{Heap before GC invocations=40 (full 0):
 garbage-first heap   total 102400K, used 83763K [0x00000000a0000000, 0x0000000100000000)
  region size 1024K, 22 young (22528K), 1 survivors (1024K)
 Metaspace       used 69649K, committed 70208K, reserved 1114112K
  class space    used 9087K, committed 9344K, reserved 1048576K
}
Event: 24.708 GC heap after
{Heap after GC invocations=41 (full 0):
 garbage-first heap   total 102400K, used 63424K [0x00000000a0000000, 0x0000000100000000)
  region size 1024K, 3 young (3072K), 3 survivors (3072K)
 Metaspace       used 69649K, committed 70208K, reserved 1114112K
  class space    used 9087K, committed 9344K, reserved 1048576K
}
Event: 25.149 GC heap before
{Heap before GC invocations=42 (full 0):
 garbage-first heap   total 111616K, used 82880K [0x00000000a0000000, 0x0000000100000000)
  region size 1024K, 22 young (22528K), 3 survivors (3072K)
 Metaspace       used 70334K, committed 70912K, reserved 1114112K
  class space    used 9203K, committed 9472K, reserved 1048576K
}
Event: 25.153 GC heap after
{Heap after GC invocations=43 (full 0):
 garbage-first heap   total 111616K, used 64508K [0x00000000a0000000, 0x0000000100000000)
  region size 1024K, 2 young (2048K), 2 survivors (2048K)
 Metaspace       used 70334K, committed 70912K, reserved 1114112K
  class space    used 9203K, committed 9472K, reserved 1048576K
}
Event: 25.159 GC heap before
{Heap before GC invocations=43 (full 0):
 garbage-first heap   total 111616K, used 67580K [0x00000000a0000000, 0x0000000100000000)
  region size 1024K, 5 young (5120K), 2 survivors (2048K)
 Metaspace       used 70334K, committed 70912K, reserved 1114112K
  class space    used 9203K, committed 9472K, reserved 1048576K
}
Event: 25.161 GC heap after
{Heap after GC invocations=44 (full 0):
 garbage-first heap   total 212992K, used 63977K [0x00000000a0000000, 0x0000000100000000)
  region size 1024K, 1 young (1024K), 1 survivors (1024K)
 Metaspace       used 70334K, committed 70912K, reserved 1114112K
  class space    used 9203K, committed 9472K, reserved 1048576K
}
Event: 27.461 GC heap before
{Heap before GC invocations=44 (full 0):
 garbage-first heap   total 212992K, used 155113K [0x00000000a0000000, 0x0000000100000000)
  region size 1024K, 90 young (92160K), 1 survivors (1024K)
 Metaspace       used 74576K, committed 75264K, reserved 1114112K
  class space    used 9925K, committed 10240K, reserved 1048576K
}
Event: 27.465 GC heap after
{Heap after GC invocations=45 (full 0):
 garbage-first heap   total 212992K, used 68970K [0x00000000a0000000, 0x0000000100000000)
  region size 1024K, 6 young (6144K), 6 survivors (6144K)
 Metaspace       used 74576K, committed 75264K, reserved 1114112K
  class space    used 9925K, committed 10240K, reserved 1048576K
}
Event: 30.849 GC heap before
{Heap before GC invocations=45 (full 0):
 garbage-first heap   total 212992K, used 166250K [0x00000000a0000000, 0x0000000100000000)
  region size 1024K, 101 young (103424K), 6 survivors (6144K)
 Metaspace       used 80314K, committed 81024K, reserved 1122304K
  class space    used 10861K, committed 11136K, reserved 1048576K
}
Event: 30.859 GC heap after
{Heap after GC invocations=46 (full 0):
 garbage-first heap   total 212992K, used 77390K [0x00000000a0000000, 0x0000000100000000)
  region size 1024K, 13 young (13312K), 13 survivors (13312K)
 Metaspace       used 80314K, committed 81024K, reserved 1122304K
  class space    used 10861K, committed 11136K, reserved 1048576K
}
Event: 35.010 GC heap before
{Heap before GC invocations=46 (full 0):
 garbage-first heap   total 212992K, used 167502K [0x00000000a0000000, 0x0000000100000000)
  region size 1024K, 100 young (102400K), 13 survivors (13312K)
 Metaspace       used 82434K, committed 83264K, reserved 1122304K
  class space    used 11178K, committed 11520K, reserved 1048576K
}
Event: 35.025 GC heap after
{Heap after GC invocations=47 (full 0):
 garbage-first heap   total 212992K, used 94073K [0x00000000a0000000, 0x0000000100000000)
  region size 1024K, 13 young (13312K), 13 survivors (13312K)
 Metaspace       used 82434K, committed 83264K, reserved 1122304K
  class space    used 11178K, committed 11520K, reserved 1048576K
}
Event: 41.093 GC heap before
{Heap before GC invocations=47 (full 0):
 garbage-first heap   total 212992K, used 164729K [0x00000000a0000000, 0x0000000100000000)
  region size 1024K, 82 young (83968K), 13 survivors (13312K)
 Metaspace       used 89883K, committed 90688K, reserved 1130496K
  class space    used 12251K, committed 12608K, reserved 1048576K
}
Event: 41.105 GC heap after
{Heap after GC invocations=48 (full 0):
 garbage-first heap   total 212992K, used 103784K [0x00000000a0000000, 0x0000000100000000)
  region size 1024K, 9 young (9216K), 9 survivors (9216K)
 Metaspace       used 89883K, committed 90688K, reserved 1130496K
  class space    used 12251K, committed 12608K, reserved 1048576K
}
Event: 43.463 GC heap before
{Heap before GC invocations=48 (full 0):
 garbage-first heap   total 212992K, used 169320K [0x00000000a0000000, 0x0000000100000000)
  region size 1024K, 73 young (74752K), 9 survivors (9216K)
 Metaspace       used 92223K, committed 93120K, reserved 1130496K
  class space    used 12540K, committed 12928K, reserved 1048576K
}
Event: 43.476 GC heap after
{Heap after GC invocations=49 (full 0):
 garbage-first heap   total 212992K, used 114976K [0x00000000a0000000, 0x0000000100000000)
  region size 1024K, 10 young (10240K), 10 survivors (10240K)
 Metaspace       used 92223K, committed 93120K, reserved 1130496K
  class space    used 12540K, committed 12928K, reserved 1048576K
}

Dll operation events (2 events):
Event: 0.013 Loaded shared library C:\Program Files\Android\Android Studio\jbr\bin\java.dll
Event: 0.602 Loaded shared library C:\Program Files\Android\Android Studio\jbr\bin\verify.dll

Deoptimization events (20 events):
Event: 45.568 Thread 0x000001f7fde9bee0 DEOPT PACKING pc=0x000001f7ef18c3bc sp=0x000000b3cd5fdf90
Event: 45.568 Thread 0x000001f7fde9bee0 DEOPT UNPACKING pc=0x000001f7ee5569a3 sp=0x000000b3cd5fdde8 mode 2
Event: 45.569 Thread 0x000001f7fde9bee0 Uncommon trap: trap_request=0xffffffc6 fr.pc=0x000001f7eee6527c relative=0x000000000000097c
Event: 45.569 Thread 0x000001f7fde9bee0 Uncommon trap: reason=bimorphic_or_optimized_type_check action=maybe_recompile pc=0x000001f7eee6527c method=java.io.BufferedInputStream.read1([BII)I @ 39 c2
Event: 45.569 Thread 0x000001f7fde9bee0 DEOPT PACKING pc=0x000001f7eee6527c sp=0x000000b3cd5fee20
Event: 45.569 Thread 0x000001f7fde9bee0 DEOPT UNPACKING pc=0x000001f7ee5569a3 sp=0x000000b3cd5fed38 mode 2
Event: 45.569 Thread 0x000001f7fde9bee0 Uncommon trap: trap_request=0xffffff45 fr.pc=0x000001f7eebaf8e8 relative=0x0000000000000568
Event: 45.569 Thread 0x000001f7fde9bee0 Uncommon trap: reason=unstable_if action=reinterpret pc=0x000001f7eebaf8e8 method=org.gradle.internal.logging.text.AbstractLineChoppingStyledTextOutput$2.execute(Lorg/gradle/internal/logging/text/AbstractLineChoppingStyledTextOutput$StateContext;)V @ 34 c
Event: 45.569 Thread 0x000001f7fde9bee0 DEOPT PACKING pc=0x000001f7eebaf8e8 sp=0x000000b3cd5fdf40
Event: 45.569 Thread 0x000001f7fde9bee0 DEOPT UNPACKING pc=0x000001f7ee5569a3 sp=0x000000b3cd5fddd8 mode 2
Event: 45.569 Thread 0x000001f7fde9bee0 Uncommon trap: trap_request=0xffffffc6 fr.pc=0x000001f7eee6527c relative=0x000000000000097c
Event: 45.569 Thread 0x000001f7fde9bee0 Uncommon trap: reason=bimorphic_or_optimized_type_check action=maybe_recompile pc=0x000001f7eee6527c method=java.io.BufferedInputStream.read1([BII)I @ 39 c2
Event: 45.569 Thread 0x000001f7fde9bee0 DEOPT PACKING pc=0x000001f7eee6527c sp=0x000000b3cd5fee20
Event: 45.569 Thread 0x000001f7fde9bee0 DEOPT UNPACKING pc=0x000001f7ee5569a3 sp=0x000000b3cd5fed38 mode 2
Event: 45.570 Thread 0x000001f7fde9bee0 Uncommon trap: trap_request=0xffffffc6 fr.pc=0x000001f7eee4631c relative=0x00000000000001dc
Event: 45.570 Thread 0x000001f7fde9bee0 Uncommon trap: reason=bimorphic_or_optimized_type_check action=maybe_recompile pc=0x000001f7eee4631c method=java.io.BufferedInputStream.read1([BII)I @ 39 c2
Event: 45.570 Thread 0x000001f7fde9bee0 DEOPT PACKING pc=0x000001f7eee4631c sp=0x000000b3cd5fed80
Event: 45.570 Thread 0x000001f7fde9bee0 DEOPT UNPACKING pc=0x000001f7ee5569a3 sp=0x000000b3cd5fed28 mode 2
Event: 57.302 Thread 0x000001f7fde9f3d0 DEOPT PACKING pc=0x000001f7e72f5a03 sp=0x000000b3cd4fdb00
Event: 57.302 Thread 0x000001f7fde9f3d0 DEOPT UNPACKING pc=0x000001f7ee557143 sp=0x000000b3cd4fcf70 mode 0

Classes unloaded (0 events):
No events

Classes redefined (0 events):
No events

Internal exceptions (20 events):
Event: 44.285 Thread 0x000001f7fde9b070 Exception <a 'java/lang/ClassNotFoundException'{0x00000000abab4ed8}: org/gradle/process/internal/DefaultExecAction_DecoratedBeanInfo> (0x00000000abab4ed8) 
thrown [s\src\hotspot\share\classfile\systemDictionary.cpp, line 256]
Event: 44.286 Thread 0x000001f7fde9b070 Exception <a 'java/lang/ClassNotFoundException'{0x00000000abac8ff0}: org/gradle/process/internal/DefaultExecActionBeanInfo> (0x00000000abac8ff0) 
thrown [s\src\hotspot\share\classfile\systemDictionary.cpp, line 256]
Event: 44.288 Thread 0x000001f7fde9b070 Exception <a 'java/lang/ClassNotFoundException'{0x00000000abadd348}: org/gradle/process/internal/DefaultExecHandleBuilderBeanInfo> (0x00000000abadd348) 
thrown [s\src\hotspot\share\classfile\systemDictionary.cpp, line 256]
Event: 44.289 Thread 0x000001f7fde9b070 Exception <a 'java/lang/ClassNotFoundException'{0x00000000abaf1c68}: org/gradle/process/internal/AbstractExecHandleBuilderBeanInfo> (0x00000000abaf1c68) 
thrown [s\src\hotspot\share\classfile\systemDictionary.cpp, line 256]
Event: 44.290 Thread 0x000001f7fde9b070 Exception <a 'java/lang/ClassNotFoundException'{0x00000000ab906f20}: org/gradle/process/internal/DefaultProcessForkOptionsBeanInfo> (0x00000000ab906f20) 
thrown [s\src\hotspot\share\classfile\systemDictionary.cpp, line 256]
Event: 44.291 Thread 0x000001f7fde9b070 Exception <a 'java/lang/ClassNotFoundException'{0x00000000ab91bac8}: org/gradle/process/internal/DefaultProcessForkOptionsCustomizer> (0x00000000ab91bac8) 
thrown [s\src\hotspot\share\classfile\systemDictionary.cpp, line 256]
Event: 44.292 Thread 0x000001f7fde9b070 Exception <a 'java/lang/ClassNotFoundException'{0x00000000ab93dd00}: org/gradle/process/internal/AbstractExecHandleBuilderCustomizer> (0x00000000ab93dd00) 
thrown [s\src\hotspot\share\classfile\systemDictionary.cpp, line 256]
Event: 44.294 Thread 0x000001f7fde9b070 Exception <a 'java/lang/ClassNotFoundException'{0x00000000ab963ff0}: org/gradle/process/internal/DefaultExecHandleBuilderCustomizer> (0x00000000ab963ff0) 
thrown [s\src\hotspot\share\classfile\systemDictionary.cpp, line 256]
Event: 44.296 Thread 0x000001f7fde9b070 Exception <a 'java/lang/ClassNotFoundException'{0x00000000ab9a6870}: org/gradle/process/internal/DefaultExecActionCustomizer> (0x00000000ab9a6870) 
thrown [s\src\hotspot\share\classfile\systemDictionary.cpp, line 256]
Event: 44.298 Thread 0x000001f7fde9b070 Exception <a 'java/lang/ClassNotFoundException'{0x00000000ab9c4550}: org/gradle/process/internal/DefaultExecAction_DecoratedCustomizer> (0x00000000ab9c4550) 
thrown [s\src\hotspot\share\classfile\systemDictionary.cpp, line 256]
Event: 44.302 Thread 0x000001f7fde9b070 Exception <a 'java/lang/ClassNotFoundException'{0x00000000ab800498}: org/gradle/api/logging/LogLevelBeanInfo> (0x00000000ab800498) 
thrown [s\src\hotspot\share\classfile\systemDictionary.cpp, line 256]
Event: 44.303 Thread 0x000001f7fde9b070 Exception <a 'java/lang/ClassNotFoundException'{0x00000000ab813778}: org/gradle/api/logging/LogLevelCustomizer> (0x00000000ab813778) 
thrown [s\src\hotspot\share\classfile\systemDictionary.cpp, line 256]
Event: 44.307 Thread 0x000001f7fde9b070 Exception <a 'java/lang/ClassNotFoundException'{0x00000000ab85da30}: org/gradle/internal/logging/services/DefaultLoggingManagerBeanInfo> (0x00000000ab85da30) 
thrown [s\src\hotspot\share\classfile\systemDictionary.cpp, line 256]
Event: 44.308 Thread 0x000001f7fde9b070 Exception <a 'java/lang/ClassNotFoundException'{0x00000000ab8716f8}: org/gradle/internal/logging/services/DefaultLoggingManagerCustomizer> (0x00000000ab8716f8) 
thrown [s\src\hotspot\share\classfile\systemDictionary.cpp, line 256]
Event: 44.313 Thread 0x000001f7fde9b070 Exception <a 'java/lang/ClassNotFoundException'{0x00000000ab8a4928}: java/lang/BooleanBeanInfo> (0x00000000ab8a4928) 
thrown [s\src\hotspot\share\classfile\systemDictionary.cpp, line 256]
Event: 44.314 Thread 0x000001f7fde9b070 Exception <a 'java/lang/ClassNotFoundException'{0x00000000ab8ac888}: java/lang/BooleanCustomizer> (0x00000000ab8ac888) 
thrown [s\src\hotspot\share\classfile\systemDictionary.cpp, line 256]
Event: 44.351 Thread 0x000001f7fde99d30 Exception <a 'java/lang/NoSuchMethodError'{0x00000000ab715520}: 'void java.lang.invoke.DirectMethodHandle$Holder.invokeStatic(java.lang.Object, long)'> (0x00000000ab715520) 
thrown [s\src\hotspot\share\interpreter\linkResolver.cpp, line 771]
Event: 44.352 Thread 0x000001f7fde99d30 Exception <a 'java/lang/NoSuchMethodError'{0x00000000ab71a790}: 'java.lang.Object java.lang.invoke.DirectMethodHandle$Holder.newInvokeSpecial(java.lang.Object, long)'> (0x00000000ab71a790) 
thrown [s\src\hotspot\share\interpreter\linkResolver.cpp, line 771]
Event: 44.355 Thread 0x000001f7fde99d30 Exception <a 'java/lang/NoSuchMethodError'{0x00000000ab7214d0}: 'java.lang.Object java.lang.invoke.DirectMethodHandle$Holder.invokeStatic(java.lang.Object, java.lang.Object, long, java.lang.Object)'> (0x00000000ab7214d0) 
thrown [s\src\hotspot\share\interpreter\linkResolver.cpp, line 771]
Event: 44.356 Thread 0x000001f7fde99d30 Exception <a 'java/lang/NoSuchMethodError'{0x00000000ab724f20}: 'java.lang.Object java.lang.invoke.DirectMethodHandle$Holder.invokeStaticInit(java.lang.Object, java.lang.Object, long, java.lang.Object)'> (0x00000000ab724f20) 
thrown [s\src\hotspot\share\interpreter\linkResolver.cpp, line 771]

VM Operations (20 events):
Event: 44.162 Executing VM operation: HandshakeAllThreads
Event: 44.162 Executing VM operation: HandshakeAllThreads done
Event: 44.188 Executing VM operation: HandshakeAllThreads
Event: 44.188 Executing VM operation: HandshakeAllThreads done
Event: 44.196 Executing VM operation: HandshakeAllThreads
Event: 44.196 Executing VM operation: HandshakeAllThreads done
Event: 44.207 Executing VM operation: HandshakeAllThreads
Event: 44.207 Executing VM operation: HandshakeAllThreads done
Event: 44.209 Executing VM operation: HandshakeAllThreads
Event: 44.210 Executing VM operation: HandshakeAllThreads done
Event: 44.359 Executing VM operation: HandshakeAllThreads
Event: 44.359 Executing VM operation: HandshakeAllThreads done
Event: 45.349 Executing VM operation: Cleanup
Event: 45.349 Executing VM operation: Cleanup done
Event: 46.364 Executing VM operation: Cleanup
Event: 46.364 Executing VM operation: Cleanup done
Event: 47.377 Executing VM operation: Cleanup
Event: 47.377 Executing VM operation: Cleanup done
Event: 48.384 Executing VM operation: Cleanup
Event: 48.384 Executing VM operation: Cleanup done

Events (20 events):
Event: 44.313 loading class java/lang/BooleanBeanInfo
Event: 44.313 loading class java/lang/BooleanBeanInfo done
Event: 44.313 loading class java/lang/BooleanCustomizer
Event: 44.313 loading class java/lang/BooleanCustomizer done
Event: 44.313 loading class java/lang/BooleanCustomizer
Event: 44.313 loading class java/lang/BooleanCustomizer done
Event: 44.329 Thread 0x000001f7fde99d30 Thread added: 0x000001f7fde99d30
Event: 44.333 loading class java/lang/ProcessImpl
Event: 44.334 loading class java/lang/ProcessImpl done
Event: 44.352 loading class java/lang/ProcessHandleImpl
Event: 44.353 loading class java/lang/ProcessHandleImpl done
Event: 44.357 loading class java/lang/ProcessImpl$2
Event: 44.357 loading class java/lang/ProcessImpl$2 done
Event: 44.357 loading class java/lang/Process$PipeInputStream
Event: 44.357 loading class java/lang/Process$PipeInputStream done
Event: 44.359 loading class jdk/internal/event/ProcessStartEvent
Event: 44.359 loading class jdk/internal/event/ProcessStartEvent done
Event: 44.360 Thread 0x000001f7fde9f3d0 Thread added: 0x000001f7fde9f3d0
Event: 44.361 Thread 0x000001f7fde9bee0 Thread added: 0x000001f7fde9bee0
Event: 45.104 Thread 0x000001f7fd76c3e0 Thread exited: 0x000001f7fd76c3e0


Dynamic libraries:
0x00007ff78dda0000 - 0x00007ff78ddaa000 	C:\Program Files\Android\Android Studio\jbr\bin\java.exe
0x00007ffd82220000 - 0x00007ffd82429000 	C:\Windows\SYSTEM32\ntdll.dll
0x00007ffd810c0000 - 0x00007ffd8117d000 	C:\Windows\System32\KERNEL32.DLL
0x00007ffd7f9b0000 - 0x00007ffd7fd34000 	C:\Windows\System32\KERNELBASE.dll
0x00007ffd7fed0000 - 0x00007ffd7ffe1000 	C:\Windows\System32\ucrtbase.dll
0x00007ffd6ea00000 - 0x00007ffd6ea17000 	C:\Program Files\Android\Android Studio\jbr\bin\jli.dll
0x00007ffd80d10000 - 0x00007ffd80ebd000 	C:\Windows\System32\USER32.dll
0x00007ffd7f8e0000 - 0x00007ffd7f906000 	C:\Windows\System32\win32u.dll
0x00007ffd81b40000 - 0x00007ffd81b6a000 	C:\Windows\System32\GDI32.dll
0x00007ffd7fdb0000 - 0x00007ffd7fece000 	C:\Windows\System32\gdi32full.dll
0x00007ffd7f910000 - 0x00007ffd7f9ad000 	C:\Windows\System32\msvcp_win.dll
0x00007ffd72be0000 - 0x00007ffd72bfb000 	C:\Program Files\Android\Android Studio\jbr\bin\VCRUNTIME140.dll
0x00007ffd71620000 - 0x00007ffd718c5000 	C:\Windows\WinSxS\amd64_microsoft.windows.common-controls_6595b64144ccf1df_6.0.22000.120_none_9d947278b86cc467\COMCTL32.dll
0x00007ffd81be0000 - 0x00007ffd81c83000 	C:\Windows\System32\msvcrt.dll
0x00007ffd803d0000 - 0x00007ffd80401000 	C:\Windows\System32\IMM32.DLL
0x00007ffd7c320000 - 0x00007ffd7c32c000 	C:\Program Files\Android\Android Studio\jbr\bin\vcruntime140_1.dll
0x00007ffd6ec40000 - 0x00007ffd6eccd000 	C:\Program Files\Android\Android Studio\jbr\bin\msvcp140.dll
0x00007ffd4c530000 - 0x00007ffd4d19e000 	C:\Program Files\Android\Android Studio\jbr\bin\server\jvm.dll
0x00007ffd80150000 - 0x00007ffd801fe000 	C:\Windows\System32\ADVAPI32.dll
0x00007ffd80200000 - 0x00007ffd8029e000 	C:\Windows\System32\sechost.dll
0x00007ffd802a0000 - 0x00007ffd803c1000 	C:\Windows\System32\RPCRT4.dll
0x00007ffd79e80000 - 0x00007ffd79e89000 	C:\Windows\SYSTEM32\WSOCK32.dll
0x00007ffd81b70000 - 0x00007ffd81bdf000 	C:\Windows\System32\WS2_32.dll
0x00007ffd79a00000 - 0x00007ffd79a0a000 	C:\Windows\SYSTEM32\VERSION.dll
0x00007ffd76fb0000 - 0x00007ffd76fe3000 	C:\Windows\SYSTEM32\WINMM.dll
0x00007ffd7e720000 - 0x00007ffd7e738000 	C:\Windows\SYSTEM32\kernel.appcore.dll
0x00007ffd79e00000 - 0x00007ffd79e0a000 	C:\Program Files\Android\Android Studio\jbr\bin\jimage.dll
0x00007ffd72d70000 - 0x00007ffd72f91000 	C:\Windows\SYSTEM32\DBGHELP.DLL
0x00007ffd70300000 - 0x00007ffd70331000 	C:\Windows\SYSTEM32\dbgcore.DLL
0x00007ffd7fff0000 - 0x00007ffd8006f000 	C:\Windows\System32\bcryptPrimitives.dll
0x00007ffd75020000 - 0x00007ffd75045000 	C:\Program Files\Android\Android Studio\jbr\bin\java.dll
0x00007ffd75000000 - 0x00007ffd75018000 	C:\Program Files\Android\Android Studio\jbr\bin\zip.dll
0x00007ffd80420000 - 0x00007ffd80be5000 	C:\Windows\System32\SHELL32.dll
0x00007ffd7d780000 - 0x00007ffd7dfe2000 	C:\Windows\SYSTEM32\windows.storage.dll
0x00007ffd81c90000 - 0x00007ffd82006000 	C:\Windows\System32\combase.dll
0x00007ffd7d610000 - 0x00007ffd7d777000 	C:\Windows\SYSTEM32\wintypes.dll
0x00007ffd811a0000 - 0x00007ffd8128a000 	C:\Windows\System32\SHCORE.dll
0x00007ffd800e0000 - 0x00007ffd8013d000 	C:\Windows\System32\shlwapi.dll
0x00007ffd7f5e0000 - 0x00007ffd7f605000 	C:\Windows\SYSTEM32\profapi.dll
0x00007ffd6f7f0000 - 0x00007ffd6f809000 	C:\Program Files\Android\Android Studio\jbr\bin\net.dll
0x00007ffd7a290000 - 0x00007ffd7a3a4000 	C:\Windows\SYSTEM32\WINHTTP.dll
0x00007ffd7ebd0000 - 0x00007ffd7ec37000 	C:\Windows\system32\mswsock.dll
0x00007ffd6f170000 - 0x00007ffd6f186000 	C:\Program Files\Android\Android Studio\jbr\bin\nio.dll
0x00007ffd74750000 - 0x00007ffd74760000 	C:\Program Files\Android\Android Studio\jbr\bin\verify.dll
0x00007ffd79110000 - 0x00007ffd79137000 	C:\Users\MANOEL\.gradle\native\e1d6ef7f7dcc3fd88c89a11ec53ec762bb8ba0a96d01ffa2cd45eb1d1d8dd5c5\windows-amd64\native-platform.dll
0x00007ffd5df30000 - 0x00007ffd5e074000 	C:\Users\MANOEL\.gradle\native\0d407fdbe67a94daf76414ababcb853783967236a71b16ec16e742cd7a986fd3\windows-amd64\native-platform-file-events.dll
0x00007ffd743d0000 - 0x00007ffd743d9000 	C:\Program Files\Android\Android Studio\jbr\bin\management.dll
0x00007ffd72b50000 - 0x00007ffd72b5b000 	C:\Program Files\Android\Android Studio\jbr\bin\management_ext.dll
0x00007ffd80410000 - 0x00007ffd80418000 	C:\Windows\System32\PSAPI.DLL
0x00007ffd7ee10000 - 0x00007ffd7ee28000 	C:\Windows\SYSTEM32\CRYPTSP.dll
0x00007ffd7e680000 - 0x00007ffd7e6b5000 	C:\Windows\system32\rsaenh.dll
0x00007ffd7ecc0000 - 0x00007ffd7ecec000 	C:\Windows\SYSTEM32\USERENV.dll
0x00007ffd7ef90000 - 0x00007ffd7efb7000 	C:\Windows\SYSTEM32\bcrypt.dll
0x00007ffd7ee30000 - 0x00007ffd7ee3c000 	C:\Windows\SYSTEM32\CRYPTBASE.dll
0x00007ffd7e240000 - 0x00007ffd7e26d000 	C:\Windows\SYSTEM32\IPHLPAPI.DLL
0x00007ffd80fa0000 - 0x00007ffd80fa9000 	C:\Windows\System32\NSI.dll
0x00007ffd79de0000 - 0x00007ffd79df9000 	C:\Windows\SYSTEM32\dhcpcsvc6.DLL
0x00007ffd7a410000 - 0x00007ffd7a42e000 	C:\Windows\SYSTEM32\dhcpcsvc.DLL
0x00007ffd7e2b0000 - 0x00007ffd7e397000 	C:\Windows\SYSTEM32\DNSAPI.dll
0x00007ffd71950000 - 0x00007ffd71958000 	C:\Windows\system32\wshunix.dll

dbghelp: loaded successfully - version: 4.0.5 - missing functions: none
symbol engine: initialized successfully - sym options: 0x614 - pdb path: .;C:\Program Files\Android\Android Studio\jbr\bin;C:\Windows\SYSTEM32;C:\Windows\WinSxS\amd64_microsoft.windows.common-controls_6595b64144ccf1df_6.0.22000.120_none_9d947278b86cc467;C:\Program Files\Android\Android Studio\jbr\bin\server;C:\Users\MANOEL\.gradle\native\e1d6ef7f7dcc3fd88c89a11ec53ec762bb8ba0a96d01ffa2cd45eb1d1d8dd5c5\windows-amd64;C:\Users\MANOEL\.gradle\native\0d407fdbe67a94daf76414ababcb853783967236a71b16ec16e742cd7a986fd3\windows-amd64

VM Arguments:
jvm_args: --add-opens=java.base/java.util=ALL-UNNAMED --add-opens=java.base/java.lang=ALL-UNNAMED --add-opens=java.base/java.lang.invoke=ALL-UNNAMED --add-opens=java.base/java.util=ALL-UNNAMED --add-opens=java.prefs/java.util.prefs=ALL-UNNAMED --add-opens=java.prefs/java.util.prefs=ALL-UNNAMED --add-opens=java.base/java.nio.charset=ALL-UNNAMED --add-opens=java.base/java.net=ALL-UNNAMED --add-opens=java.base/java.util.concurrent.atomic=ALL-UNNAMED -Xmx1536M -Dfile.encoding=windows-1252 -Duser.country=BR -Duser.language=pt -Duser.variant 
java_command: org.gradle.launcher.daemon.bootstrap.GradleDaemon 7.5
java_class_path (initial): C:\Users\MANOEL\.gradle\wrapper\dists\gradle-7.5-all\6qsw290k5lz422uaf8jf6m7co\gradle-7.5\lib\gradle-launcher-7.5.jar
Launcher Type: SUN_STANDARD

[Global flags]
     intx CICompilerCount                          = 4                                         {product} {ergonomic}
     uint ConcGCThreads                            = 2                                         {product} {ergonomic}
     uint G1ConcRefinementThreads                  = 8                                         {product} {ergonomic}
   size_t G1HeapRegionSize                         = 1048576                                   {product} {ergonomic}
    uintx GCDrainStackTargetSize                   = 64                                        {product} {ergonomic}
   size_t InitialHeapSize                          = 134217728                                 {product} {ergonomic}
   size_t MarkStackSize                            = 4194304                                   {product} {ergonomic}
   size_t MaxHeapSize                              = 1610612736                                {product} {command line}
   size_t MaxNewSize                               = 965738496                                 {product} {ergonomic}
   size_t MinHeapDeltaBytes                        = 1048576                                   {product} {ergonomic}
   size_t MinHeapSize                              = 8388608                                   {product} {ergonomic}
    uintx NonNMethodCodeHeapSize                   = 5839372                                {pd product} {ergonomic}
    uintx NonProfiledCodeHeapSize                  = 122909434                              {pd product} {ergonomic}
    uintx ProfiledCodeHeapSize                     = 122909434                              {pd product} {ergonomic}
    uintx ReservedCodeCacheSize                    = 251658240                              {pd product} {ergonomic}
     bool SegmentedCodeCache                       = true                                      {product} {ergonomic}
   size_t SoftMaxHeapSize                          = 1610612736                             {manageable} {ergonomic}
     bool UseCompressedClassPointers               = true                           {product lp64_product} {ergonomic}
     bool UseCompressedOops                        = true                           {product lp64_product} {ergonomic}
     bool UseG1GC                                  = true                                      {product} {ergonomic}
     bool UseLargePagesIndividualAllocation        = false                                  {pd product} {ergonomic}

Logging:
Log output configuration:
 #0: stdout all=warning uptime,level,tags
 #1: stderr all=off uptime,level,tags

Environment Variables:
JAVA_HOME=C:\Program Files\Android\Android Studio\jbr
CLASSPATH=C:\Users\MANOEL\Downloads\new_project-20231216T135148Z-001\new_project\android\\gradle\wrapper\gradle-wrapper.jar
PATH=C:\Program Files\Android\Android Studio\jbr\bin;C:\Windows\system32;C:\Windows;C:\Windows\System32\Wbem;C:\Windows\System32\WindowsPowerShell\v1.0\;C:\Windows\System32\OpenSSH\;C:\Program Files\gs\gs10.00.0\bin;C:\Program Files (x86)\NVIDIA Corporation\PhysX\Common;C:\Program Files\nodejs\;C:\Users\MANOEL\AppData\Local\Microsoft\WindowsApps;;C:\Users\MANOEL\AppData\Local\Programs\Microsoft VS Code\bin;C:\Users\MANOEL\AppData\Roaming\npm;C:\Users\MANOEL\Downloads\flutter_windows_3.16.2-stable\flutter\bin\mingit\cmd
USERNAME=MANOEL
OS=Windows_NT
PROCESSOR_IDENTIFIER=Intel64 Family 6 Model 165 Stepping 3, GenuineIntel
TMP=C:\Users\MANOEL\AppData\Local\Temp
TEMP=C:\Users\MANOEL\AppData\Local\Temp


JNI global refs:
JNI global refs: 24, weak refs: 1

JNI global refs memory usage: 843, weak refs: 841


---------------  S Y S T E M  ---------------

OS:
 Windows 11 , 64 bit Build 22000 (10.0.22000.2360)
OS uptime: 8 days 16:24 hours

CPU: total 8 (initial active 8) (4 cores per cpu, 2 threads per core) family 6 model 165 stepping 3 microcode 0xe0, cx8, cmov, fxsr, ht, mmx, 3dnowpref, sse, sse2, sse3, ssse3, sse4.1, sse4.2, popcnt, lzcnt, tsc, tscinvbit, avx, avx2, aes, erms, clmul, bmi1, bmi2, adx, fma, vzeroupper, clflush, clflushopt

Memory: 4k page, system-wide physical 8101M (598M free)
TotalPageFile size 14938M (AvailPageFile size 4M)
current process WorkingSet (physical memory assigned to process): 328M, peak: 475M
current process commit charge ("private bytes"): 497M, peak: 519M

vm_info: OpenJDK 64-Bit Server VM (17.0.6+0-b2043.56-10027231) for windows-amd64 JRE (17.0.6+0-b2043.56-10027231), built on Apr 28 2023 00:43:19 by "androidbuild" with MS VC++ 16.10 / 16.11 (VS2019)

END.
