#
# There is insufficient memory for the Java Runtime Environment to continue.
# Native memory allocation (malloc) failed to allocate 162224 bytes for Chunk::new
# Possible reasons:
#   The system is out of physical RAM or swap space
#   The process is running with CompressedOops enabled, and the Java Heap may be blocking the growth of the native heap
# Possible solutions:
#   Reduce memory load on the system
#   Increase physical memory or swap space
#   Check if swap backing store is full
#   Decrease Java heap size (-Xmx/-Xms)
#   Decrease number of Java threads
#   Decrease Java thread stack sizes (-Xss)
#   Set larger code cache with -XX:ReservedCodeCacheSize=
#   JVM is running with Unscaled Compressed Oops mode in which the Java heap is
#     placed in the first 4GB address space. The Java Heap base address is the
#     maximum limit for the native heap growth. Please use -XX:HeapBaseMinAddress
#     to set the Java Heap base and to place the Java Heap above 4GB virtual address.
# This output file may be truncated or incomplete.
#
#  Out of Memory Error (arena.cpp:189), pid=15008, tid=9876
#
# JRE version: OpenJDK Runtime Environment (17.0.6) (build 17.0.6+0-b2043.56-10027231)
# Java VM: OpenJDK 64-Bit Server VM (17.0.6+0-b2043.56-10027231, mixed mode, tiered, compressed oops, compressed class ptrs, g1 gc, windows-amd64)
# No core dump will be written. Minidumps are not enabled by default on client versions of Windows
#

---------------  S U M M A R Y ------------

Command Line: --add-opens=java.base/java.util=ALL-UNNAMED --add-opens=java.base/java.lang=ALL-UNNAMED --add-opens=java.base/java.lang.invoke=ALL-UNNAMED --add-opens=java.base/java.util=ALL-UNNAMED --add-opens=java.prefs/java.util.prefs=ALL-UNNAMED --add-opens=java.prefs/java.util.prefs=ALL-UNNAMED --add-opens=java.base/java.nio.charset=ALL-UNNAMED --add-opens=java.base/java.net=ALL-UNNAMED --add-opens=java.base/java.util.concurrent.atomic=ALL-UNNAMED -Xmx1536M -Dfile.encoding=windows-1252 -Duser.country=BR -Duser.language=pt -Duser.variant org.gradle.launcher.daemon.bootstrap.GradleDaemon 7.5

Host: Intel(R) Core(TM) i3-10100F CPU @ 3.60GHz, 8 cores, 7G,  Windows 11 , 64 bit Build 22000 (10.0.22000.2360)
Time: Sat Dec 16 11:41:20 2023 Hora oficial do Brasil elapsed time: 65.497989 seconds (0d 0h 1m 5s)

---------------  T H R E A D  ---------------

Current thread (0x0000023a9dc19030):  JavaThread "C2 CompilerThread0" daemon [_thread_in_native, id=9876, stack(0x000000d247a00000,0x000000d247b00000)]


Current CompileTask:
C2:  65498 12668       4       java.lang.reflect.AccessibleObject::checkCanSetAccessible (368 bytes)

Stack: [0x000000d247a00000,0x000000d247b00000]
Native frames: (J=compiled Java code, j=interpreted, Vv=VM code, C=native code)
V  [jvm.dll+0x683c9a]
V  [jvm.dll+0x8427a4]
V  [jvm.dll+0x843f9e]
V  [jvm.dll+0x844603]
V  [jvm.dll+0x249b75]
V  [jvm.dll+0xabcac]
V  [jvm.dll+0xac27c]
V  [jvm.dll+0x11f257]
V  [jvm.dll+0x60fc92]
V  [jvm.dll+0x6140cf]
V  [jvm.dll+0x21c078]
V  [jvm.dll+0x21b621]
V  [jvm.dll+0x1a4fdd]
V  [jvm.dll+0x22b098]
V  [jvm.dll+0x229159]
V  [jvm.dll+0x7f81ec]
V  [jvm.dll+0x7f274a]
V  [jvm.dll+0x682ad5]
C  [ucrtbase.dll+0x26c0c]
C  [KERNEL32.DLL+0x153e0]
C  [ntdll.dll+0x485b]


---------------  P R O C E S S  ---------------

Threads class SMR info:
_java_thread_list=0x0000023aa8035690, length=138, elements={
0x0000023a847109f0, 0x0000023a9d27f010, 0x0000023a9d2839f0, 0x0000023a9d29d5b0,
0x0000023a9d29de70, 0x0000023a9d29e820, 0x0000023a9dc18440, 0x0000023a9dc19030,
0x0000023a9dc1a9f0, 0x0000023a9dc8c750, 0x0000023a9dda7b40, 0x0000023a9ddb0630,
0x0000023a9f3fb150, 0x0000023aa07a66d0, 0x0000023a9f408040, 0x0000023aa0eef700,
0x0000023aa0fc8a90, 0x0000023aa095a580, 0x0000023aa00de500, 0x0000023aa03c1130,
0x0000023aa03c1ad0, 0x0000023aa03c37b0, 0x0000023aa03c1fa0, 0x0000023aa03c3c80,
0x0000023aa03c1600, 0x0000023aa03c2940, 0x0000023aa03c2470, 0x0000023aa03c2e10,
0x0000023aa03c4620, 0x0000023aa03c4af0, 0x0000023aa03c32e0, 0x0000023aa03c4150,
0x0000023aa07ef630, 0x0000023aa07ecfb0, 0x0000023aa07e8c50, 0x0000023aa07ed950,
0x0000023aa07ef160, 0x0000023aa07effd0, 0x0000023aa07e8780, 0x0000023aa07ee7c0,
0x0000023aa07ea930, 0x0000023aa07eb2d0, 0x0000023aa07e9ac0, 0x0000023aa07ea460,
0x0000023aa07eae00, 0x0000023aa07eb7a0, 0x0000023aa07ecae0, 0x0000023aa07ebc70,
0x0000023aa07ec140, 0x0000023aa07eec90, 0x0000023aa07ec610, 0x0000023aa07ede20,
0x0000023aa07ee2f0, 0x0000023aa19a93b0, 0x0000023aa19a9d50, 0x0000023aa19a8a10,
0x0000023aa19a8ee0, 0x0000023aa19ab090, 0x0000023aa19a9880, 0x0000023aa19ab560,
0x0000023aa19aba30, 0x0000023aa19aa220, 0x0000023aa19aa6f0, 0x0000023aa19aabc0,
0x0000023aa19a8070, 0x0000023aa19a8540, 0x0000023aa1814270, 0x0000023aa1812a60,
0x0000023aa1810d80, 0x0000023aa180ff10, 0x0000023aa18150e0, 0x0000023aa18108b0,
0x0000023aa1811bf0, 0x0000023aa180fa40, 0x0000023aa1813400, 0x0000023aa1811250,
0x0000023aa18120c0, 0x0000023aa1814c10, 0x0000023aa18155b0, 0x0000023aa18103e0,
0x0000023aa1811720, 0x0000023aa1815a80, 0x0000023aa1812590, 0x0000023aa1812f30,
0x0000023aa18138d0, 0x0000023aa1813da0, 0x0000023aa180f0a0, 0x0000023aa1815f50,
0x0000023aa1814740, 0x0000023aa1816420, 0x0000023aa18168f0, 0x0000023aa180f570,
0x0000023aa078e4e0, 0x0000023aa078d670, 0x0000023aa078e9b0, 0x0000023aa07919d0,
0x0000023aa0791500, 0x0000023aa07901c0, 0x0000023aa0792840, 0x0000023aa0791ea0,
0x0000023aa0792d10, 0x0000023aa078f820, 0x0000023aa0790690, 0x0000023aa0793b80,
0x0000023aa078db40, 0x0000023aa0792370, 0x0000023aa07931e0, 0x0000023aa0790b60,
0x0000023aa078ccd0, 0x0000023aa078ee80, 0x0000023aa07936b0, 0x0000023aa078d1a0,
0x0000023aa0791030, 0x0000023aa078c330, 0x0000023aa078e010, 0x0000023aa078fcf0,
0x0000023aa078c800, 0x0000023aa078f350, 0x0000023aa1f184c0, 0x0000023aa1f1c820,
0x0000023aa1f154a0, 0x0000023aa1f167e0, 0x0000023aa1f16cb0, 0x0000023aa1f18990,
0x0000023aa1f15e40, 0x0000023aa1f19330, 0x0000023aa1f1a1a0, 0x0000023aa1f1a670,
0x0000023aa1f1ab40, 0x0000023aa1f1b010, 0x0000023aa1f17180, 0x0000023aa1f17650,
0x0000023aa1f1be80, 0x0000023aa1f17b20, 0x0000023aa1f1ccf0, 0x0000023aa89c5550,
0x0000023aa89be6a0, 0x0000023aa89bf040
}

Java Threads: ( => current thread )
  0x0000023a847109f0 JavaThread "main" [_thread_blocked, id=1052, stack(0x000000d246d00000,0x000000d246e00000)]
  0x0000023a9d27f010 JavaThread "Reference Handler" daemon [_thread_blocked, id=2980, stack(0x000000d247400000,0x000000d247500000)]
  0x0000023a9d2839f0 JavaThread "Finalizer" daemon [_thread_blocked, id=11704, stack(0x000000d247500000,0x000000d247600000)]
  0x0000023a9d29d5b0 JavaThread "Signal Dispatcher" daemon [_thread_blocked, id=7476, stack(0x000000d247600000,0x000000d247700000)]
  0x0000023a9d29de70 JavaThread "Attach Listener" daemon [_thread_blocked, id=9548, stack(0x000000d247700000,0x000000d247800000)]
  0x0000023a9d29e820 JavaThread "Service Thread" daemon [_thread_blocked, id=11416, stack(0x000000d247800000,0x000000d247900000)]
  0x0000023a9dc18440 JavaThread "Monitor Deflation Thread" daemon [_thread_blocked, id=7180, stack(0x000000d247900000,0x000000d247a00000)]
=>0x0000023a9dc19030 JavaThread "C2 CompilerThread0" daemon [_thread_in_native, id=9876, stack(0x000000d247a00000,0x000000d247b00000)]
  0x0000023a9dc1a9f0 JavaThread "C1 CompilerThread0" daemon [_thread_blocked, id=13964, stack(0x000000d247b00000,0x000000d247c00000)]
  0x0000023a9dc8c750 JavaThread "Sweeper thread" daemon [_thread_blocked, id=1584, stack(0x000000d247c00000,0x000000d247d00000)]
  0x0000023a9dda7b40 JavaThread "Common-Cleaner" daemon [_thread_blocked, id=13576, stack(0x000000d247d00000,0x000000d247e00000)]
  0x0000023a9ddb0630 JavaThread "Notification Thread" daemon [_thread_blocked, id=8132, stack(0x000000d247e00000,0x000000d247f00000)]
  0x0000023a9f3fb150 JavaThread "Daemon health stats" [_thread_blocked, id=10236, stack(0x000000d248500000,0x000000d248600000)]
  0x0000023aa07a66d0 JavaThread "Incoming local TCP Connector on port 50263" [_thread_in_native, id=16272, stack(0x000000d248600000,0x000000d248700000)]
  0x0000023a9f408040 JavaThread "Daemon periodic checks" [_thread_blocked, id=6772, stack(0x000000d248700000,0x000000d248800000)]
  0x0000023aa0eef700 JavaThread "Daemon" [_thread_blocked, id=5336, stack(0x000000d248800000,0x000000d248900000)]
  0x0000023aa0fc8a90 JavaThread "Handler for socket connection from /127.0.0.1:50263 to /127.0.0.1:50264" [_thread_in_native, id=12036, stack(0x000000d248900000,0x000000d248a00000)]
  0x0000023aa095a580 JavaThread "Cancel handler" [_thread_blocked, id=15596, stack(0x000000d248a00000,0x000000d248b00000)]
  0x0000023aa00de500 JavaThread "Daemon worker" [_thread_in_vm, id=11816, stack(0x000000d248b00000,0x000000d248c00000)]
  0x0000023aa03c1130 JavaThread "Asynchronous log dispatcher for DefaultDaemonConnection: socket connection from /127.0.0.1:50263 to /127.0.0.1:50264" [_thread_blocked, id=13440, stack(0x000000d248c00000,0x000000d248d00000)]
  0x0000023aa03c1ad0 JavaThread "Stdin handler" [_thread_blocked, id=11772, stack(0x000000d248d00000,0x000000d248e00000)]
  0x0000023aa03c37b0 JavaThread "Daemon client event forwarder" [_thread_blocked, id=15624, stack(0x000000d248e00000,0x000000d248f00000)]
  0x0000023aa03c1fa0 JavaThread "Cache worker for journal cache (C:\Users\MANOEL\.gradle\caches\journal-1)" [_thread_blocked, id=11636, stack(0x000000d248100000,0x000000d248200000)]
  0x0000023aa03c3c80 JavaThread "File lock request listener" [_thread_in_native, id=3860, stack(0x000000d248f00000,0x000000d249000000)]
  0x0000023aa03c1600 JavaThread "Cache worker for file hash cache (C:\Users\MANOEL\.gradle\caches\7.5\fileHashes)" [_thread_blocked, id=276, stack(0x000000d249400000,0x000000d249500000)]
  0x0000023aa03c2940 JavaThread "File watcher server" daemon [_thread_in_native, id=7644, stack(0x000000d249500000,0x000000d249600000)]
  0x0000023aa03c2470 JavaThread "File watcher consumer" daemon [_thread_blocked, id=5032, stack(0x000000d249600000,0x000000d249700000)]
  0x0000023aa03c2e10 JavaThread "Cache worker for checksums cache (C:\Users\MANOEL\Downloads\new_project-20231216T135148Z-001\new_project\android\.gradle\7.5\checksums)" [_thread_blocked, id=14636, stack(0x000000d249700000,0x000000d249800000)]
  0x0000023aa03c4620 JavaThread "Cache worker for cache directory md-rule (C:\Users\MANOEL\.gradle\caches\7.5\md-rule)" [_thread_blocked, id=13756, stack(0x000000d249800000,0x000000d249900000)]
  0x0000023aa03c4af0 JavaThread "Cache worker for file content cache (C:\Users\MANOEL\.gradle\caches\7.5\fileContent)" [_thread_blocked, id=9252, stack(0x000000d249900000,0x000000d249a00000)]
  0x0000023aa03c32e0 JavaThread "Cache worker for file hash cache (C:\Users\MANOEL\Downloads\new_project-20231216T135148Z-001\new_project\android\.gradle\7.5\fileHashes)" [_thread_blocked, id=1040, stack(0x000000d249a00000,0x000000d249b00000)]
  0x0000023aa03c4150 JavaThread "Cache worker for cache directory md-supplier (C:\Users\MANOEL\.gradle\caches\7.5\md-supplier)" [_thread_blocked, id=6596, stack(0x000000d249b00000,0x000000d249c00000)]
  0x0000023aa07ef630 JavaThread "Cache worker for execution history cache (C:\Users\MANOEL\.gradle\caches\7.5\executionHistory)" [_thread_blocked, id=4656, stack(0x000000d249c00000,0x000000d249d00000)]
  0x0000023aa07ecfb0 JavaThread "jar transforms" [_thread_blocked, id=3344, stack(0x000000d249d00000,0x000000d249e00000)]
  0x0000023aa07e8c50 JavaThread "jar transforms Thread 2" [_thread_blocked, id=16296, stack(0x000000d249e00000,0x000000d249f00000)]
  0x0000023aa07ed950 JavaThread "jar transforms Thread 3" [_thread_blocked, id=15492, stack(0x000000d249f00000,0x000000d24a000000)]
  0x0000023aa07ef160 JavaThread "jar transforms Thread 4" [_thread_blocked, id=836, stack(0x000000d24a000000,0x000000d24a100000)]
  0x0000023aa07effd0 JavaThread "jar transforms Thread 5" [_thread_blocked, id=4740, stack(0x000000d24a100000,0x000000d24a200000)]
  0x0000023aa07e8780 JavaThread "jar transforms Thread 6" [_thread_blocked, id=15868, stack(0x000000d24a200000,0x000000d24a300000)]
  0x0000023aa07ee7c0 JavaThread "Cache worker for dependencies-accessors (C:\Users\MANOEL\Downloads\new_project-20231216T135148Z-001\new_project\android\.gradle\7.5\dependencies-accessors)" [_thread_blocked, id=10148, stack(0x000000d24a300000,0x000000d24a400000)]
  0x0000023aa07ea930 JavaThread "jar transforms Thread 7" [_thread_blocked, id=11864, stack(0x000000d24a400000,0x000000d24a500000)]
  0x0000023aa07eb2d0 JavaThread "Cache worker for Build Output Cleanup Cache (C:\Users\MANOEL\Downloads\new_project-20231216T135148Z-001\new_project\android\.gradle\buildOutputCleanup)" [_thread_blocked, id=16352, stack(0x000000d24a500000,0x000000d24a600000)]
  0x0000023aa07e9ac0 JavaThread "File lock release action executor" [_thread_blocked, id=13468, stack(0x000000d24a600000,0x000000d24a700000)]
  0x0000023aa07ea460 JavaThread "Unconstrained build operations" [_thread_blocked, id=5452, stack(0x000000d24a700000,0x000000d24a800000)]
  0x0000023aa07eae00 JavaThread "Unconstrained build operations Thread 2" [_thread_blocked, id=1504, stack(0x000000d24a800000,0x000000d24a900000)]
  0x0000023aa07eb7a0 JavaThread "Unconstrained build operations Thread 3" [_thread_blocked, id=10904, stack(0x000000d24a900000,0x000000d24aa00000)]
  0x0000023aa07ecae0 JavaThread "Unconstrained build operations Thread 4" [_thread_blocked, id=8068, stack(0x000000d24aa00000,0x000000d24ab00000)]
  0x0000023aa07ebc70 JavaThread "Unconstrained build operations Thread 5" [_thread_blocked, id=9056, stack(0x000000d24ab00000,0x000000d24ac00000)]
  0x0000023aa07ec140 JavaThread "Unconstrained build operations Thread 6" [_thread_blocked, id=13536, stack(0x000000d24ac00000,0x000000d24ad00000)]
  0x0000023aa07eec90 JavaThread "Unconstrained build operations Thread 7" [_thread_blocked, id=12508, stack(0x000000d24ad00000,0x000000d24ae00000)]
  0x0000023aa07ec610 JavaThread "Unconstrained build operations Thread 8" [_thread_blocked, id=448, stack(0x000000d24ae00000,0x000000d24af00000)]
  0x0000023aa07ede20 JavaThread "Unconstrained build operations Thread 9" [_thread_blocked, id=10600, stack(0x000000d24af00000,0x000000d24b000000)]
  0x0000023aa07ee2f0 JavaThread "Unconstrained build operations Thread 10" [_thread_blocked, id=14540, stack(0x000000d24b000000,0x000000d24b100000)]
  0x0000023aa19a93b0 JavaThread "Unconstrained build operations Thread 11" [_thread_blocked, id=11020, stack(0x000000d24b100000,0x000000d24b200000)]
  0x0000023aa19a9d50 JavaThread "Unconstrained build operations Thread 12" [_thread_blocked, id=7184, stack(0x000000d24b200000,0x000000d24b300000)]
  0x0000023aa19a8a10 JavaThread "Unconstrained build operations Thread 13" [_thread_blocked, id=3744, stack(0x000000d24b300000,0x000000d24b400000)]
  0x0000023aa19a8ee0 JavaThread "Unconstrained build operations Thread 14" [_thread_blocked, id=12684, stack(0x000000d24b400000,0x000000d24b500000)]
  0x0000023aa19ab090 JavaThread "Unconstrained build operations Thread 15" [_thread_blocked, id=7484, stack(0x000000d24b500000,0x000000d24b600000)]
  0x0000023aa19a9880 JavaThread "Unconstrained build operations Thread 16" [_thread_blocked, id=7976, stack(0x000000d24b600000,0x000000d24b700000)]
  0x0000023aa19ab560 JavaThread "Unconstrained build operations Thread 17" [_thread_blocked, id=12680, stack(0x000000d24b700000,0x000000d24b800000)]
  0x0000023aa19aba30 JavaThread "Unconstrained build operations Thread 18" [_thread_blocked, id=7048, stack(0x000000d24b800000,0x000000d24b900000)]
  0x0000023aa19aa220 JavaThread "Unconstrained build operations Thread 19" [_thread_blocked, id=8120, stack(0x000000d24b900000,0x000000d24ba00000)]
  0x0000023aa19aa6f0 JavaThread "Unconstrained build operations Thread 20" [_thread_blocked, id=2880, stack(0x000000d24ba00000,0x000000d24bb00000)]
  0x0000023aa19aabc0 JavaThread "Unconstrained build operations Thread 21" [_thread_blocked, id=8244, stack(0x000000d24bb00000,0x000000d24bc00000)]
  0x0000023aa19a8070 JavaThread "Unconstrained build operations Thread 22" [_thread_blocked, id=5528, stack(0x000000d24bc00000,0x000000d24bd00000)]
  0x0000023aa19a8540 JavaThread "Unconstrained build operations Thread 23" [_thread_blocked, id=920, stack(0x000000d24bd00000,0x000000d24be00000)]
  0x0000023aa1814270 JavaThread "Unconstrained build operations Thread 24" [_thread_blocked, id=14200, stack(0x000000d24be00000,0x000000d24bf00000)]
  0x0000023aa1812a60 JavaThread "Unconstrained build operations Thread 25" [_thread_blocked, id=3796, stack(0x000000d24bf00000,0x000000d24c000000)]
  0x0000023aa1810d80 JavaThread "Unconstrained build operations Thread 26" [_thread_blocked, id=12204, stack(0x000000d24c000000,0x000000d24c100000)]
  0x0000023aa180ff10 JavaThread "Unconstrained build operations Thread 27" [_thread_blocked, id=10188, stack(0x000000d24c100000,0x000000d24c200000)]
  0x0000023aa18150e0 JavaThread "Unconstrained build operations Thread 28" [_thread_blocked, id=5064, stack(0x000000d24c200000,0x000000d24c300000)]
  0x0000023aa18108b0 JavaThread "Unconstrained build operations Thread 29" [_thread_blocked, id=6788, stack(0x000000d24c300000,0x000000d24c400000)]
  0x0000023aa1811bf0 JavaThread "Unconstrained build operations Thread 30" [_thread_blocked, id=8720, stack(0x000000d24c400000,0x000000d24c500000)]
  0x0000023aa180fa40 JavaThread "Unconstrained build operations Thread 31" [_thread_blocked, id=2104, stack(0x000000d24c500000,0x000000d24c600000)]
  0x0000023aa1813400 JavaThread "Unconstrained build operations Thread 32" [_thread_blocked, id=13768, stack(0x000000d24c600000,0x000000d24c700000)]
  0x0000023aa1811250 JavaThread "Unconstrained build operations Thread 33" [_thread_blocked, id=16156, stack(0x000000d24c700000,0x000000d24c800000)]
  0x0000023aa18120c0 JavaThread "Unconstrained build operations Thread 34" [_thread_blocked, id=12528, stack(0x000000d24c800000,0x000000d24c900000)]
  0x0000023aa1814c10 JavaThread "Unconstrained build operations Thread 35" [_thread_blocked, id=13216, stack(0x000000d24c900000,0x000000d24ca00000)]
  0x0000023aa18155b0 JavaThread "Unconstrained build operations Thread 36" [_thread_blocked, id=12948, stack(0x000000d24ca00000,0x000000d24cb00000)]
  0x0000023aa18103e0 JavaThread "Unconstrained build operations Thread 37" [_thread_blocked, id=12540, stack(0x000000d24cb00000,0x000000d24cc00000)]
  0x0000023aa1811720 JavaThread "Unconstrained build operations Thread 38" [_thread_blocked, id=15256, stack(0x000000d24cc00000,0x000000d24cd00000)]
  0x0000023aa1815a80 JavaThread "Unconstrained build operations Thread 39" [_thread_blocked, id=2784, stack(0x000000d24cd00000,0x000000d24ce00000)]
  0x0000023aa1812590 JavaThread "Unconstrained build operations Thread 40" [_thread_blocked, id=2540, stack(0x000000d24ce00000,0x000000d24cf00000)]
  0x0000023aa1812f30 JavaThread "Unconstrained build operations Thread 41" [_thread_blocked, id=492, stack(0x000000d24cf00000,0x000000d24d000000)]
  0x0000023aa18138d0 JavaThread "Unconstrained build operations Thread 42" [_thread_blocked, id=12748, stack(0x000000d24d000000,0x000000d24d100000)]
  0x0000023aa1813da0 JavaThread "Unconstrained build operations Thread 43" [_thread_blocked, id=10708, stack(0x000000d24d100000,0x000000d24d200000)]
  0x0000023aa180f0a0 JavaThread "Unconstrained build operations Thread 44" [_thread_blocked, id=6320, stack(0x000000d24d200000,0x000000d24d300000)]
  0x0000023aa1815f50 JavaThread "Unconstrained build operations Thread 45" [_thread_blocked, id=4912, stack(0x000000d24d300000,0x000000d24d400000)]
  0x0000023aa1814740 JavaThread "Unconstrained build operations Thread 46" [_thread_blocked, id=11336, stack(0x000000d24d400000,0x000000d24d500000)]
  0x0000023aa1816420 JavaThread "Unconstrained build operations Thread 47" [_thread_blocked, id=14588, stack(0x000000d24d500000,0x000000d24d600000)]
  0x0000023aa18168f0 JavaThread "Unconstrained build operations Thread 48" [_thread_blocked, id=15072, stack(0x000000d24d600000,0x000000d24d700000)]
  0x0000023aa180f570 JavaThread "Unconstrained build operations Thread 49" [_thread_blocked, id=13400, stack(0x000000d24d700000,0x000000d24d800000)]
  0x0000023aa078e4e0 JavaThread "Unconstrained build operations Thread 50" [_thread_blocked, id=15476, stack(0x000000d24d800000,0x000000d24d900000)]
  0x0000023aa078d670 JavaThread "Unconstrained build operations Thread 51" [_thread_blocked, id=10648, stack(0x000000d24d900000,0x000000d24da00000)]
  0x0000023aa078e9b0 JavaThread "Unconstrained build operations Thread 52" [_thread_blocked, id=12928, stack(0x000000d24da00000,0x000000d24db00000)]
  0x0000023aa07919d0 JavaThread "Unconstrained build operations Thread 53" [_thread_blocked, id=8292, stack(0x000000d24db00000,0x000000d24dc00000)]
  0x0000023aa0791500 JavaThread "Unconstrained build operations Thread 54" [_thread_blocked, id=5232, stack(0x000000d24dc00000,0x000000d24dd00000)]
  0x0000023aa07901c0 JavaThread "Unconstrained build operations Thread 55" [_thread_blocked, id=11012, stack(0x000000d24dd00000,0x000000d24de00000)]
  0x0000023aa0792840 JavaThread "Unconstrained build operations Thread 56" [_thread_blocked, id=9076, stack(0x000000d24de00000,0x000000d24df00000)]
  0x0000023aa0791ea0 JavaThread "Unconstrained build operations Thread 57" [_thread_blocked, id=11056, stack(0x000000d24df00000,0x000000d24e000000)]
  0x0000023aa0792d10 JavaThread "Unconstrained build operations Thread 58" [_thread_blocked, id=7112, stack(0x000000d24e000000,0x000000d24e100000)]
  0x0000023aa078f820 JavaThread "Unconstrained build operations Thread 59" [_thread_blocked, id=3472, stack(0x000000d24e100000,0x000000d24e200000)]
  0x0000023aa0790690 JavaThread "Unconstrained build operations Thread 60" [_thread_blocked, id=10324, stack(0x000000d24e200000,0x000000d24e300000)]
  0x0000023aa0793b80 JavaThread "Unconstrained build operations Thread 61" [_thread_blocked, id=2184, stack(0x000000d24e300000,0x000000d24e400000)]
  0x0000023aa078db40 JavaThread "Unconstrained build operations Thread 62" [_thread_blocked, id=1436, stack(0x000000d24e400000,0x000000d24e500000)]
  0x0000023aa0792370 JavaThread "Unconstrained build operations Thread 63" [_thread_blocked, id=4572, stack(0x000000d24e500000,0x000000d24e600000)]
  0x0000023aa07931e0 JavaThread "Unconstrained build operations Thread 64" [_thread_blocked, id=15368, stack(0x000000d24e600000,0x000000d24e700000)]
  0x0000023aa0790b60 JavaThread "Unconstrained build operations Thread 65" [_thread_blocked, id=8384, stack(0x000000d24e700000,0x000000d24e800000)]
  0x0000023aa078ccd0 JavaThread "Unconstrained build operations Thread 66" [_thread_blocked, id=16076, stack(0x000000d24e800000,0x000000d24e900000)]
  0x0000023aa078ee80 JavaThread "Unconstrained build operations Thread 67" [_thread_blocked, id=10200, stack(0x000000d24e900000,0x000000d24ea00000)]
  0x0000023aa07936b0 JavaThread "Unconstrained build operations Thread 68" [_thread_blocked, id=4332, stack(0x000000d24ea00000,0x000000d24eb00000)]
  0x0000023aa078d1a0 JavaThread "Unconstrained build operations Thread 69" [_thread_blocked, id=10468, stack(0x000000d24eb00000,0x000000d24ec00000)]
  0x0000023aa0791030 JavaThread "Unconstrained build operations Thread 70" [_thread_blocked, id=15220, stack(0x000000d24ec00000,0x000000d24ed00000)]
  0x0000023aa078c330 JavaThread "Unconstrained build operations Thread 71" [_thread_blocked, id=5736, stack(0x000000d24ed00000,0x000000d24ee00000)]
  0x0000023aa078e010 JavaThread "Unconstrained build operations Thread 72" [_thread_blocked, id=1892, stack(0x000000d24ee00000,0x000000d24ef00000)]
  0x0000023aa078fcf0 JavaThread "Unconstrained build operations Thread 73" [_thread_blocked, id=8096, stack(0x000000d24ef00000,0x000000d24f000000)]
  0x0000023aa078c800 JavaThread "Unconstrained build operations Thread 74" [_thread_blocked, id=12736, stack(0x000000d24f000000,0x000000d24f100000)]
  0x0000023aa078f350 JavaThread "Unconstrained build operations Thread 75" [_thread_blocked, id=12916, stack(0x000000d24f100000,0x000000d24f200000)]
  0x0000023aa1f184c0 JavaThread "Unconstrained build operations Thread 76" [_thread_blocked, id=11948, stack(0x000000d24f200000,0x000000d24f300000)]
  0x0000023aa1f1c820 JavaThread "Unconstrained build operations Thread 77" [_thread_blocked, id=4056, stack(0x000000d24f300000,0x000000d24f400000)]
  0x0000023aa1f154a0 JavaThread "Unconstrained build operations Thread 78" [_thread_blocked, id=9936, stack(0x000000d24f400000,0x000000d24f500000)]
  0x0000023aa1f167e0 JavaThread "Unconstrained build operations Thread 79" [_thread_blocked, id=4784, stack(0x000000d24f500000,0x000000d24f600000)]
  0x0000023aa1f16cb0 JavaThread "Unconstrained build operations Thread 80" [_thread_blocked, id=3752, stack(0x000000d24f600000,0x000000d24f700000)]
  0x0000023aa1f18990 JavaThread "jar transforms Thread 8" [_thread_blocked, id=14756, stack(0x000000d24f700000,0x000000d24f800000)]
  0x0000023aa1f15e40 JavaThread "Memory manager" [_thread_blocked, id=1092, stack(0x000000d24f900000,0x000000d24fa00000)]
  0x0000023aa1f19330 JavaThread "Cache worker for kotlin-dsl (C:\Users\MANOEL\.gradle\caches\7.5\kotlin-dsl)" [_thread_blocked, id=6480, stack(0x000000d24fa00000,0x000000d24fb00000)]
  0x0000023aa1f1a1a0 JavaThread "included builds" [_thread_blocked, id=7296, stack(0x000000d24f800000,0x000000d24f900000)]
  0x0000023aa1f1a670 JavaThread "Execution worker" [_thread_blocked, id=12348, stack(0x000000d24fd00000,0x000000d24fe00000)]
  0x0000023aa1f1ab40 JavaThread "Execution worker Thread 2" [_thread_blocked, id=3968, stack(0x000000d24fe00000,0x000000d24ff00000)]
  0x0000023aa1f1b010 JavaThread "Execution worker Thread 3" [_thread_blocked, id=796, stack(0x000000d24ff00000,0x000000d250000000)]
  0x0000023aa1f17180 JavaThread "Execution worker Thread 4" [_thread_blocked, id=11404, stack(0x000000d250000000,0x000000d250100000)]
  0x0000023aa1f17650 JavaThread "Execution worker Thread 5" [_thread_blocked, id=7432, stack(0x000000d250100000,0x000000d250200000)]
  0x0000023aa1f1be80 JavaThread "Execution worker Thread 6" [_thread_blocked, id=6116, stack(0x000000d250200000,0x000000d250300000)]
  0x0000023aa1f17b20 JavaThread "Execution worker Thread 7" [_thread_blocked, id=6584, stack(0x000000d250300000,0x000000d250400000)]
  0x0000023aa1f1ccf0 JavaThread "Cache worker for execution history cache (C:\Users\MANOEL\Downloads\new_project-20231216T135148Z-001\new_project\android\.gradle\7.5\executionHistory)" [_thread_blocked, id=13224, stack(0x000000d250400000,0x000000d250500000)]
  0x0000023aa89c5550 JavaThread "Exec process" [_thread_in_native, id=12168, stack(0x000000d250500000,0x000000d250600000)]
  0x0000023aa89be6a0 JavaThread "Exec process Thread 2" [_thread_in_native, id=15320, stack(0x000000d250600000,0x000000d250700000)]
  0x0000023aa89bf040 JavaThread "Exec process Thread 3" [_thread_in_native, id=12808, stack(0x000000d250700000,0x000000d250800000)]

Other Threads:
  0x0000023a9d247810 VMThread "VM Thread" [stack: 0x000000d247300000,0x000000d247400000] [id=4832]
  0x0000023a9ddb0b00 WatcherThread [stack: 0x000000d247f00000,0x000000d248000000] [id=14792]
  0x0000023a8475d170 GCTaskThread "GC Thread#0" [stack: 0x000000d246e00000,0x000000d246f00000] [id=10448]
  0x0000023a9edd4500 GCTaskThread "GC Thread#1" [stack: 0x000000d248200000,0x000000d248300000] [id=9428]
  0x0000023a9edd47b0 GCTaskThread "GC Thread#2" [stack: 0x000000d248300000,0x000000d248400000] [id=11340]
  0x0000023a9eced770 GCTaskThread "GC Thread#3" [stack: 0x000000d248400000,0x000000d248500000] [id=564]
  0x0000023a9f2dfbd0 GCTaskThread "GC Thread#4" [stack: 0x000000d248000000,0x000000d248100000] [id=1904]
  0x0000023aa0716d80 GCTaskThread "GC Thread#5" [stack: 0x000000d249000000,0x000000d249100000] [id=15564]
  0x0000023a9ee24420 GCTaskThread "GC Thread#6" [stack: 0x000000d249100000,0x000000d249200000] [id=11420]
  0x0000023aa03b15c0 GCTaskThread "GC Thread#7" [stack: 0x000000d249200000,0x000000d249300000] [id=13204]
  0x0000023a84769f50 ConcurrentGCThread "G1 Main Marker" [stack: 0x000000d246f00000,0x000000d247000000] [id=2760]
  0x0000023a8476a800 ConcurrentGCThread "G1 Conc#0" [stack: 0x000000d247000000,0x000000d247100000] [id=12780]
  0x0000023a9ee25770 ConcurrentGCThread "G1 Conc#1" [stack: 0x000000d249300000,0x000000d249400000] [id=10340]
  0x0000023a847d31a0 ConcurrentGCThread "G1 Refine#0" [stack: 0x000000d247100000,0x000000d247200000] [id=14304]
  0x0000023a847d3a60 ConcurrentGCThread "G1 Service" [stack: 0x000000d247200000,0x000000d247300000] [id=6280]

Threads with active compile tasks:
C2 CompilerThread0    65665 12668       4       java.lang.reflect.AccessibleObject::checkCanSetAccessible (368 bytes)

VM state: not at safepoint (normal execution)

VM Mutex/Monitor currently owned by a thread:  ([mutex/lock_event])
[0x0000023a8470f810] SystemDictionary_lock - owner thread: 0x0000000000000000

Heap address: 0x00000000a0000000, size: 1536 MB, Compressed Oops mode: 32-bit

CDS archive(s) not mapped
Compressed class space mapped at: 0x0000000100000000-0x0000000140000000, reserved size: 1073741824
Narrow klass base: 0x0000000000000000, Narrow klass shift: 3, Narrow klass range: 0x140000000

GC Precious Log:
 CPUs: 8 total, 8 available
 Memory: 8101M
 Large Page Support: Disabled
 NUMA Support: Disabled
 Compressed Oops: Enabled (32-bit)
 Heap Region Size: 1M
 Heap Min Capacity: 8M
 Heap Initial Capacity: 128M
 Heap Max Capacity: 1536M
 Pre-touch: Disabled
 Parallel Workers: 8
 Concurrent Workers: 2
 Concurrent Refinement Workers: 8
 Periodic GC: Disabled

Heap:
 garbage-first heap   total 164864K, used 126327K [0x00000000a0000000, 0x0000000100000000)
  region size 1024K, 9 young (9216K), 3 survivors (3072K)
 Metaspace       used 94357K, committed 95296K, reserved 1138688K
  class space    used 12895K, committed 13312K, reserved 1048576K

Heap Regions: E=young(eden), S=young(survivor), O=old, HS=humongous(starts), HC=humongous(continues), CS=collection set, F=free, OA=open archive, CA=closed archive, TAMS=top-at-mark-start (previous, next)
|   0|0x00000000a0000000, 0x00000000a0100000, 0x00000000a0100000|100%| O|  |TAMS 0x00000000a0100000, 0x00000000a0000000| Untracked 
|   1|0x00000000a0100000, 0x00000000a0200000, 0x00000000a0200000|100%| O|  |TAMS 0x00000000a0200000, 0x00000000a0100000| Untracked 
|   2|0x00000000a0200000, 0x00000000a0300000, 0x00000000a0300000|100%| O|  |TAMS 0x00000000a0300000, 0x00000000a0200000| Untracked 
|   3|0x00000000a0300000, 0x00000000a0400000, 0x00000000a0400000|100%|HS|  |TAMS 0x00000000a0400000, 0x00000000a0300000| Complete 
|   4|0x00000000a0400000, 0x00000000a0500000, 0x00000000a0500000|100%|HC|  |TAMS 0x00000000a0500000, 0x00000000a0400000| Complete 
|   5|0x00000000a0500000, 0x00000000a0600000, 0x00000000a0600000|100%|HC|  |TAMS 0x00000000a0600000, 0x00000000a0500000| Complete 
|   6|0x00000000a0600000, 0x00000000a0700000, 0x00000000a0700000|100%| O|  |TAMS 0x00000000a0700000, 0x00000000a0600000| Untracked 
|   7|0x00000000a0700000, 0x00000000a0800000, 0x00000000a0800000|100%| O|  |TAMS 0x00000000a0800000, 0x00000000a0700000| Untracked 
|   8|0x00000000a0800000, 0x00000000a0900000, 0x00000000a0900000|100%| O|  |TAMS 0x00000000a0900000, 0x00000000a0800000| Untracked 
|   9|0x00000000a0900000, 0x00000000a0a00000, 0x00000000a0a00000|100%| O|  |TAMS 0x00000000a0a00000, 0x00000000a0900000| Untracked 
|  10|0x00000000a0a00000, 0x00000000a0b00000, 0x00000000a0b00000|100%| O|  |TAMS 0x00000000a0b00000, 0x00000000a0a00000| Untracked 
|  11|0x00000000a0b00000, 0x00000000a0c00000, 0x00000000a0c00000|100%| O|  |TAMS 0x00000000a0c00000, 0x00000000a0b00000| Untracked 
|  12|0x00000000a0c00000, 0x00000000a0d00000, 0x00000000a0d00000|100%| O|  |TAMS 0x00000000a0d00000, 0x00000000a0c00000| Untracked 
|  13|0x00000000a0d00000, 0x00000000a0e00000, 0x00000000a0e00000|100%| O|  |TAMS 0x00000000a0e00000, 0x00000000a0d00000| Untracked 
|  14|0x00000000a0e00000, 0x00000000a0f00000, 0x00000000a0f00000|100%| O|  |TAMS 0x00000000a0f00000, 0x00000000a0e00000| Untracked 
|  15|0x00000000a0f00000, 0x00000000a1000000, 0x00000000a1000000|100%| O|  |TAMS 0x00000000a1000000, 0x00000000a0f00000| Untracked 
|  16|0x00000000a1000000, 0x00000000a1100000, 0x00000000a1100000|100%| O|  |TAMS 0x00000000a1100000, 0x00000000a1000000| Untracked 
|  17|0x00000000a1100000, 0x00000000a1200000, 0x00000000a1200000|100%| O|  |TAMS 0x00000000a1200000, 0x00000000a1100000| Untracked 
|  18|0x00000000a1200000, 0x00000000a1300000, 0x00000000a1300000|100%| O|  |TAMS 0x00000000a1300000, 0x00000000a1200000| Untracked 
|  19|0x00000000a1300000, 0x00000000a1400000, 0x00000000a1400000|100%| O|  |TAMS 0x00000000a1400000, 0x00000000a1300000| Untracked 
|  20|0x00000000a1400000, 0x00000000a1500000, 0x00000000a1500000|100%| O|  |TAMS 0x00000000a1500000, 0x00000000a1400000| Untracked 
|  21|0x00000000a1500000, 0x00000000a1600000, 0x00000000a1600000|100%| O|  |TAMS 0x00000000a1600000, 0x00000000a1500000| Untracked 
|  22|0x00000000a1600000, 0x00000000a1700000, 0x00000000a1700000|100%| O|  |TAMS 0x00000000a1700000, 0x00000000a1600000| Untracked 
|  23|0x00000000a1700000, 0x00000000a1800000, 0x00000000a1800000|100%| O|  |TAMS 0x00000000a1800000, 0x00000000a1700000| Untracked 
|  24|0x00000000a1800000, 0x00000000a1900000, 0x00000000a1900000|100%| O|  |TAMS 0x00000000a1900000, 0x00000000a1800000| Untracked 
|  25|0x00000000a1900000, 0x00000000a1a00000, 0x00000000a1a00000|100%| O|  |TAMS 0x00000000a1a00000, 0x00000000a1900000| Untracked 
|  26|0x00000000a1a00000, 0x00000000a1b00000, 0x00000000a1b00000|100%| O|  |TAMS 0x00000000a1b00000, 0x00000000a1a00000| Untracked 
|  27|0x00000000a1b00000, 0x00000000a1c00000, 0x00000000a1c00000|100%| O|  |TAMS 0x00000000a1c00000, 0x00000000a1b00000| Untracked 
|  28|0x00000000a1c00000, 0x00000000a1d00000, 0x00000000a1d00000|100%| O|  |TAMS 0x00000000a1d00000, 0x00000000a1c00000| Untracked 
|  29|0x00000000a1d00000, 0x00000000a1e00000, 0x00000000a1e00000|100%| O|  |TAMS 0x00000000a1e00000, 0x00000000a1d00000| Untracked 
|  30|0x00000000a1e00000, 0x00000000a1f00000, 0x00000000a1f00000|100%| O|  |TAMS 0x00000000a1f00000, 0x00000000a1e00000| Untracked 
|  31|0x00000000a1f00000, 0x00000000a2000000, 0x00000000a2000000|100%| O|  |TAMS 0x00000000a2000000, 0x00000000a1f00000| Untracked 
|  32|0x00000000a2000000, 0x00000000a2100000, 0x00000000a2100000|100%| O|  |TAMS 0x00000000a2100000, 0x00000000a2000000| Untracked 
|  33|0x00000000a2100000, 0x00000000a2200000, 0x00000000a2200000|100%| O|  |TAMS 0x00000000a2200000, 0x00000000a2100000| Untracked 
|  34|0x00000000a2200000, 0x00000000a2300000, 0x00000000a2300000|100%| O|  |TAMS 0x00000000a2300000, 0x00000000a2200000| Untracked 
|  35|0x00000000a2300000, 0x00000000a2400000, 0x00000000a2400000|100%|HS|  |TAMS 0x00000000a2400000, 0x00000000a2300000| Complete 
|  36|0x00000000a2400000, 0x00000000a2500000, 0x00000000a2500000|100%|HS|  |TAMS 0x00000000a2500000, 0x00000000a2400000| Complete 
|  37|0x00000000a2500000, 0x00000000a2600000, 0x00000000a2600000|100%|HS|  |TAMS 0x00000000a2600000, 0x00000000a2500000| Complete 
|  38|0x00000000a2600000, 0x00000000a2700000, 0x00000000a2700000|100%|HS|  |TAMS 0x00000000a2600000, 0x00000000a2600000| Complete 
|  39|0x00000000a2700000, 0x00000000a2800000, 0x00000000a2800000|100%| O|  |TAMS 0x00000000a2800000, 0x00000000a2700000| Untracked 
|  40|0x00000000a2800000, 0x00000000a2900000, 0x00000000a2900000|100%| O|  |TAMS 0x00000000a2900000, 0x00000000a2800000| Untracked 
|  41|0x00000000a2900000, 0x00000000a2a00000, 0x00000000a2a00000|100%| O|  |TAMS 0x00000000a2a00000, 0x00000000a2900000| Untracked 
|  42|0x00000000a2a00000, 0x00000000a2b00000, 0x00000000a2b00000|100%|HS|  |TAMS 0x00000000a2b00000, 0x00000000a2a00000| Complete 
|  43|0x00000000a2b00000, 0x00000000a2c00000, 0x00000000a2c00000|100%|HC|  |TAMS 0x00000000a2c00000, 0x00000000a2b00000| Complete 
|  44|0x00000000a2c00000, 0x00000000a2d00000, 0x00000000a2d00000|100%|HC|  |TAMS 0x00000000a2d00000, 0x00000000a2c00000| Complete 
|  45|0x00000000a2d00000, 0x00000000a2e00000, 0x00000000a2e00000|100%|HS|  |TAMS 0x00000000a2e00000, 0x00000000a2d00000| Complete 
|  46|0x00000000a2e00000, 0x00000000a2f00000, 0x00000000a2f00000|100%|HC|  |TAMS 0x00000000a2f00000, 0x00000000a2e00000| Complete 
|  47|0x00000000a2f00000, 0x00000000a3000000, 0x00000000a3000000|100%| O|  |TAMS 0x00000000a3000000, 0x00000000a2f00000| Untracked 
|  48|0x00000000a3000000, 0x00000000a3100000, 0x00000000a3100000|100%| O|  |TAMS 0x00000000a3100000, 0x00000000a3000000| Untracked 
|  49|0x00000000a3100000, 0x00000000a3200000, 0x00000000a3200000|100%| O|  |TAMS 0x00000000a3200000, 0x00000000a3100000| Untracked 
|  50|0x00000000a3200000, 0x00000000a3300000, 0x00000000a3300000|100%| O|  |TAMS 0x00000000a3300000, 0x00000000a3200000| Untracked 
|  51|0x00000000a3300000, 0x00000000a3400000, 0x00000000a3400000|100%| O|  |TAMS 0x00000000a3400000, 0x00000000a3300000| Untracked 
|  52|0x00000000a3400000, 0x00000000a3500000, 0x00000000a3500000|100%| O|  |TAMS 0x00000000a3500000, 0x00000000a3400000| Untracked 
|  53|0x00000000a3500000, 0x00000000a3600000, 0x00000000a3600000|100%| O|  |TAMS 0x00000000a3600000, 0x00000000a3500000| Untracked 
|  54|0x00000000a3600000, 0x00000000a3700000, 0x00000000a3700000|100%| O|  |TAMS 0x00000000a3700000, 0x00000000a3600000| Untracked 
|  55|0x00000000a3700000, 0x00000000a3800000, 0x00000000a3800000|100%| O|  |TAMS 0x00000000a3800000, 0x00000000a3700000| Untracked 
|  56|0x00000000a3800000, 0x00000000a3900000, 0x00000000a3900000|100%| O|  |TAMS 0x00000000a3900000, 0x00000000a3800000| Untracked 
|  57|0x00000000a3900000, 0x00000000a3a00000, 0x00000000a3a00000|100%| O|  |TAMS 0x00000000a3a00000, 0x00000000a3900000| Untracked 
|  58|0x00000000a3a00000, 0x00000000a3b00000, 0x00000000a3b00000|100%| O|  |TAMS 0x00000000a3b00000, 0x00000000a3a00000| Untracked 
|  59|0x00000000a3b00000, 0x00000000a3c00000, 0x00000000a3c00000|100%| O|  |TAMS 0x00000000a3c00000, 0x00000000a3b00000| Untracked 
|  60|0x00000000a3c00000, 0x00000000a3d00000, 0x00000000a3d00000|100%| O|  |TAMS 0x00000000a3d00000, 0x00000000a3c00000| Untracked 
|  61|0x00000000a3d00000, 0x00000000a3e00000, 0x00000000a3e00000|100%| O|  |TAMS 0x00000000a3e00000, 0x00000000a3d00000| Untracked 
|  62|0x00000000a3e00000, 0x00000000a3f00000, 0x00000000a3f00000|100%| O|  |TAMS 0x00000000a3f00000, 0x00000000a3e00000| Untracked 
|  63|0x00000000a3f00000, 0x00000000a4000000, 0x00000000a4000000|100%| O|  |TAMS 0x00000000a4000000, 0x00000000a3f00000| Untracked 
|  64|0x00000000a4000000, 0x00000000a4100000, 0x00000000a4100000|100%| O|  |TAMS 0x00000000a4100000, 0x00000000a4000000| Untracked 
|  65|0x00000000a4100000, 0x00000000a4200000, 0x00000000a4200000|100%| O|  |TAMS 0x00000000a4200000, 0x00000000a4100000| Untracked 
|  66|0x00000000a4200000, 0x00000000a4300000, 0x00000000a4300000|100%| O|  |TAMS 0x00000000a4300000, 0x00000000a4200000| Untracked 
|  67|0x00000000a4300000, 0x00000000a4400000, 0x00000000a4400000|100%| O|  |TAMS 0x00000000a4400000, 0x00000000a4300000| Untracked 
|  68|0x00000000a4400000, 0x00000000a4500000, 0x00000000a4500000|100%| O|  |TAMS 0x00000000a4500000, 0x00000000a4400000| Untracked 
|  69|0x00000000a4500000, 0x00000000a4600000, 0x00000000a4600000|100%| O|  |TAMS 0x00000000a4600000, 0x00000000a4500000| Untracked 
|  70|0x00000000a4600000, 0x00000000a4700000, 0x00000000a4700000|100%| O|  |TAMS 0x00000000a4700000, 0x00000000a4600000| Untracked 
|  71|0x00000000a4700000, 0x00000000a4800000, 0x00000000a4800000|100%| O|  |TAMS 0x00000000a4800000, 0x00000000a4700000| Untracked 
|  72|0x00000000a4800000, 0x00000000a4900000, 0x00000000a4900000|100%| O|  |TAMS 0x00000000a4900000, 0x00000000a4800000| Untracked 
|  73|0x00000000a4900000, 0x00000000a4a00000, 0x00000000a4a00000|100%| O|  |TAMS 0x00000000a493ee00, 0x00000000a4900000| Untracked 
|  74|0x00000000a4a00000, 0x00000000a4b00000, 0x00000000a4b00000|100%| O|  |TAMS 0x00000000a4a00000, 0x00000000a4a00000| Untracked 
|  75|0x00000000a4b00000, 0x00000000a4c00000, 0x00000000a4c00000|100%| O|  |TAMS 0x00000000a4b00000, 0x00000000a4b00000| Untracked 
|  76|0x00000000a4c00000, 0x00000000a4d00000, 0x00000000a4d00000|100%| O|  |TAMS 0x00000000a4c00000, 0x00000000a4c00000| Untracked 
|  77|0x00000000a4d00000, 0x00000000a4e00000, 0x00000000a4e00000|100%| O|  |TAMS 0x00000000a4d00000, 0x00000000a4d00000| Untracked 
|  78|0x00000000a4e00000, 0x00000000a4f00000, 0x00000000a4f00000|100%| O|  |TAMS 0x00000000a4e00000, 0x00000000a4e00000| Untracked 
|  79|0x00000000a4f00000, 0x00000000a5000000, 0x00000000a5000000|100%|HS|  |TAMS 0x00000000a4f00000, 0x00000000a4f00000| Complete 
|  80|0x00000000a5000000, 0x00000000a5100000, 0x00000000a5100000|100%| O|  |TAMS 0x00000000a5000000, 0x00000000a5000000| Untracked 
|  81|0x00000000a5100000, 0x00000000a5200000, 0x00000000a5200000|100%| O|  |TAMS 0x00000000a5100000, 0x00000000a5100000| Untracked 
|  82|0x00000000a5200000, 0x00000000a5300000, 0x00000000a5300000|100%| O|  |TAMS 0x00000000a5200000, 0x00000000a5200000| Untracked 
|  83|0x00000000a5300000, 0x00000000a5400000, 0x00000000a5400000|100%| O|  |TAMS 0x00000000a5300000, 0x00000000a5300000| Untracked 
|  84|0x00000000a5400000, 0x00000000a5500000, 0x00000000a5500000|100%| O|  |TAMS 0x00000000a5400000, 0x00000000a5400000| Untracked 
|  85|0x00000000a5500000, 0x00000000a5600000, 0x00000000a5600000|100%| O|  |TAMS 0x00000000a5500000, 0x00000000a5500000| Untracked 
|  86|0x00000000a5600000, 0x00000000a5700000, 0x00000000a5700000|100%| O|  |TAMS 0x00000000a5600000, 0x00000000a5600000| Untracked 
|  87|0x00000000a5700000, 0x00000000a5800000, 0x00000000a5800000|100%| O|  |TAMS 0x00000000a5700000, 0x00000000a5700000| Untracked 
|  88|0x00000000a5800000, 0x00000000a5900000, 0x00000000a5900000|100%| O|  |TAMS 0x00000000a5800000, 0x00000000a5800000| Untracked 
|  89|0x00000000a5900000, 0x00000000a5a00000, 0x00000000a5a00000|100%| O|  |TAMS 0x00000000a5900000, 0x00000000a5900000| Untracked 
|  90|0x00000000a5a00000, 0x00000000a5b00000, 0x00000000a5b00000|100%| O|  |TAMS 0x00000000a5a00000, 0x00000000a5a00000| Untracked 
|  91|0x00000000a5b00000, 0x00000000a5c00000, 0x00000000a5c00000|100%| O|  |TAMS 0x00000000a5b00000, 0x00000000a5b00000| Untracked 
|  92|0x00000000a5c00000, 0x00000000a5d00000, 0x00000000a5d00000|100%| O|  |TAMS 0x00000000a5c00000, 0x00000000a5c00000| Untracked 
|  93|0x00000000a5d00000, 0x00000000a5e00000, 0x00000000a5e00000|100%| O|  |TAMS 0x00000000a5d00000, 0x00000000a5d00000| Untracked 
|  94|0x00000000a5e00000, 0x00000000a5f00000, 0x00000000a5f00000|100%| O|  |TAMS 0x00000000a5e00000, 0x00000000a5e00000| Untracked 
|  95|0x00000000a5f00000, 0x00000000a6000000, 0x00000000a6000000|100%| O|  |TAMS 0x00000000a5f00000, 0x00000000a5f00000| Untracked 
|  96|0x00000000a6000000, 0x00000000a6100000, 0x00000000a6100000|100%| O|  |TAMS 0x00000000a6000000, 0x00000000a6000000| Untracked 
|  97|0x00000000a6100000, 0x00000000a6200000, 0x00000000a6200000|100%| O|  |TAMS 0x00000000a6100000, 0x00000000a6100000| Untracked 
|  98|0x00000000a6200000, 0x00000000a6300000, 0x00000000a6300000|100%| O|  |TAMS 0x00000000a6200000, 0x00000000a6200000| Untracked 
|  99|0x00000000a6300000, 0x00000000a6400000, 0x00000000a6400000|100%| O|  |TAMS 0x00000000a6300000, 0x00000000a6300000| Untracked 
| 100|0x00000000a6400000, 0x00000000a6500000, 0x00000000a6500000|100%| O|  |TAMS 0x00000000a6400000, 0x00000000a6400000| Untracked 
| 101|0x00000000a6500000, 0x00000000a6600000, 0x00000000a6600000|100%| O|  |TAMS 0x00000000a6500000, 0x00000000a6500000| Untracked 
| 102|0x00000000a6600000, 0x00000000a6700000, 0x00000000a6700000|100%| O|  |TAMS 0x00000000a6600000, 0x00000000a6600000| Untracked 
| 103|0x00000000a6700000, 0x00000000a6800000, 0x00000000a6800000|100%| O|  |TAMS 0x00000000a6700000, 0x00000000a6700000| Untracked 
| 104|0x00000000a6800000, 0x00000000a6900000, 0x00000000a6900000|100%| O|  |TAMS 0x00000000a6800000, 0x00000000a6800000| Untracked 
| 105|0x00000000a6900000, 0x00000000a6a00000, 0x00000000a6a00000|100%| O|  |TAMS 0x00000000a6900000, 0x00000000a6900000| Untracked 
| 106|0x00000000a6a00000, 0x00000000a6b00000, 0x00000000a6b00000|100%| O|  |TAMS 0x00000000a6a00000, 0x00000000a6a00000| Untracked 
| 107|0x00000000a6b00000, 0x00000000a6c00000, 0x00000000a6c00000|100%| O|  |TAMS 0x00000000a6b00000, 0x00000000a6b00000| Untracked 
| 108|0x00000000a6c00000, 0x00000000a6d00000, 0x00000000a6d00000|100%| O|  |TAMS 0x00000000a6c00000, 0x00000000a6c00000| Untracked 
| 109|0x00000000a6d00000, 0x00000000a6e00000, 0x00000000a6e00000|100%| O|  |TAMS 0x00000000a6d00000, 0x00000000a6d00000| Untracked 
| 110|0x00000000a6e00000, 0x00000000a6f00000, 0x00000000a6f00000|100%| O|  |TAMS 0x00000000a6e00000, 0x00000000a6e00000| Untracked 
| 111|0x00000000a6f00000, 0x00000000a7000000, 0x00000000a7000000|100%| O|  |TAMS 0x00000000a6f00000, 0x00000000a6f00000| Untracked 
| 112|0x00000000a7000000, 0x00000000a7100000, 0x00000000a7100000|100%| O|  |TAMS 0x00000000a7000000, 0x00000000a7000000| Untracked 
| 113|0x00000000a7100000, 0x00000000a7200000, 0x00000000a7200000|100%| O|  |TAMS 0x00000000a7100000, 0x00000000a7100000| Untracked 
| 114|0x00000000a7200000, 0x00000000a7300000, 0x00000000a7300000|100%| O|  |TAMS 0x00000000a7200000, 0x00000000a7200000| Untracked 
| 115|0x00000000a7300000, 0x00000000a73b1600, 0x00000000a7400000| 69%| O|  |TAMS 0x00000000a7300000, 0x00000000a7300000| Untracked 
| 116|0x00000000a7400000, 0x00000000a7400000, 0x00000000a7500000|  0%| F|  |TAMS 0x00000000a7400000, 0x00000000a7400000| Untracked 
| 117|0x00000000a7500000, 0x00000000a7500000, 0x00000000a7600000|  0%| F|  |TAMS 0x00000000a7500000, 0x00000000a7500000| Untracked 
| 118|0x00000000a7600000, 0x00000000a7600000, 0x00000000a7700000|  0%| F|  |TAMS 0x00000000a7600000, 0x00000000a7600000| Untracked 
| 119|0x00000000a7700000, 0x00000000a7700000, 0x00000000a7800000|  0%| F|  |TAMS 0x00000000a7700000, 0x00000000a7700000| Untracked 
| 120|0x00000000a7800000, 0x00000000a7800000, 0x00000000a7900000|  0%| F|  |TAMS 0x00000000a7800000, 0x00000000a7800000| Untracked 
| 121|0x00000000a7900000, 0x00000000a7900000, 0x00000000a7a00000|  0%| F|  |TAMS 0x00000000a7900000, 0x00000000a7900000| Untracked 
| 122|0x00000000a7a00000, 0x00000000a7a00000, 0x00000000a7b00000|  0%| F|  |TAMS 0x00000000a7a00000, 0x00000000a7a00000| Untracked 
| 123|0x00000000a7b00000, 0x00000000a7b00000, 0x00000000a7c00000|  0%| F|  |TAMS 0x00000000a7b00000, 0x00000000a7b00000| Untracked 
| 124|0x00000000a7c00000, 0x00000000a7c00000, 0x00000000a7d00000|  0%| F|  |TAMS 0x00000000a7c00000, 0x00000000a7c00000| Untracked 
| 125|0x00000000a7d00000, 0x00000000a7d00000, 0x00000000a7e00000|  0%| F|  |TAMS 0x00000000a7d00000, 0x00000000a7d00000| Untracked 
| 126|0x00000000a7e00000, 0x00000000a7e00000, 0x00000000a7f00000|  0%| F|  |TAMS 0x00000000a7e00000, 0x00000000a7e00000| Untracked 
| 127|0x00000000a7f00000, 0x00000000a7f00000, 0x00000000a8000000|  0%| F|  |TAMS 0x00000000a7f00000, 0x00000000a7f00000| Untracked 
| 128|0x00000000a8000000, 0x00000000a8000000, 0x00000000a8100000|  0%| F|  |TAMS 0x00000000a8000000, 0x00000000a8000000| Untracked 
| 129|0x00000000a8100000, 0x00000000a8100000, 0x00000000a8200000|  0%| F|  |TAMS 0x00000000a8100000, 0x00000000a8100000| Untracked 
| 130|0x00000000a8200000, 0x00000000a8200000, 0x00000000a8300000|  0%| F|  |TAMS 0x00000000a8200000, 0x00000000a8200000| Untracked 
| 131|0x00000000a8300000, 0x00000000a8300000, 0x00000000a8400000|  0%| F|  |TAMS 0x00000000a8300000, 0x00000000a8300000| Untracked 
| 132|0x00000000a8400000, 0x00000000a8400000, 0x00000000a8500000|  0%| F|  |TAMS 0x00000000a8400000, 0x00000000a8400000| Untracked 
| 133|0x00000000a8500000, 0x00000000a8500000, 0x00000000a8600000|  0%| F|  |TAMS 0x00000000a8500000, 0x00000000a8500000| Untracked 
| 134|0x00000000a8600000, 0x00000000a8600000, 0x00000000a8700000|  0%| F|  |TAMS 0x00000000a8600000, 0x00000000a8600000| Untracked 
| 135|0x00000000a8700000, 0x00000000a8700000, 0x00000000a8800000|  0%| F|  |TAMS 0x00000000a8700000, 0x00000000a8700000| Untracked 
| 136|0x00000000a8800000, 0x00000000a8800000, 0x00000000a8900000|  0%| F|  |TAMS 0x00000000a8800000, 0x00000000a8800000| Untracked 
| 137|0x00000000a8900000, 0x00000000a89ac970, 0x00000000a8a00000| 67%| S|CS|TAMS 0x00000000a8900000, 0x00000000a8900000| Complete 
| 138|0x00000000a8a00000, 0x00000000a8b00000, 0x00000000a8b00000|100%| S|CS|TAMS 0x00000000a8a00000, 0x00000000a8a00000| Complete 
| 139|0x00000000a8b00000, 0x00000000a8b00000, 0x00000000a8c00000|  0%| F|  |TAMS 0x00000000a8b00000, 0x00000000a8b00000| Untracked 
| 140|0x00000000a8c00000, 0x00000000a8c00000, 0x00000000a8d00000|  0%| F|  |TAMS 0x00000000a8c00000, 0x00000000a8c00000| Untracked 
| 141|0x00000000a8d00000, 0x00000000a8d00000, 0x00000000a8e00000|  0%| F|  |TAMS 0x00000000a8d00000, 0x00000000a8d00000| Untracked 
| 142|0x00000000a8e00000, 0x00000000a8f00000, 0x00000000a8f00000|100%| S|CS|TAMS 0x00000000a8e00000, 0x00000000a8e00000| Complete 
| 143|0x00000000a8f00000, 0x00000000a8f00000, 0x00000000a9000000|  0%| F|  |TAMS 0x00000000a8f00000, 0x00000000a8f00000| Untracked 
| 144|0x00000000a9000000, 0x00000000a9000000, 0x00000000a9100000|  0%| F|  |TAMS 0x00000000a9000000, 0x00000000a9000000| Untracked 
| 145|0x00000000a9100000, 0x00000000a9100000, 0x00000000a9200000|  0%| F|  |TAMS 0x00000000a9100000, 0x00000000a9100000| Untracked 
| 146|0x00000000a9200000, 0x00000000a9200000, 0x00000000a9300000|  0%| F|  |TAMS 0x00000000a9200000, 0x00000000a9200000| Untracked 
| 147|0x00000000a9300000, 0x00000000a9300000, 0x00000000a9400000|  0%| F|  |TAMS 0x00000000a9300000, 0x00000000a9300000| Untracked 
| 148|0x00000000a9400000, 0x00000000a9400000, 0x00000000a9500000|  0%| F|  |TAMS 0x00000000a9400000, 0x00000000a9400000| Untracked 
| 149|0x00000000a9500000, 0x00000000a9500000, 0x00000000a9600000|  0%| F|  |TAMS 0x00000000a9500000, 0x00000000a9500000| Untracked 
| 150|0x00000000a9600000, 0x00000000a9600000, 0x00000000a9700000|  0%| F|  |TAMS 0x00000000a9600000, 0x00000000a9600000| Untracked 
| 151|0x00000000a9700000, 0x00000000a9700000, 0x00000000a9800000|  0%| F|  |TAMS 0x00000000a9700000, 0x00000000a9700000| Untracked 
| 152|0x00000000a9800000, 0x00000000a9800000, 0x00000000a9900000|  0%| F|  |TAMS 0x00000000a9800000, 0x00000000a9800000| Untracked 
| 153|0x00000000a9900000, 0x00000000a9900000, 0x00000000a9a00000|  0%| F|  |TAMS 0x00000000a9900000, 0x00000000a9900000| Untracked 
| 154|0x00000000a9a00000, 0x00000000a9a00000, 0x00000000a9b00000|  0%| F|  |TAMS 0x00000000a9a00000, 0x00000000a9a00000| Untracked 
| 155|0x00000000a9b00000, 0x00000000a9b64e30, 0x00000000a9c00000| 39%| E|  |TAMS 0x00000000a9b00000, 0x00000000a9b00000| Complete 
| 156|0x00000000a9c00000, 0x00000000a9d00000, 0x00000000a9d00000|100%| E|CS|TAMS 0x00000000a9c00000, 0x00000000a9c00000| Complete 
| 157|0x00000000a9d00000, 0x00000000a9e00000, 0x00000000a9e00000|100%| E|CS|TAMS 0x00000000a9d00000, 0x00000000a9d00000| Complete 
| 158|0x00000000a9e00000, 0x00000000a9f00000, 0x00000000a9f00000|100%| E|CS|TAMS 0x00000000a9e00000, 0x00000000a9e00000| Complete 
| 159|0x00000000a9f00000, 0x00000000aa000000, 0x00000000aa000000|100%| E|CS|TAMS 0x00000000a9f00000, 0x00000000a9f00000| Complete 
| 160|0x00000000aa000000, 0x00000000aa100000, 0x00000000aa100000|100%| E|CS|TAMS 0x00000000aa000000, 0x00000000aa000000| Complete 

Card table byte_map: [0x0000023a97210000,0x0000023a97510000] _byte_map_base: 0x0000023a96d10000

Marking Bits (Prev, Next): (CMBitMap*) 0x0000023a8475d620, (CMBitMap*) 0x0000023a8475d660
 Prev Bits: [0x0000023a97810000, 0x0000023a99010000)
 Next Bits: [0x0000023a99010000, 0x0000023a9a810000)

Polling page: 0x0000023a83ee0000

Metaspace:

Usage:
  Non-class:     79.55 MB used.
      Class:     12.59 MB used.
       Both:     92.15 MB used.

Virtual space:
  Non-class space:       88.00 MB reserved,      80.06 MB ( 91%) committed,  11 nodes.
      Class space:        1.00 GB reserved,      13.00 MB (  1%) committed,  1 nodes.
             Both:        1.09 GB reserved,      93.06 MB (  8%) committed. 

Chunk freelists:
   Non-Class:  3.78 MB
       Class:  2.85 MB
        Both:  6.63 MB

MaxMetaspaceSize: unlimited
CompressedClassSpaceSize: 1.00 GB
Initial GC threshold: 21.00 MB
Current GC threshold: 132.00 MB
CDS: off
MetaspaceReclaimPolicy: balanced
 - commit_granule_bytes: 65536.
 - commit_granule_words: 8192.
 - virtual_space_node_default_size: 1048576.
 - enlarge_chunks_in_place: 1.
 - new_chunks_are_fully_committed: 0.
 - uncommit_free_chunks: 1.
 - use_allocation_guard: 0.
 - handle_deallocations: 1.


Internal statistics:

num_allocs_failed_limit: 8.
num_arena_births: 1114.
num_arena_deaths: 0.
num_vsnodes_births: 12.
num_vsnodes_deaths: 0.
num_space_committed: 1489.
num_space_uncommitted: 0.
num_chunks_returned_to_freelist: 8.
num_chunks_taken_from_freelist: 4775.
num_chunk_merges: 3.
num_chunk_splits: 3052.
num_chunks_enlarged: 1920.
num_purges: 0.
num_inconsistent_stats: 0.

CodeHeap 'non-profiled nmethods': size=120000Kb used=6447Kb max_used=6447Kb free=113552Kb
 bounds [0x0000023a8f6b0000, 0x0000023a8fd00000, 0x0000023a96be0000]
CodeHeap 'profiled nmethods': size=120000Kb used=21369Kb max_used=21369Kb free=98630Kb
 bounds [0x0000023a87be0000, 0x0000023a890c0000, 0x0000023a8f110000]
CodeHeap 'non-nmethods': size=5760Kb used=2391Kb max_used=2520Kb free=3368Kb
 bounds [0x0000023a8f110000, 0x0000023a8f3a0000, 0x0000023a8f6b0000]
 total_blobs=11847 nmethods=10921 adapters=838
 compilation: enabled
              stopped_count=0, restarted_count=0
 full_count=0

Compilation events (20 events):
Event: 65.282 Thread 0x0000023a9dc1a9f0 12674       3       sun.nio.ch.IOUtil::bufferAddress (10 bytes)
Event: 65.285 Thread 0x0000023a9dc1a9f0 nmethod 12674 0x0000023a890baa90 code [0x0000023a890bac20, 0x0000023a890bad98]
Event: 65.285 Thread 0x0000023a9dc1a9f0 12675       3       java.nio.Buffer$1::getBufferAddress (5 bytes)
Event: 65.285 Thread 0x0000023a9dc1a9f0 nmethod 12675 0x0000023a890bae90 code [0x0000023a890bb020, 0x0000023a890bb138]
Event: 65.285 Thread 0x0000023a9dc1a9f0 12671       3       sun.nio.cs.SingleByte$Decoder::decodeLoop (28 bytes)
Event: 65.286 Thread 0x0000023a9dc1a9f0 nmethod 12671 0x0000023a890bb210 code [0x0000023a890bb3e0, 0x0000023a890bb7f8]
Event: 65.286 Thread 0x0000023a9dc1a9f0 12672       3       sun.nio.cs.SingleByte$Decoder::decodeArrayLoop (205 bytes)
Event: 65.304 Thread 0x0000023a9dc1a9f0 nmethod 12672 0x0000023a890bb990 code [0x0000023a890bbda0, 0x0000023a890bd958]
Event: 65.304 Thread 0x0000023a9dc1a9f0 12681       3       java.nio.charset.CharsetDecoder::<init> (10 bytes)
Event: 65.304 Thread 0x0000023a9dc1a9f0 nmethod 12681 0x0000023a890be490 code [0x0000023a890be640, 0x0000023a890be788]
Event: 65.304 Thread 0x0000023a9dc1a9f0 12683       1       org.gradle.internal.logging.events.StyledTextOutputEvent$Span::getStyle (5 bytes)
Event: 65.311 Thread 0x0000023a9dc1a9f0 nmethod 12683 0x0000023a8fcfae90 code [0x0000023a8fcfb020, 0x0000023a8fcfb0f8]
Event: 65.311 Thread 0x0000023a9dc1a9f0 12682       1       org.gradle.internal.logging.events.StyledTextOutputEvent::getSpans (5 bytes)
Event: 65.313 Thread 0x0000023a9dc1a9f0 nmethod 12682 0x0000023a8fcfb190 code [0x0000023a8fcfb320, 0x0000023a8fcfb3f8]
Event: 65.313 Thread 0x0000023a9dc1a9f0 12684       1       org.gradle.internal.logging.events.StyledTextOutputEvent$Span::getText (5 bytes)
Event: 65.313 Thread 0x0000023a9dc1a9f0 nmethod 12684 0x0000023a8fcfb490 code [0x0000023a8fcfb620, 0x0000023a8fcfb6f8]
Event: 65.313 Thread 0x0000023a9dc1a9f0 12678       1       org.gradle.internal.logging.events.StyledTextOutputEvent$Span::access$000 (5 bytes)
Event: 65.316 Thread 0x0000023a9dc1a9f0 nmethod 12678 0x0000023a8fcfb790 code [0x0000023a8fcfb920, 0x0000023a8fcfb9d8]
Event: 65.316 Thread 0x0000023a9dc1a9f0 12679       1       org.gradle.internal.logging.events.StyledTextOutputEvent$Span::access$100 (5 bytes)
Event: 65.328 Thread 0x0000023a9dc1a9f0 nmethod 12679 0x0000023a8fcfba90 code [0x0000023a8fcfbc20, 0x0000023a8fcfbcd8]

GC Heap History (20 events):
Event: 33.134 GC heap before
{Heap before GC invocations=63 (full 0):
 garbage-first heap   total 137216K, used 117256K [0x00000000a0000000, 0x0000000100000000)
  region size 1024K, 15 young (15360K), 2 survivors (2048K)
 Metaspace       used 89244K, committed 90176K, reserved 1130496K
  class space    used 12156K, committed 12544K, reserved 1048576K
}
Event: 33.138 GC heap after
{Heap after GC invocations=64 (full 0):
 garbage-first heap   total 137216K, used 105276K [0x00000000a0000000, 0x0000000100000000)
  region size 1024K, 2 young (2048K), 2 survivors (2048K)
 Metaspace       used 89244K, committed 90176K, reserved 1130496K
  class space    used 12156K, committed 12544K, reserved 1048576K
}
Event: 33.461 GC heap before
{Heap before GC invocations=64 (full 0):
 garbage-first heap   total 137216K, used 117564K [0x00000000a0000000, 0x0000000100000000)
  region size 1024K, 14 young (14336K), 2 survivors (2048K)
 Metaspace       used 90182K, committed 91072K, reserved 1130496K
  class space    used 12285K, committed 12672K, reserved 1048576K
}
Event: 33.464 GC heap after
{Heap after GC invocations=65 (full 0):
 garbage-first heap   total 137216K, used 106030K [0x00000000a0000000, 0x0000000100000000)
  region size 1024K, 1 young (1024K), 1 survivors (1024K)
 Metaspace       used 90182K, committed 91072K, reserved 1130496K
  class space    used 12285K, committed 12672K, reserved 1048576K
}
Event: 33.755 GC heap before
{Heap before GC invocations=65 (full 0):
 garbage-first heap   total 137216K, used 118318K [0x00000000a0000000, 0x0000000100000000)
  region size 1024K, 13 young (13312K), 1 survivors (1024K)
 Metaspace       used 90839K, committed 91712K, reserved 1130496K
  class space    used 12368K, committed 12736K, reserved 1048576K
}
Event: 33.759 GC heap after
{Heap after GC invocations=66 (full 0):
 garbage-first heap   total 137216K, used 107552K [0x00000000a0000000, 0x0000000100000000)
  region size 1024K, 2 young (2048K), 2 survivors (2048K)
 Metaspace       used 90839K, committed 91712K, reserved 1130496K
  class space    used 12368K, committed 12736K, reserved 1048576K
}
Event: 33.968 GC heap before
{Heap before GC invocations=66 (full 0):
 garbage-first heap   total 137216K, used 117792K [0x00000000a0000000, 0x0000000100000000)
  region size 1024K, 12 young (12288K), 2 survivors (2048K)
 Metaspace       used 91553K, committed 92480K, reserved 1130496K
  class space    used 12470K, committed 12864K, reserved 1048576K
}
Event: 33.971 GC heap after
{Heap after GC invocations=67 (full 0):
 garbage-first heap   total 137216K, used 108397K [0x00000000a0000000, 0x0000000100000000)
  region size 1024K, 1 young (1024K), 1 survivors (1024K)
 Metaspace       used 91553K, committed 92480K, reserved 1130496K
  class space    used 12470K, committed 12864K, reserved 1048576K
}
Event: 34.422 GC heap before
{Heap before GC invocations=67 (full 0):
 garbage-first heap   total 137216K, used 117613K [0x00000000a0000000, 0x0000000100000000)
  region size 1024K, 10 young (10240K), 1 survivors (1024K)
 Metaspace       used 91778K, committed 92672K, reserved 1130496K
  class space    used 12487K, committed 12864K, reserved 1048576K
}
Event: 34.426 GC heap after
{Heap after GC invocations=68 (full 0):
 garbage-first heap   total 137216K, used 111177K [0x00000000a0000000, 0x0000000100000000)
  region size 1024K, 2 young (2048K), 2 survivors (2048K)
 Metaspace       used 91778K, committed 92672K, reserved 1130496K
  class space    used 12487K, committed 12864K, reserved 1048576K
}
Event: 34.651 GC heap before
{Heap before GC invocations=68 (full 0):
 garbage-first heap   total 137216K, used 118345K [0x00000000a0000000, 0x0000000100000000)
  region size 1024K, 9 young (9216K), 2 survivors (2048K)
 Metaspace       used 91966K, committed 92800K, reserved 1130496K
  class space    used 12511K, committed 12864K, reserved 1048576K
}
Event: 34.654 GC heap after
{Heap after GC invocations=69 (full 0):
 garbage-first heap   total 137216K, used 113354K [0x00000000a0000000, 0x0000000100000000)
  region size 1024K, 2 young (2048K), 2 survivors (2048K)
 Metaspace       used 91966K, committed 92800K, reserved 1130496K
  class space    used 12511K, committed 12864K, reserved 1048576K
}
Event: 34.714 GC heap before
{Heap before GC invocations=69 (full 0):
 garbage-first heap   total 137216K, used 118474K [0x00000000a0000000, 0x0000000100000000)
  region size 1024K, 7 young (7168K), 2 survivors (2048K)
 Metaspace       used 92035K, committed 92928K, reserved 1130496K
  class space    used 12519K, committed 12928K, reserved 1048576K
}
Event: 34.716 GC heap after
{Heap after GC invocations=70 (full 0):
 garbage-first heap   total 137216K, used 115023K [0x00000000a0000000, 0x0000000100000000)
  region size 1024K, 1 young (1024K), 1 survivors (1024K)
 Metaspace       used 92035K, committed 92928K, reserved 1130496K
  class space    used 12519K, committed 12928K, reserved 1048576K
}
Event: 34.814 GC heap before
{Heap before GC invocations=70 (full 0):
 garbage-first heap   total 137216K, used 120143K [0x00000000a0000000, 0x0000000100000000)
  region size 1024K, 6 young (6144K), 1 survivors (1024K)
 Metaspace       used 92169K, committed 93056K, reserved 1130496K
  class space    used 12537K, committed 12928K, reserved 1048576K
}
Event: 34.817 GC heap after
{Heap after GC invocations=71 (full 0):
 garbage-first heap   total 164864K, used 115993K [0x00000000a0000000, 0x0000000100000000)
  region size 1024K, 1 young (1024K), 1 survivors (1024K)
 Metaspace       used 92169K, committed 93056K, reserved 1130496K
  class space    used 12537K, committed 12928K, reserved 1048576K
}
Event: 35.257 GC heap before
{Heap before GC invocations=71 (full 0):
 garbage-first heap   total 164864K, used 134425K [0x00000000a0000000, 0x0000000100000000)
  region size 1024K, 20 young (20480K), 1 survivors (1024K)
 Metaspace       used 92668K, committed 93568K, reserved 1130496K
  class space    used 12601K, committed 12992K, reserved 1048576K
}
Event: 35.261 GC heap after
{Heap after GC invocations=72 (full 0):
 garbage-first heap   total 164864K, used 118449K [0x00000000a0000000, 0x0000000100000000)
  region size 1024K, 3 young (3072K), 3 survivors (3072K)
 Metaspace       used 92668K, committed 93568K, reserved 1130496K
  class space    used 12601K, committed 12992K, reserved 1048576K
}
Event: 36.226 GC heap before
{Heap before GC invocations=72 (full 0):
 garbage-first heap   total 164864K, used 135857K [0x00000000a0000000, 0x0000000100000000)
  region size 1024K, 21 young (21504K), 3 survivors (3072K)
 Metaspace       used 94024K, committed 94976K, reserved 1138688K
  class space    used 12840K, committed 13248K, reserved 1048576K
}
Event: 36.231 GC heap after
{Heap after GC invocations=73 (full 0):
 garbage-first heap   total 164864K, used 121207K [0x00000000a0000000, 0x0000000100000000)
  region size 1024K, 3 young (3072K), 3 survivors (3072K)
 Metaspace       used 94024K, committed 94976K, reserved 1138688K
  class space    used 12840K, committed 13248K, reserved 1048576K
}

Dll operation events (2 events):
Event: 0.015 Loaded shared library C:\Program Files\Android\Android Studio\jbr\bin\java.dll
Event: 0.658 Loaded shared library C:\Program Files\Android\Android Studio\jbr\bin\verify.dll

Deoptimization events (20 events):
Event: 38.130 Thread 0x0000023aa89bf040 Uncommon trap: trap_request=0xffffff45 fr.pc=0x0000023a8f7ec548 relative=0x0000000000000568
Event: 38.130 Thread 0x0000023aa89bf040 Uncommon trap: reason=unstable_if action=reinterpret pc=0x0000023a8f7ec548 method=org.gradle.internal.logging.text.AbstractLineChoppingStyledTextOutput$2.execute(Lorg/gradle/internal/logging/text/AbstractLineChoppingStyledTextOutput$StateContext;)V @ 34 c
Event: 38.130 Thread 0x0000023aa89bf040 DEOPT PACKING pc=0x0000023a8f7ec548 sp=0x000000d2507fe0b0
Event: 38.130 Thread 0x0000023aa89bf040 DEOPT UNPACKING pc=0x0000023a8f1669a3 sp=0x000000d2507fdfb0 mode 2
Event: 38.130 Thread 0x0000023aa89bf040 Uncommon trap: trap_request=0xffffff45 fr.pc=0x0000023a8f7ed190 relative=0x00000000000003b0
Event: 38.130 Thread 0x0000023aa89bf040 Uncommon trap: reason=unstable_if action=reinterpret pc=0x0000023a8f7ed190 method=org.gradle.internal.logging.text.AbstractLineChoppingStyledTextOutput$2.execute(Lorg/gradle/internal/logging/text/AbstractLineChoppingStyledTextOutput$StateContext;)V @ 34 c
Event: 38.130 Thread 0x0000023aa89bf040 DEOPT PACKING pc=0x0000023a8f7ed190 sp=0x000000d2507fe010
Event: 38.130 Thread 0x0000023aa89bf040 DEOPT UNPACKING pc=0x0000023a8f1669a3 sp=0x000000d2507fdfd0 mode 2
Event: 38.131 Thread 0x0000023aa89bf040 Uncommon trap: trap_request=0xffffffc6 fr.pc=0x0000023a8f9f19c4 relative=0x0000000000000844
Event: 38.131 Thread 0x0000023aa89bf040 Uncommon trap: reason=bimorphic_or_optimized_type_check action=maybe_recompile pc=0x0000023a8f9f19c4 method=java.io.BufferedInputStream.read1([BII)I @ 39 c2
Event: 38.131 Thread 0x0000023aa89bf040 DEOPT PACKING pc=0x0000023a8f9f19c4 sp=0x000000d2507fefe0
Event: 38.131 Thread 0x0000023aa89bf040 DEOPT UNPACKING pc=0x0000023a8f1669a3 sp=0x000000d2507feef8 mode 2
Event: 38.150 Thread 0x0000023aa89bf040 Uncommon trap: trap_request=0xffffffc6 fr.pc=0x0000023a8f77124c relative=0x000000000000020c
Event: 38.150 Thread 0x0000023aa89bf040 Uncommon trap: reason=bimorphic_or_optimized_type_check action=maybe_recompile pc=0x0000023a8f77124c method=java.io.BufferedInputStream.read1([BII)I @ 39 c2
Event: 38.150 Thread 0x0000023aa89bf040 DEOPT PACKING pc=0x0000023a8f77124c sp=0x000000d2507fef40
Event: 38.150 Thread 0x0000023aa89bf040 DEOPT UNPACKING pc=0x0000023a8f1669a3 sp=0x000000d2507feee8 mode 2
Event: 65.281 Thread 0x0000023aa89be6a0 DEOPT PACKING pc=0x0000023a87f07764 sp=0x000000d2506fdf70
Event: 65.286 Thread 0x0000023aa89be6a0 DEOPT UNPACKING pc=0x0000023a8f167143 sp=0x000000d2506fd440 mode 0
Event: 65.287 Thread 0x0000023aa89be6a0 DEOPT PACKING pc=0x0000023a87f08783 sp=0x000000d2506fd710
Event: 65.288 Thread 0x0000023aa89be6a0 DEOPT UNPACKING pc=0x0000023a8f167143 sp=0x000000d2506fcb80 mode 0

Classes unloaded (0 events):
No events

Classes redefined (0 events):
No events

Internal exceptions (20 events):
Event: 36.274 Thread 0x0000023aa1f17650 Exception <a 'java/lang/ClassNotFoundException'{0x00000000a9f6e3e0}: org/gradle/process/internal/DefaultExecAction_DecoratedBeanInfo> (0x00000000a9f6e3e0) 
thrown [s\src\hotspot\share\classfile\systemDictionary.cpp, line 256]
Event: 36.275 Thread 0x0000023aa1f17650 Exception <a 'java/lang/ClassNotFoundException'{0x00000000a9f7fb08}: org/gradle/process/internal/DefaultExecActionBeanInfo> (0x00000000a9f7fb08) 
thrown [s\src\hotspot\share\classfile\systemDictionary.cpp, line 256]
Event: 36.276 Thread 0x0000023aa1f17650 Exception <a 'java/lang/ClassNotFoundException'{0x00000000a9f91e90}: org/gradle/process/internal/DefaultExecHandleBuilderBeanInfo> (0x00000000a9f91e90) 
thrown [s\src\hotspot\share\classfile\systemDictionary.cpp, line 256]
Event: 36.277 Thread 0x0000023aa1f17650 Exception <a 'java/lang/ClassNotFoundException'{0x00000000a9fa4500}: org/gradle/process/internal/AbstractExecHandleBuilderBeanInfo> (0x00000000a9fa4500) 
thrown [s\src\hotspot\share\classfile\systemDictionary.cpp, line 256]
Event: 36.279 Thread 0x0000023aa1f17650 Exception <a 'java/lang/ClassNotFoundException'{0x00000000a9fb7618}: org/gradle/process/internal/DefaultProcessForkOptionsBeanInfo> (0x00000000a9fb7618) 
thrown [s\src\hotspot\share\classfile\systemDictionary.cpp, line 256]
Event: 36.283 Thread 0x0000023aa1f17650 Exception <a 'java/lang/ClassNotFoundException'{0x00000000a9fc9fa0}: org/gradle/process/internal/DefaultProcessForkOptionsCustomizer> (0x00000000a9fc9fa0) 
thrown [s\src\hotspot\share\classfile\systemDictionary.cpp, line 256]
Event: 36.285 Thread 0x0000023aa1f17650 Exception <a 'java/lang/ClassNotFoundException'{0x00000000a9fe9df8}: org/gradle/process/internal/AbstractExecHandleBuilderCustomizer> (0x00000000a9fe9df8) 
thrown [s\src\hotspot\share\classfile\systemDictionary.cpp, line 256]
Event: 36.287 Thread 0x0000023aa1f17650 Exception <a 'java/lang/ClassNotFoundException'{0x00000000a9e0e918}: org/gradle/process/internal/DefaultExecHandleBuilderCustomizer> (0x00000000a9e0e918) 
thrown [s\src\hotspot\share\classfile\systemDictionary.cpp, line 256]
Event: 36.290 Thread 0x0000023aa1f17650 Exception <a 'java/lang/ClassNotFoundException'{0x00000000a9e4e610}: org/gradle/process/internal/DefaultExecActionCustomizer> (0x00000000a9e4e610) 
thrown [s\src\hotspot\share\classfile\systemDictionary.cpp, line 256]
Event: 36.291 Thread 0x0000023aa1f17650 Exception <a 'java/lang/ClassNotFoundException'{0x00000000a9e69d10}: org/gradle/process/internal/DefaultExecAction_DecoratedCustomizer> (0x00000000a9e69d10) 
thrown [s\src\hotspot\share\classfile\systemDictionary.cpp, line 256]
Event: 36.298 Thread 0x0000023aa1f17650 Exception <a 'java/lang/ClassNotFoundException'{0x00000000a9ea2728}: org/gradle/api/logging/LogLevelBeanInfo> (0x00000000a9ea2728) 
thrown [s\src\hotspot\share\classfile\systemDictionary.cpp, line 256]
Event: 36.302 Thread 0x0000023aa1f17650 Exception <a 'java/lang/ClassNotFoundException'{0x00000000a9eb34f8}: org/gradle/api/logging/LogLevelCustomizer> (0x00000000a9eb34f8) 
thrown [s\src\hotspot\share\classfile\systemDictionary.cpp, line 256]
Event: 36.307 Thread 0x0000023aa1f17650 Exception <a 'java/lang/ClassNotFoundException'{0x00000000a9d1cbd0}: org/gradle/internal/logging/services/DefaultLoggingManagerBeanInfo> (0x00000000a9d1cbd0) 
thrown [s\src\hotspot\share\classfile\systemDictionary.cpp, line 256]
Event: 36.308 Thread 0x0000023aa1f17650 Exception <a 'java/lang/ClassNotFoundException'{0x00000000a9d2e2f0}: org/gradle/internal/logging/services/DefaultLoggingManagerCustomizer> (0x00000000a9d2e2f0) 
thrown [s\src\hotspot\share\classfile\systemDictionary.cpp, line 256]
Event: 36.313 Thread 0x0000023aa1f17650 Exception <a 'java/lang/ClassNotFoundException'{0x00000000a9d5f6f0}: java/lang/BooleanBeanInfo> (0x00000000a9d5f6f0) 
thrown [s\src\hotspot\share\classfile\systemDictionary.cpp, line 256]
Event: 36.313 Thread 0x0000023aa1f17650 Exception <a 'java/lang/ClassNotFoundException'{0x00000000a9d66758}: java/lang/BooleanCustomizer> (0x00000000a9d66758) 
thrown [s\src\hotspot\share\classfile\systemDictionary.cpp, line 256]
Event: 36.497 Thread 0x0000023aa89c5550 Exception <a 'java/lang/NoSuchMethodError'{0x00000000a9dd0e18}: 'void java.lang.invoke.DirectMethodHandle$Holder.invokeStatic(java.lang.Object, long)'> (0x00000000a9dd0e18) 
thrown [s\src\hotspot\share\interpreter\linkResolver.cpp, line 771]
Event: 36.498 Thread 0x0000023aa89c5550 Exception <a 'java/lang/NoSuchMethodError'{0x00000000a9dee448}: 'java.lang.Object java.lang.invoke.DirectMethodHandle$Holder.newInvokeSpecial(java.lang.Object, long)'> (0x00000000a9dee448) 
thrown [s\src\hotspot\share\interpreter\linkResolver.cpp, line 771]
Event: 36.501 Thread 0x0000023aa89c5550 Exception <a 'java/lang/NoSuchMethodError'{0x00000000a9df5c60}: 'java.lang.Object java.lang.invoke.DirectMethodHandle$Holder.invokeStatic(java.lang.Object, java.lang.Object, long, java.lang.Object)'> (0x00000000a9df5c60) 
thrown [s\src\hotspot\share\interpreter\linkResolver.cpp, line 771]
Event: 36.501 Thread 0x0000023aa89c5550 Exception <a 'java/lang/NoSuchMethodError'{0x00000000a9df96f8}: 'java.lang.Object java.lang.invoke.DirectMethodHandle$Holder.invokeStaticInit(java.lang.Object, java.lang.Object, long, java.lang.Object)'> (0x00000000a9df96f8) 
thrown [s\src\hotspot\share\interpreter\linkResolver.cpp, line 771]

VM Operations (20 events):
Event: 36.191 Executing VM operation: HandshakeAllThreads
Event: 36.191 Executing VM operation: HandshakeAllThreads done
Event: 36.198 Executing VM operation: HandshakeAllThreads
Event: 36.198 Executing VM operation: HandshakeAllThreads done
Event: 36.200 Executing VM operation: HandshakeAllThreads
Event: 36.207 Executing VM operation: HandshakeAllThreads done
Event: 36.226 Executing VM operation: G1CollectForAllocation
Event: 36.231 Executing VM operation: G1CollectForAllocation done
Event: 36.515 Executing VM operation: HandshakeAllThreads
Event: 36.515 Executing VM operation: HandshakeAllThreads done
Event: 37.515 Executing VM operation: Cleanup
Event: 37.515 Executing VM operation: Cleanup done
Event: 38.515 Executing VM operation: Cleanup
Event: 38.515 Executing VM operation: Cleanup done
Event: 40.527 Executing VM operation: Cleanup
Event: 40.527 Executing VM operation: Cleanup done
Event: 47.568 Executing VM operation: Cleanup
Event: 47.568 Executing VM operation: Cleanup done
Event: 57.629 Executing VM operation: Cleanup
Event: 57.629 Executing VM operation: Cleanup done

Events (20 events):
Event: 36.312 loading class java/lang/BooleanBeanInfo done
Event: 36.313 loading class java/lang/BooleanBeanInfo
Event: 36.313 loading class java/lang/BooleanBeanInfo done
Event: 36.313 loading class java/lang/BooleanCustomizer
Event: 36.313 loading class java/lang/BooleanCustomizer done
Event: 36.313 loading class java/lang/BooleanCustomizer
Event: 36.313 loading class java/lang/BooleanCustomizer done
Event: 36.326 Thread 0x0000023aa89c5550 Thread added: 0x0000023aa89c5550
Event: 36.345 loading class java/lang/ProcessImpl
Event: 36.346 loading class java/lang/ProcessImpl done
Event: 36.499 loading class java/lang/ProcessHandleImpl
Event: 36.499 loading class java/lang/ProcessHandleImpl done
Event: 36.502 loading class java/lang/ProcessImpl$2
Event: 36.502 loading class java/lang/ProcessImpl$2 done
Event: 36.502 loading class java/lang/Process$PipeInputStream
Event: 36.502 loading class java/lang/Process$PipeInputStream done
Event: 36.515 loading class jdk/internal/event/ProcessStartEvent
Event: 36.515 loading class jdk/internal/event/ProcessStartEvent done
Event: 36.517 Thread 0x0000023aa89be6a0 Thread added: 0x0000023aa89be6a0
Event: 36.517 Thread 0x0000023aa89bf040 Thread added: 0x0000023aa89bf040


Dynamic libraries:
0x00007ff78dda0000 - 0x00007ff78ddaa000 	C:\Program Files\Android\Android Studio\jbr\bin\java.exe
0x00007ffd82220000 - 0x00007ffd82429000 	C:\Windows\SYSTEM32\ntdll.dll
0x00007ffd810c0000 - 0x00007ffd8117d000 	C:\Windows\System32\KERNEL32.DLL
0x00007ffd7f9b0000 - 0x00007ffd7fd34000 	C:\Windows\System32\KERNELBASE.dll
0x00007ffd7fed0000 - 0x00007ffd7ffe1000 	C:\Windows\System32\ucrtbase.dll
0x00007ffd6ea00000 - 0x00007ffd6ea17000 	C:\Program Files\Android\Android Studio\jbr\bin\jli.dll
0x00007ffd80d10000 - 0x00007ffd80ebd000 	C:\Windows\System32\USER32.dll
0x00007ffd7f8e0000 - 0x00007ffd7f906000 	C:\Windows\System32\win32u.dll
0x00007ffd81b40000 - 0x00007ffd81b6a000 	C:\Windows\System32\GDI32.dll
0x00007ffd7fdb0000 - 0x00007ffd7fece000 	C:\Windows\System32\gdi32full.dll
0x00007ffd7f910000 - 0x00007ffd7f9ad000 	C:\Windows\System32\msvcp_win.dll
0x00007ffd72be0000 - 0x00007ffd72bfb000 	C:\Program Files\Android\Android Studio\jbr\bin\VCRUNTIME140.dll
0x00007ffd71620000 - 0x00007ffd718c5000 	C:\Windows\WinSxS\amd64_microsoft.windows.common-controls_6595b64144ccf1df_6.0.22000.120_none_9d947278b86cc467\COMCTL32.dll
0x00007ffd81be0000 - 0x00007ffd81c83000 	C:\Windows\System32\msvcrt.dll
0x00007ffd803d0000 - 0x00007ffd80401000 	C:\Windows\System32\IMM32.DLL
0x00007ffd7c320000 - 0x00007ffd7c32c000 	C:\Program Files\Android\Android Studio\jbr\bin\vcruntime140_1.dll
0x00007ffd6ec40000 - 0x00007ffd6eccd000 	C:\Program Files\Android\Android Studio\jbr\bin\msvcp140.dll
0x00007ffd4c530000 - 0x00007ffd4d19e000 	C:\Program Files\Android\Android Studio\jbr\bin\server\jvm.dll
0x00007ffd80150000 - 0x00007ffd801fe000 	C:\Windows\System32\ADVAPI32.dll
0x00007ffd80200000 - 0x00007ffd8029e000 	C:\Windows\System32\sechost.dll
0x00007ffd802a0000 - 0x00007ffd803c1000 	C:\Windows\System32\RPCRT4.dll
0x00007ffd79e80000 - 0x00007ffd79e89000 	C:\Windows\SYSTEM32\WSOCK32.dll
0x00007ffd81b70000 - 0x00007ffd81bdf000 	C:\Windows\System32\WS2_32.dll
0x00007ffd76fb0000 - 0x00007ffd76fe3000 	C:\Windows\SYSTEM32\WINMM.dll
0x00007ffd79a00000 - 0x00007ffd79a0a000 	C:\Windows\SYSTEM32\VERSION.dll
0x00007ffd7e720000 - 0x00007ffd7e738000 	C:\Windows\SYSTEM32\kernel.appcore.dll
0x00007ffd79e00000 - 0x00007ffd79e0a000 	C:\Program Files\Android\Android Studio\jbr\bin\jimage.dll
0x00007ffd72d70000 - 0x00007ffd72f91000 	C:\Windows\SYSTEM32\DBGHELP.DLL
0x00007ffd70300000 - 0x00007ffd70331000 	C:\Windows\SYSTEM32\dbgcore.DLL
0x00007ffd7fff0000 - 0x00007ffd8006f000 	C:\Windows\System32\bcryptPrimitives.dll
0x00007ffd75020000 - 0x00007ffd75045000 	C:\Program Files\Android\Android Studio\jbr\bin\java.dll
0x00007ffd75000000 - 0x00007ffd75018000 	C:\Program Files\Android\Android Studio\jbr\bin\zip.dll
0x00007ffd80420000 - 0x00007ffd80be5000 	C:\Windows\System32\SHELL32.dll
0x00007ffd7d780000 - 0x00007ffd7dfe2000 	C:\Windows\SYSTEM32\windows.storage.dll
0x00007ffd81c90000 - 0x00007ffd82006000 	C:\Windows\System32\combase.dll
0x00007ffd7d610000 - 0x00007ffd7d777000 	C:\Windows\SYSTEM32\wintypes.dll
0x00007ffd811a0000 - 0x00007ffd8128a000 	C:\Windows\System32\SHCORE.dll
0x00007ffd800e0000 - 0x00007ffd8013d000 	C:\Windows\System32\shlwapi.dll
0x00007ffd7f5e0000 - 0x00007ffd7f605000 	C:\Windows\SYSTEM32\profapi.dll
0x00007ffd6f7f0000 - 0x00007ffd6f809000 	C:\Program Files\Android\Android Studio\jbr\bin\net.dll
0x00007ffd7a290000 - 0x00007ffd7a3a4000 	C:\Windows\SYSTEM32\WINHTTP.dll
0x00007ffd7ebd0000 - 0x00007ffd7ec37000 	C:\Windows\system32\mswsock.dll
0x00007ffd6f170000 - 0x00007ffd6f186000 	C:\Program Files\Android\Android Studio\jbr\bin\nio.dll
0x00007ffd74750000 - 0x00007ffd74760000 	C:\Program Files\Android\Android Studio\jbr\bin\verify.dll
0x00007ffd79110000 - 0x00007ffd79137000 	C:\Users\MANOEL\.gradle\native\e1d6ef7f7dcc3fd88c89a11ec53ec762bb8ba0a96d01ffa2cd45eb1d1d8dd5c5\windows-amd64\native-platform.dll
0x00007ffd5df30000 - 0x00007ffd5e074000 	C:\Users\MANOEL\.gradle\native\0d407fdbe67a94daf76414ababcb853783967236a71b16ec16e742cd7a986fd3\windows-amd64\native-platform-file-events.dll
0x00007ffd743d0000 - 0x00007ffd743d9000 	C:\Program Files\Android\Android Studio\jbr\bin\management.dll
0x00007ffd72b50000 - 0x00007ffd72b5b000 	C:\Program Files\Android\Android Studio\jbr\bin\management_ext.dll
0x00007ffd80410000 - 0x00007ffd80418000 	C:\Windows\System32\PSAPI.DLL
0x00007ffd7ee10000 - 0x00007ffd7ee28000 	C:\Windows\SYSTEM32\CRYPTSP.dll
0x00007ffd7e680000 - 0x00007ffd7e6b5000 	C:\Windows\system32\rsaenh.dll
0x00007ffd7ecc0000 - 0x00007ffd7ecec000 	C:\Windows\SYSTEM32\USERENV.dll
0x00007ffd7ef90000 - 0x00007ffd7efb7000 	C:\Windows\SYSTEM32\bcrypt.dll
0x00007ffd7ee30000 - 0x00007ffd7ee3c000 	C:\Windows\SYSTEM32\CRYPTBASE.dll
0x00007ffd7e240000 - 0x00007ffd7e26d000 	C:\Windows\SYSTEM32\IPHLPAPI.DLL
0x00007ffd80fa0000 - 0x00007ffd80fa9000 	C:\Windows\System32\NSI.dll
0x00007ffd79de0000 - 0x00007ffd79df9000 	C:\Windows\SYSTEM32\dhcpcsvc6.DLL
0x00007ffd7a410000 - 0x00007ffd7a42e000 	C:\Windows\SYSTEM32\dhcpcsvc.DLL
0x00007ffd7e2b0000 - 0x00007ffd7e397000 	C:\Windows\SYSTEM32\DNSAPI.dll
0x00007ffd71950000 - 0x00007ffd71958000 	C:\Windows\system32\wshunix.dll

dbghelp: loaded successfully - version: 4.0.5 - missing functions: none
symbol engine: initialized successfully - sym options: 0x614 - pdb path: .;C:\Program Files\Android\Android Studio\jbr\bin;C:\Windows\SYSTEM32;C:\Windows\WinSxS\amd64_microsoft.windows.common-controls_6595b64144ccf1df_6.0.22000.120_none_9d947278b86cc467;C:\Program Files\Android\Android Studio\jbr\bin\server;C:\Users\MANOEL\.gradle\native\e1d6ef7f7dcc3fd88c89a11ec53ec762bb8ba0a96d01ffa2cd45eb1d1d8dd5c5\windows-amd64;C:\Users\MANOEL\.gradle\native\0d407fdbe67a94daf76414ababcb853783967236a71b16ec16e742cd7a986fd3\windows-amd64

VM Arguments:
jvm_args: --add-opens=java.base/java.util=ALL-UNNAMED --add-opens=java.base/java.lang=ALL-UNNAMED --add-opens=java.base/java.lang.invoke=ALL-UNNAMED --add-opens=java.base/java.util=ALL-UNNAMED --add-opens=java.prefs/java.util.prefs=ALL-UNNAMED --add-opens=java.prefs/java.util.prefs=ALL-UNNAMED --add-opens=java.base/java.nio.charset=ALL-UNNAMED --add-opens=java.base/java.net=ALL-UNNAMED --add-opens=java.base/java.util.concurrent.atomic=ALL-UNNAMED -Xmx1536M -Dfile.encoding=windows-1252 -Duser.country=BR -Duser.language=pt -Duser.variant 
java_command: org.gradle.launcher.daemon.bootstrap.GradleDaemon 7.5
java_class_path (initial): C:\Users\MANOEL\.gradle\wrapper\dists\gradle-7.5-all\6qsw290k5lz422uaf8jf6m7co\gradle-7.5\lib\gradle-launcher-7.5.jar
Launcher Type: SUN_STANDARD

[Global flags]
     intx CICompilerCount                          = 4                                         {product} {ergonomic}
     uint ConcGCThreads                            = 2                                         {product} {ergonomic}
     uint G1ConcRefinementThreads                  = 8                                         {product} {ergonomic}
   size_t G1HeapRegionSize                         = 1048576                                   {product} {ergonomic}
    uintx GCDrainStackTargetSize                   = 64                                        {product} {ergonomic}
   size_t InitialHeapSize                          = 134217728                                 {product} {ergonomic}
   size_t MarkStackSize                            = 4194304                                   {product} {ergonomic}
   size_t MaxHeapSize                              = 1610612736                                {product} {command line}
   size_t MaxNewSize                               = 965738496                                 {product} {ergonomic}
   size_t MinHeapDeltaBytes                        = 1048576                                   {product} {ergonomic}
   size_t MinHeapSize                              = 8388608                                   {product} {ergonomic}
    uintx NonNMethodCodeHeapSize                   = 5839372                                {pd product} {ergonomic}
    uintx NonProfiledCodeHeapSize                  = 122909434                              {pd product} {ergonomic}
    uintx ProfiledCodeHeapSize                     = 122909434                              {pd product} {ergonomic}
    uintx ReservedCodeCacheSize                    = 251658240                              {pd product} {ergonomic}
     bool SegmentedCodeCache                       = true                                      {product} {ergonomic}
   size_t SoftMaxHeapSize                          = 1610612736                             {manageable} {ergonomic}
     bool UseCompressedClassPointers               = true                           {product lp64_product} {ergonomic}
     bool UseCompressedOops                        = true                           {product lp64_product} {ergonomic}
     bool UseG1GC                                  = true                                      {product} {ergonomic}
     bool UseLargePagesIndividualAllocation        = false                                  {pd product} {ergonomic}

Logging:
Log output configuration:
 #0: stdout all=warning uptime,level,tags
 #1: stderr all=off uptime,level,tags

Environment Variables:
JAVA_HOME=C:\Program Files\Android\Android Studio\jbr
CLASSPATH=C:\Users\MANOEL\Downloads\new_project-20231216T135148Z-001\new_project\android\\gradle\wrapper\gradle-wrapper.jar
PATH=C:\Program Files\Android\Android Studio\jbr\bin;C:\Windows\system32;C:\Windows;C:\Windows\System32\Wbem;C:\Windows\System32\WindowsPowerShell\v1.0\;C:\Windows\System32\OpenSSH\;C:\Program Files\gs\gs10.00.0\bin;C:\Program Files (x86)\NVIDIA Corporation\PhysX\Common;C:\Program Files\nodejs\;C:\Users\MANOEL\AppData\Local\Microsoft\WindowsApps;;C:\Users\MANOEL\AppData\Local\Programs\Microsoft VS Code\bin;C:\Users\MANOEL\AppData\Roaming\npm;C:\Users\MANOEL\Downloads\flutter_windows_3.16.2-stable\flutter\bin\mingit\cmd
USERNAME=MANOEL
OS=Windows_NT
PROCESSOR_IDENTIFIER=Intel64 Family 6 Model 165 Stepping 3, GenuineIntel
TMP=C:\Users\MANOEL\AppData\Local\Temp
TEMP=C:\Users\MANOEL\AppData\Local\Temp


JNI global refs:
JNI global refs: 24, weak refs: 1

JNI global refs memory usage: 843, weak refs: 841


---------------  S Y S T E M  ---------------

OS:
 Windows 11 , 64 bit Build 22000 (10.0.22000.2360)
OS uptime: 8 days 16:24 hours

CPU: total 8 (initial active 8) (4 cores per cpu, 2 threads per core) family 6 model 165 stepping 3 microcode 0xe0, cx8, cmov, fxsr, ht, mmx, 3dnowpref, sse, sse2, sse3, ssse3, sse4.1, sse4.2, popcnt, lzcnt, tsc, tscinvbit, avx, avx2, aes, erms, clmul, bmi1, bmi2, adx, fma, vzeroupper, clflush, clflushopt

Memory: 4k page, system-wide physical 8101M (542M free)
TotalPageFile size 14938M (AvailPageFile size 130M)
current process WorkingSet (physical memory assigned to process): 66M, peak: 425M
current process commit charge ("private bytes"): 442M, peak: 469M

vm_info: OpenJDK 64-Bit Server VM (17.0.6+0-b2043.56-10027231) for windows-amd64 JRE (17.0.6+0-b2043.56-10027231), built on Apr 28 2023 00:43:19 by "androidbuild" with MS VC++ 16.10 / 16.11 (VS2019)

END.
